Information,9/8/2021 7:22:14 PM,Microsoft-Windows-Windows Firewall With Advanced Security,2004,None,"A rule has been added to the Windows Defender Firewall exception list.

Added Rule:
	Rule ID:	{025F9AD8-00AB-44BA-A806-6A0B7B3DFFF0}
	Rule Name:	@{Microsoft.ZuneMusic_10.19071.19011.0_x64__8wekyb3d8bbwe?ms-resource://Microsoft.ZuneMusic/resources/IDS_MANIFEST_MUSIC_APP_NAME}
	Origin:	Local
	Active:	Yes
	Direction:	Inbound
	Profiles:	Private,Domain, Public
	Action:	Block
	Application Path:	
	Service Name:	
	Protocol:	Any
	Security Options:	None
	Edge Traversal:	None
	Modifying User:	NT SERVICE\mpssvc
	Modifying Application:	C:\Windows\System32\svchost.exe"
Information,9/8/2021 7:22:14 PM,Microsoft-Windows-Windows Firewall With Advanced Security,2004,None,"A rule has been added to the Windows Defender Firewall exception list.

Added Rule:
	Rule ID:	{AFBCB225-713D-4AC2-97A8-8FA32ABB7200}
	Rule Name:	@{Microsoft.ZuneVideo_10.19071.19011.0_x64__8wekyb3d8bbwe?ms-resource://Microsoft.ZuneVideo/resources/IDS_MANIFEST_VIDEO_APP_NAME}
	Origin:	Local
	Active:	Yes
	Direction:	Inbound
	Profiles:	Private,Domain
	Action:	Allow
	Application Path:	
	Service Name:	
	Protocol:	Any
	Security Options:	None
	Edge Traversal:	None
	Modifying User:	NT SERVICE\mpssvc
	Modifying Application:	C:\Windows\System32\svchost.exe"
Information,9/8/2021 7:22:14 PM,Microsoft-Windows-Windows Firewall With Advanced Security,2004,None,"A rule has been added to the Windows Defender Firewall exception list.

Added Rule:
	Rule ID:	{2E03EAE3-D104-4807-B672-EA173B639E32}
	Rule Name:	@{Microsoft.ZuneVideo_10.19071.19011.0_x64__8wekyb3d8bbwe?ms-resource://Microsoft.ZuneVideo/resources/IDS_MANIFEST_VIDEO_APP_NAME}
	Origin:	Local
	Active:	Yes
	Direction:	Outbound
	Profiles:	Private,Domain, Public
	Action:	Allow
	Application Path:	
	Service Name:	
	Protocol:	Any
	Security Options:	None
	Edge Traversal:	None
	Modifying User:	NT SERVICE\mpssvc
	Modifying Application:	C:\Windows\System32\svchost.exe"
Information,9/8/2021 7:22:14 PM,Microsoft-Windows-Windows Firewall With Advanced Security,2004,None,"A rule has been added to the Windows Defender Firewall exception list.

Added Rule:
	Rule ID:	{8AFFB75C-8DD6-4F02-8CAD-D7BFC04D606A}
	Rule Name:	@{Microsoft.ZuneVideo_10.19071.19011.0_x64__8wekyb3d8bbwe?ms-resource://Microsoft.ZuneVideo/resources/IDS_MANIFEST_VIDEO_APP_NAME}
	Origin:	Local
	Active:	Yes
	Direction:	Outbound
	Profiles:	Private,Domain, Public
	Action:	Allow
	Application Path:	
	Service Name:	
	Protocol:	Any
	Security Options:	None
	Edge Traversal:	None
	Modifying User:	NT SERVICE\mpssvc
	Modifying Application:	C:\Windows\System32\svchost.exe"
Information,9/8/2021 7:22:14 PM,Microsoft-Windows-Windows Firewall With Advanced Security,2004,None,"A rule has been added to the Windows Defender Firewall exception list.

Added Rule:
	Rule ID:	{3FD0BCF4-C100-493E-9571-67B1919AB4B5}
	Rule Name:	@{Microsoft.ZuneVideo_10.19071.19011.0_x64__8wekyb3d8bbwe?ms-resource://Microsoft.ZuneVideo/resources/IDS_MANIFEST_VIDEO_APP_NAME}
	Origin:	Local
	Active:	Yes
	Direction:	Outbound
	Profiles:	Public, Private
	Action:	Allow
	Application Path:	
	Service Name:	
	Protocol:	Any
	Security Options:	Require Authentication
	Edge Traversal:	None
	Modifying User:	NT SERVICE\mpssvc
	Modifying Application:	C:\Windows\System32\svchost.exe"
Information,9/8/2021 7:22:14 PM,Microsoft-Windows-Windows Firewall With Advanced Security,2004,None,"A rule has been added to the Windows Defender Firewall exception list.

Added Rule:
	Rule ID:	{E81EC9A9-DFD5-4002-A083-B587E309B0DB}
	Rule Name:	@{Microsoft.ZuneVideo_10.19071.19011.0_x64__8wekyb3d8bbwe?ms-resource://Microsoft.ZuneVideo/resources/IDS_MANIFEST_VIDEO_APP_NAME}
	Origin:	Local
	Active:	Yes
	Direction:	Inbound
	Profiles:	Public, Private
	Action:	Allow
	Application Path:	
	Service Name:	
	Protocol:	Any
	Security Options:	Require Authentication
	Edge Traversal:	None
	Modifying User:	NT SERVICE\mpssvc
	Modifying Application:	C:\Windows\System32\svchost.exe"
Information,9/8/2021 7:22:14 PM,Microsoft-Windows-Windows Firewall With Advanced Security,2004,None,"A rule has been added to the Windows Defender Firewall exception list.

Added Rule:
	Rule ID:	{45048D59-7E0C-4BDE-BDC3-C9F4B9450B50}
	Rule Name:	@{Microsoft.ZuneVideo_10.19071.19011.0_x64__8wekyb3d8bbwe?ms-resource://Microsoft.ZuneVideo/resources/IDS_MANIFEST_VIDEO_APP_NAME}
	Origin:	Local
	Active:	Yes
	Direction:	Outbound
	Profiles:	Private,Domain, Public
	Action:	Allow
	Application Path:	
	Service Name:	
	Protocol:	Any
	Security Options:	None
	Edge Traversal:	None
	Modifying User:	NT SERVICE\mpssvc
	Modifying Application:	C:\Windows\System32\svchost.exe"
Information,9/8/2021 7:22:14 PM,Microsoft-Windows-Windows Firewall With Advanced Security,2004,None,"A rule has been added to the Windows Defender Firewall exception list.

Added Rule:
	Rule ID:	{5778F445-E10A-4A9A-8EB0-5762A06646FA}
	Rule Name:	@{Microsoft.ZuneVideo_10.19071.19011.0_x64__8wekyb3d8bbwe?ms-resource://Microsoft.ZuneVideo/resources/IDS_MANIFEST_VIDEO_APP_NAME}
	Origin:	Local
	Active:	Yes
	Direction:	Inbound
	Profiles:	Private,Domain, Public
	Action:	Allow
	Application Path:	
	Service Name:	
	Protocol:	Any
	Security Options:	None
	Edge Traversal:	None
	Modifying User:	NT SERVICE\mpssvc
	Modifying Application:	C:\Windows\System32\svchost.exe"
Information,9/8/2021 7:22:14 PM,Microsoft-Windows-Windows Firewall With Advanced Security,2004,None,"A rule has been added to the Windows Defender Firewall exception list.

Added Rule:
	Rule ID:	{D6911C10-C078-4436-A71A-3FC3AAD7A8D3}
	Rule Name:	@{Microsoft.ZuneVideo_10.19071.19011.0_x64__8wekyb3d8bbwe?ms-resource://Microsoft.ZuneVideo/resources/IDS_MANIFEST_VIDEO_APP_NAME}
	Origin:	Local
	Active:	Yes
	Direction:	Outbound
	Profiles:	Private,Domain, Public
	Action:	Block
	Application Path:	
	Service Name:	
	Protocol:	Any
	Security Options:	None
	Edge Traversal:	None
	Modifying User:	NT SERVICE\mpssvc
	Modifying Application:	C:\Windows\System32\svchost.exe"
Information,9/8/2021 7:22:14 PM,Microsoft-Windows-Windows Firewall With Advanced Security,2004,None,"A rule has been added to the Windows Defender Firewall exception list.

Added Rule:
	Rule ID:	{F8ED17EB-1B4A-485B-9A42-A1150223E1F4}
	Rule Name:	@{Microsoft.ZuneVideo_10.19071.19011.0_x64__8wekyb3d8bbwe?ms-resource://Microsoft.ZuneVideo/resources/IDS_MANIFEST_VIDEO_APP_NAME}
	Origin:	Local
	Active:	Yes
	Direction:	Inbound
	Profiles:	Private,Domain, Public
	Action:	Block
	Application Path:	
	Service Name:	
	Protocol:	Any
	Security Options:	None
	Edge Traversal:	None
	Modifying User:	NT SERVICE\mpssvc
	Modifying Application:	C:\Windows\System32\svchost.exe"
Information,9/8/2021 7:22:12 PM,Microsoft-Windows-Windows Firewall With Advanced Security,2004,None,"A rule has been added to the Windows Defender Firewall exception list.

Added Rule:
	Rule ID:	{19FD0B2A-AA26-4D57-9225-9655868AA539}
	Rule Name:	Skype
	Origin:	Local
	Active:	Yes
	Direction:	Inbound
	Profiles:	Private,Domain
	Action:	Allow
	Application Path:	
	Service Name:	
	Protocol:	Any
	Security Options:	None
	Edge Traversal:	None
	Modifying User:	NT SERVICE\mpssvc
	Modifying Application:	C:\Windows\System32\svchost.exe"
Information,9/8/2021 7:22:12 PM,Microsoft-Windows-Windows Firewall With Advanced Security,2004,None,"A rule has been added to the Windows Defender Firewall exception list.

Added Rule:
	Rule ID:	{E9DA56F5-B36D-46B6-87C0-8F27DE2D9444}
	Rule Name:	Skype
	Origin:	Local
	Active:	Yes
	Direction:	Outbound
	Profiles:	Private,Domain, Public
	Action:	Allow
	Application Path:	
	Service Name:	
	Protocol:	Any
	Security Options:	None
	Edge Traversal:	None
	Modifying User:	NT SERVICE\mpssvc
	Modifying Application:	C:\Windows\System32\svchost.exe"
Information,9/8/2021 7:22:12 PM,Microsoft-Windows-Windows Firewall With Advanced Security,2004,None,"A rule has been added to the Windows Defender Firewall exception list.

Added Rule:
	Rule ID:	{6450732B-0FCE-4C24-987C-402C7C2A769F}
	Rule Name:	Skype
	Origin:	Local
	Active:	Yes
	Direction:	Outbound
	Profiles:	Private,Domain, Public
	Action:	Allow
	Application Path:	
	Service Name:	
	Protocol:	Any
	Security Options:	None
	Edge Traversal:	None
	Modifying User:	NT SERVICE\mpssvc
	Modifying Application:	C:\Windows\System32\svchost.exe"
Information,9/8/2021 7:22:12 PM,Microsoft-Windows-Windows Firewall With Advanced Security,2004,None,"A rule has been added to the Windows Defender Firewall exception list.

Added Rule:
	Rule ID:	{4B6A3D1E-16FB-4ADA-A854-A168BB5B74D3}
	Rule Name:	Skype
	Origin:	Local
	Active:	Yes
	Direction:	Outbound
	Profiles:	Public, Private
	Action:	Allow
	Application Path:	
	Service Name:	
	Protocol:	Any
	Security Options:	Require Authentication
	Edge Traversal:	None
	Modifying User:	NT SERVICE\mpssvc
	Modifying Application:	C:\Windows\System32\svchost.exe"
Information,9/8/2021 7:22:12 PM,Microsoft-Windows-Windows Firewall With Advanced Security,2004,None,"A rule has been added to the Windows Defender Firewall exception list.

Added Rule:
	Rule ID:	{AC87C1FD-3F5D-4B68-A195-D073EC1CAE7D}
	Rule Name:	Skype
	Origin:	Local
	Active:	Yes
	Direction:	Inbound
	Profiles:	Public, Private
	Action:	Allow
	Application Path:	
	Service Name:	
	Protocol:	Any
	Security Options:	Require Authentication
	Edge Traversal:	None
	Modifying User:	NT SERVICE\mpssvc
	Modifying Application:	C:\Windows\System32\svchost.exe"
Information,9/8/2021 7:22:12 PM,Microsoft-Windows-Windows Firewall With Advanced Security,2004,None,"A rule has been added to the Windows Defender Firewall exception list.

Added Rule:
	Rule ID:	{0E2A08A5-3007-420F-B51A-48049E3769E6}
	Rule Name:	Skype
	Origin:	Local
	Active:	Yes
	Direction:	Outbound
	Profiles:	Private,Domain, Public
	Action:	Allow
	Application Path:	
	Service Name:	
	Protocol:	Any
	Security Options:	None
	Edge Traversal:	None
	Modifying User:	NT SERVICE\mpssvc
	Modifying Application:	C:\Windows\System32\svchost.exe"
Information,9/8/2021 7:22:12 PM,Microsoft-Windows-Windows Firewall With Advanced Security,2004,None,"A rule has been added to the Windows Defender Firewall exception list.

Added Rule:
	Rule ID:	{4392B0C1-D216-45DA-9356-26B6DC76635E}
	Rule Name:	Skype
	Origin:	Local
	Active:	Yes
	Direction:	Inbound
	Profiles:	Private,Domain, Public
	Action:	Allow
	Application Path:	
	Service Name:	
	Protocol:	Any
	Security Options:	None
	Edge Traversal:	None
	Modifying User:	NT SERVICE\mpssvc
	Modifying Application:	C:\Windows\System32\svchost.exe"
Information,9/8/2021 7:22:12 PM,Microsoft-Windows-Windows Firewall With Advanced Security,2004,None,"A rule has been added to the Windows Defender Firewall exception list.

Added Rule:
	Rule ID:	{C01DD1C7-5DE9-4420-83E9-D966646F2BF9}
	Rule Name:	Skype
	Origin:	Local
	Active:	Yes
	Direction:	Outbound
	Profiles:	Private,Domain, Public
	Action:	Block
	Application Path:	
	Service Name:	
	Protocol:	Any
	Security Options:	None
	Edge Traversal:	None
	Modifying User:	NT SERVICE\mpssvc
	Modifying Application:	C:\Windows\System32\svchost.exe"
Information,9/8/2021 7:22:12 PM,Microsoft-Windows-Windows Firewall With Advanced Security,2004,None,"A rule has been added to the Windows Defender Firewall exception list.

Added Rule:
	Rule ID:	{90E0589E-BAE8-4FDF-9F0D-7369DD5B398A}
	Rule Name:	Skype
	Origin:	Local
	Active:	Yes
	Direction:	Inbound
	Profiles:	Private,Domain, Public
	Action:	Block
	Application Path:	
	Service Name:	
	Protocol:	Any
	Security Options:	None
	Edge Traversal:	None
	Modifying User:	NT SERVICE\mpssvc
	Modifying Application:	C:\Windows\System32\svchost.exe"
Information,9/8/2021 7:22:12 PM,Microsoft-Windows-Windows Firewall With Advanced Security,2004,None,"A rule has been added to the Windows Defender Firewall exception list.

Added Rule:
	Rule ID:	{6036E51D-6528-4ACF-A350-CBF139EC4B39}
	Rule Name:	@{Microsoft.WindowsAlarms_10.1906.2182.0_x64__8wekyb3d8bbwe?ms-resource://Microsoft.WindowsAlarms/Resources/AppStoreName}
	Origin:	Local
	Active:	Yes
	Direction:	Outbound
	Profiles:	Private,Domain, Public
	Action:	Block
	Application Path:	
	Service Name:	
	Protocol:	Any
	Security Options:	None
	Edge Traversal:	None
	Modifying User:	NT SERVICE\mpssvc
	Modifying Application:	C:\Windows\System32\svchost.exe"
Information,9/8/2021 7:22:12 PM,Microsoft-Windows-Windows Firewall With Advanced Security,2004,None,"A rule has been added to the Windows Defender Firewall exception list.

Added Rule:
	Rule ID:	{F86183CB-9CF1-4183-B3D9-E07CB139C821}
	Rule Name:	@{Microsoft.WindowsAlarms_10.1906.2182.0_x64__8wekyb3d8bbwe?ms-resource://Microsoft.WindowsAlarms/Resources/AppStoreName}
	Origin:	Local
	Active:	Yes
	Direction:	Inbound
	Profiles:	Private,Domain, Public
	Action:	Block
	Application Path:	
	Service Name:	
	Protocol:	Any
	Security Options:	None
	Edge Traversal:	None
	Modifying User:	NT SERVICE\mpssvc
	Modifying Application:	C:\Windows\System32\svchost.exe"
Information,9/8/2021 7:22:11 PM,Microsoft-Windows-Windows Firewall With Advanced Security,2004,None,"A rule has been added to the Windows Defender Firewall exception list.

Added Rule:
	Rule ID:	{664CE569-3E11-4E32-A6BD-021323703380}
	Rule Name:	@{Microsoft.CredDialogHost_10.0.19041.1023_neutral__cw5n1h2txyewy?ms-resource://Microsoft.CredDialogHost/Resources/AppDisplayName}
	Origin:	Local
	Active:	Yes
	Direction:	Outbound
	Profiles:	Private,Domain, Public
	Action:	Block
	Application Path:	
	Service Name:	
	Protocol:	Any
	Security Options:	None
	Edge Traversal:	None
	Modifying User:	NT SERVICE\mpssvc
	Modifying Application:	C:\Windows\System32\svchost.exe"
Information,9/8/2021 7:22:11 PM,Microsoft-Windows-Windows Firewall With Advanced Security,2004,None,"A rule has been added to the Windows Defender Firewall exception list.

Added Rule:
	Rule ID:	{F457D226-E439-4478-B6CD-B8BC4CB9839B}
	Rule Name:	@{Microsoft.CredDialogHost_10.0.19041.1023_neutral__cw5n1h2txyewy?ms-resource://Microsoft.CredDialogHost/Resources/AppDisplayName}
	Origin:	Local
	Active:	Yes
	Direction:	Inbound
	Profiles:	Private,Domain, Public
	Action:	Block
	Application Path:	
	Service Name:	
	Protocol:	Any
	Security Options:	None
	Edge Traversal:	None
	Modifying User:	NT SERVICE\mpssvc
	Modifying Application:	C:\Windows\System32\svchost.exe"
Information,9/8/2021 7:22:11 PM,Microsoft-Windows-Windows Firewall With Advanced Security,2004,None,"A rule has been added to the Windows Defender Firewall exception list.

Added Rule:
	Rule ID:	{3E2532F4-E9D1-4CA0-982C-13E7953D71F2}
	Rule Name:	@{Microsoft.ECApp_10.0.19041.1023_neutral__8wekyb3d8bbwe?ms-resource://Microsoft.ECApp/Resources/AppDisplayName}
	Origin:	Local
	Active:	Yes
	Direction:	Outbound
	Profiles:	Private,Domain, Public
	Action:	Block
	Application Path:	
	Service Name:	
	Protocol:	Any
	Security Options:	None
	Edge Traversal:	None
	Modifying User:	NT SERVICE\mpssvc
	Modifying Application:	C:\Windows\System32\svchost.exe"
Information,9/8/2021 7:22:11 PM,Microsoft-Windows-Windows Firewall With Advanced Security,2004,None,"A rule has been added to the Windows Defender Firewall exception list.

Added Rule:
	Rule ID:	{F3D3B171-BBBC-469E-BE4C-D9BC03820CEA}
	Rule Name:	@{Microsoft.ECApp_10.0.19041.1023_neutral__8wekyb3d8bbwe?ms-resource://Microsoft.ECApp/Resources/AppDisplayName}
	Origin:	Local
	Active:	Yes
	Direction:	Inbound
	Profiles:	Private,Domain, Public
	Action:	Block
	Application Path:	
	Service Name:	
	Protocol:	Any
	Security Options:	None
	Edge Traversal:	None
	Modifying User:	NT SERVICE\mpssvc
	Modifying Application:	C:\Windows\System32\svchost.exe"
Information,9/8/2021 7:22:10 PM,Microsoft-Windows-Windows Firewall With Advanced Security,2004,None,"A rule has been added to the Windows Defender Firewall exception list.

Added Rule:
	Rule ID:	{C7FDB3F2-9FA5-4882-90ED-B092BAB7343F}
	Rule Name:	@{Microsoft.Windows.NarratorQuickStart_10.0.19041.1023_neutral_neutral_8wekyb3d8bbwe?ms-resource://Microsoft.Windows.NarratorQuickStart/Resources/AppDisplayName}
	Origin:	Local
	Active:	Yes
	Direction:	Outbound
	Profiles:	Private,Domain, Public
	Action:	Allow
	Application Path:	
	Service Name:	
	Protocol:	Any
	Security Options:	None
	Edge Traversal:	None
	Modifying User:	NT SERVICE\mpssvc
	Modifying Application:	C:\Windows\System32\svchost.exe"
Information,9/8/2021 7:22:10 PM,Microsoft-Windows-Windows Firewall With Advanced Security,2004,None,"A rule has been added to the Windows Defender Firewall exception list.

Added Rule:
	Rule ID:	{AE692843-BA89-49CC-A3BE-6F460727F4E1}
	Rule Name:	@{Microsoft.Windows.NarratorQuickStart_10.0.19041.1023_neutral_neutral_8wekyb3d8bbwe?ms-resource://Microsoft.Windows.NarratorQuickStart/Resources/AppDisplayName}
	Origin:	Local
	Active:	Yes
	Direction:	Outbound
	Profiles:	Private,Domain, Public
	Action:	Allow
	Application Path:	
	Service Name:	
	Protocol:	Any
	Security Options:	None
	Edge Traversal:	None
	Modifying User:	NT SERVICE\mpssvc
	Modifying Application:	C:\Windows\System32\svchost.exe"
Information,9/8/2021 7:22:10 PM,Microsoft-Windows-Windows Firewall With Advanced Security,2004,None,"A rule has been added to the Windows Defender Firewall exception list.

Added Rule:
	Rule ID:	{85B70622-688A-43A8-B2EE-34AEEB124326}
	Rule Name:	@{Microsoft.Windows.NarratorQuickStart_10.0.19041.1023_neutral_neutral_8wekyb3d8bbwe?ms-resource://Microsoft.Windows.NarratorQuickStart/Resources/AppDisplayName}
	Origin:	Local
	Active:	Yes
	Direction:	Outbound
	Profiles:	Private,Domain, Public
	Action:	Block
	Application Path:	
	Service Name:	
	Protocol:	Any
	Security Options:	None
	Edge Traversal:	None
	Modifying User:	NT SERVICE\mpssvc
	Modifying Application:	C:\Windows\System32\svchost.exe"
Information,9/8/2021 7:22:10 PM,Microsoft-Windows-Windows Firewall With Advanced Security,2004,None,"A rule has been added to the Windows Defender Firewall exception list.

Added Rule:
	Rule ID:	{2A3F9FDA-002F-4578-9524-D236A3881B2A}
	Rule Name:	@{Microsoft.Windows.NarratorQuickStart_10.0.19041.1023_neutral_neutral_8wekyb3d8bbwe?ms-resource://Microsoft.Windows.NarratorQuickStart/Resources/AppDisplayName}
	Origin:	Local
	Active:	Yes
	Direction:	Inbound
	Profiles:	Private,Domain, Public
	Action:	Block
	Application Path:	
	Service Name:	
	Protocol:	Any
	Security Options:	None
	Edge Traversal:	None
	Modifying User:	NT SERVICE\mpssvc
	Modifying Application:	C:\Windows\System32\svchost.exe"
Information,9/8/2021 7:22:10 PM,Microsoft-Windows-Windows Firewall With Advanced Security,2004,None,"A rule has been added to the Windows Defender Firewall exception list.

Added Rule:
	Rule ID:	{63FFBC72-2D2D-4766-8CC9-B79CC4B163DA}
	Rule Name:	@{Microsoft.AsyncTextService_10.0.19041.1023_neutral__8wekyb3d8bbwe?ms-resource://Microsoft.AsyncTextService/Resources/AppDisplayName}
	Origin:	Local
	Active:	Yes
	Direction:	Outbound
	Profiles:	Private,Domain, Public
	Action:	Block
	Application Path:	
	Service Name:	
	Protocol:	Any
	Security Options:	None
	Edge Traversal:	None
	Modifying User:	NT SERVICE\mpssvc
	Modifying Application:	C:\Windows\System32\svchost.exe"
Information,9/8/2021 7:22:10 PM,Microsoft-Windows-Windows Firewall With Advanced Security,2004,None,"A rule has been added to the Windows Defender Firewall exception list.

Added Rule:
	Rule ID:	{2EEBF420-CE3D-4349-84B3-F35DCF16EB10}
	Rule Name:	@{Microsoft.AsyncTextService_10.0.19041.1023_neutral__8wekyb3d8bbwe?ms-resource://Microsoft.AsyncTextService/Resources/AppDisplayName}
	Origin:	Local
	Active:	Yes
	Direction:	Inbound
	Profiles:	Private,Domain, Public
	Action:	Block
	Application Path:	
	Service Name:	
	Protocol:	Any
	Security Options:	None
	Edge Traversal:	None
	Modifying User:	NT SERVICE\mpssvc
	Modifying Application:	C:\Windows\System32\svchost.exe"
Information,9/8/2021 7:22:10 PM,Microsoft-Windows-Windows Firewall With Advanced Security,2004,None,"A rule has been added to the Windows Defender Firewall exception list.

Added Rule:
	Rule ID:	{89324C5A-B8BD-46EC-B70B-B828E19A3F56}
	Rule Name:	@{Microsoft.AccountsControl_10.0.19041.1023_neutral__cw5n1h2txyewy?ms-resource://Microsoft.AccountsControl/Resources/DisplayName}
	Origin:	Local
	Active:	Yes
	Direction:	Outbound
	Profiles:	Private,Domain, Public
	Action:	Allow
	Application Path:	
	Service Name:	
	Protocol:	Any
	Security Options:	None
	Edge Traversal:	None
	Modifying User:	NT SERVICE\mpssvc
	Modifying Application:	C:\Windows\System32\svchost.exe"
Information,9/8/2021 7:22:10 PM,Microsoft-Windows-Windows Firewall With Advanced Security,2004,None,"A rule has been added to the Windows Defender Firewall exception list.

Added Rule:
	Rule ID:	{C9DCFCA6-CE73-429D-8079-5BC1A594D1A7}
	Rule Name:	@{Microsoft.AccountsControl_10.0.19041.1023_neutral__cw5n1h2txyewy?ms-resource://Microsoft.AccountsControl/Resources/DisplayName}
	Origin:	Local
	Active:	Yes
	Direction:	Outbound
	Profiles:	Private,Domain, Public
	Action:	Allow
	Application Path:	
	Service Name:	
	Protocol:	Any
	Security Options:	None
	Edge Traversal:	None
	Modifying User:	NT SERVICE\mpssvc
	Modifying Application:	C:\Windows\System32\svchost.exe"
Information,9/8/2021 7:22:10 PM,Microsoft-Windows-Windows Firewall With Advanced Security,2004,None,"A rule has been added to the Windows Defender Firewall exception list.

Added Rule:
	Rule ID:	{AAB366C0-9C51-4DE8-A0EE-CBDD7709B9EC}
	Rule Name:	@{Microsoft.AccountsControl_10.0.19041.1023_neutral__cw5n1h2txyewy?ms-resource://Microsoft.AccountsControl/Resources/DisplayName}
	Origin:	Local
	Active:	Yes
	Direction:	Outbound
	Profiles:	Private,Domain, Public
	Action:	Block
	Application Path:	
	Service Name:	
	Protocol:	Any
	Security Options:	None
	Edge Traversal:	None
	Modifying User:	NT SERVICE\mpssvc
	Modifying Application:	C:\Windows\System32\svchost.exe"
Information,9/8/2021 7:22:10 PM,Microsoft-Windows-Windows Firewall With Advanced Security,2004,None,"A rule has been added to the Windows Defender Firewall exception list.

Added Rule:
	Rule ID:	{8C4C35A3-090D-4ADD-AFBE-420CF6018692}
	Rule Name:	@{Microsoft.AccountsControl_10.0.19041.1023_neutral__cw5n1h2txyewy?ms-resource://Microsoft.AccountsControl/Resources/DisplayName}
	Origin:	Local
	Active:	Yes
	Direction:	Inbound
	Profiles:	Private,Domain, Public
	Action:	Block
	Application Path:	
	Service Name:	
	Protocol:	Any
	Security Options:	None
	Edge Traversal:	None
	Modifying User:	NT SERVICE\mpssvc
	Modifying Application:	C:\Windows\System32\svchost.exe"
Information,9/8/2021 7:22:09 PM,Microsoft-Windows-Windows Firewall With Advanced Security,2004,None,"A rule has been added to the Windows Defender Firewall exception list.

Added Rule:
	Rule ID:	{1BBA2B52-485F-47C9-B0E1-D069E2F3AF83}
	Rule Name:	@{F46D4000-FD22-4DB4-AC8E-4E1DDDE828FE_10.0.19041.1023_neutral_neutral_cw5n1h2txyewy?ms-resource://F46D4000-FD22-4DB4-AC8E-4E1DDDE828FE/Resources/AppxManifest_DisplayName}
	Origin:	Local
	Active:	Yes
	Direction:	Outbound
	Profiles:	Private,Domain, Public
	Action:	Block
	Application Path:	
	Service Name:	
	Protocol:	Any
	Security Options:	None
	Edge Traversal:	None
	Modifying User:	NT SERVICE\mpssvc
	Modifying Application:	C:\Windows\System32\svchost.exe"
Information,9/8/2021 7:22:09 PM,Microsoft-Windows-Windows Firewall With Advanced Security,2004,None,"A rule has been added to the Windows Defender Firewall exception list.

Added Rule:
	Rule ID:	{1D76D9B8-09C3-47C8-AF0A-B1FC232554FA}
	Rule Name:	@{F46D4000-FD22-4DB4-AC8E-4E1DDDE828FE_10.0.19041.1023_neutral_neutral_cw5n1h2txyewy?ms-resource://F46D4000-FD22-4DB4-AC8E-4E1DDDE828FE/Resources/AppxManifest_DisplayName}
	Origin:	Local
	Active:	Yes
	Direction:	Inbound
	Profiles:	Private,Domain, Public
	Action:	Block
	Application Path:	
	Service Name:	
	Protocol:	Any
	Security Options:	None
	Edge Traversal:	None
	Modifying User:	NT SERVICE\mpssvc
	Modifying Application:	C:\Windows\System32\svchost.exe"
Information,9/8/2021 7:22:09 PM,Microsoft-Windows-Windows Firewall With Advanced Security,2004,None,"A rule has been added to the Windows Defender Firewall exception list.

Added Rule:
	Rule ID:	{16145F76-C0BF-4B2F-93E6-D4B9DA173270}
	Rule Name:	@{E2A4F912-2574-4A75-9BB0-0D023378592B_10.0.19041.1023_neutral_neutral_cw5n1h2txyewy?ms-resource://AppResolverUX/Resources/AppxManifest_DisplayName}
	Origin:	Local
	Active:	Yes
	Direction:	Outbound
	Profiles:	Private,Domain, Public
	Action:	Block
	Application Path:	
	Service Name:	
	Protocol:	Any
	Security Options:	None
	Edge Traversal:	None
	Modifying User:	NT SERVICE\mpssvc
	Modifying Application:	C:\Windows\System32\svchost.exe"
Information,9/8/2021 7:22:09 PM,Microsoft-Windows-Windows Firewall With Advanced Security,2004,None,"A rule has been added to the Windows Defender Firewall exception list.

Added Rule:
	Rule ID:	{3C6024D4-C08B-47C0-A55E-083D431DA30A}
	Rule Name:	@{E2A4F912-2574-4A75-9BB0-0D023378592B_10.0.19041.1023_neutral_neutral_cw5n1h2txyewy?ms-resource://AppResolverUX/Resources/AppxManifest_DisplayName}
	Origin:	Local
	Active:	Yes
	Direction:	Inbound
	Profiles:	Private,Domain, Public
	Action:	Block
	Application Path:	
	Service Name:	
	Protocol:	Any
	Security Options:	None
	Edge Traversal:	None
	Modifying User:	NT SERVICE\mpssvc
	Modifying Application:	C:\Windows\System32\svchost.exe"
Information,9/8/2021 7:22:08 PM,Microsoft-Windows-Windows Firewall With Advanced Security,2004,None,"A rule has been added to the Windows Defender Firewall exception list.

Added Rule:
	Rule ID:	{793E2E35-30E1-4EFD-8159-F1EA5DAAA94B}
	Rule Name:	@{c5e2524a-ea46-4f67-841f-6a9465d9d515_10.0.19041.1023_neutral_neutral_cw5n1h2txyewy?ms-resource://FileExplorer/Resources/AppxManifest_DisplayName}
	Origin:	Local
	Active:	Yes
	Direction:	Outbound
	Profiles:	Private,Domain, Public
	Action:	Block
	Application Path:	
	Service Name:	
	Protocol:	Any
	Security Options:	None
	Edge Traversal:	None
	Modifying User:	NT SERVICE\mpssvc
	Modifying Application:	C:\Windows\System32\svchost.exe"
Information,9/8/2021 7:22:08 PM,Microsoft-Windows-Windows Firewall With Advanced Security,2004,None,"A rule has been added to the Windows Defender Firewall exception list.

Added Rule:
	Rule ID:	{3C522EA3-6842-4F88-9437-7BD6A0970945}
	Rule Name:	@{c5e2524a-ea46-4f67-841f-6a9465d9d515_10.0.19041.1023_neutral_neutral_cw5n1h2txyewy?ms-resource://FileExplorer/Resources/AppxManifest_DisplayName}
	Origin:	Local
	Active:	Yes
	Direction:	Inbound
	Profiles:	Private,Domain, Public
	Action:	Block
	Application Path:	
	Service Name:	
	Protocol:	Any
	Security Options:	None
	Edge Traversal:	None
	Modifying User:	NT SERVICE\mpssvc
	Modifying Application:	C:\Windows\System32\svchost.exe"
Information,9/8/2021 7:22:08 PM,Microsoft-Windows-Windows Firewall With Advanced Security,2004,None,"A rule has been added to the Windows Defender Firewall exception list.

Added Rule:
	Rule ID:	{45C7C800-862E-4BEE-88DA-067D54123ADC}
	Rule Name:	@{Microsoft.LockApp_10.0.19041.1023_neutral__cw5n1h2txyewy?ms-resource://Microsoft.LockApp/resources/AppDisplayName}
	Origin:	Local
	Active:	Yes
	Direction:	Outbound
	Profiles:	Private,Domain, Public
	Action:	Allow
	Application Path:	
	Service Name:	
	Protocol:	Any
	Security Options:	None
	Edge Traversal:	None
	Modifying User:	NT SERVICE\mpssvc
	Modifying Application:	C:\Windows\System32\svchost.exe"
Information,9/8/2021 7:22:08 PM,Microsoft-Windows-Windows Firewall With Advanced Security,2004,None,"A rule has been added to the Windows Defender Firewall exception list.

Added Rule:
	Rule ID:	{DBB2C683-C624-4B8B-9341-BEC8BC46CD61}
	Rule Name:	@{Microsoft.LockApp_10.0.19041.1023_neutral__cw5n1h2txyewy?ms-resource://Microsoft.LockApp/resources/AppDisplayName}
	Origin:	Local
	Active:	Yes
	Direction:	Outbound
	Profiles:	Private,Domain, Public
	Action:	Allow
	Application Path:	
	Service Name:	
	Protocol:	Any
	Security Options:	None
	Edge Traversal:	None
	Modifying User:	NT SERVICE\mpssvc
	Modifying Application:	C:\Windows\System32\svchost.exe"
Information,9/8/2021 7:22:08 PM,Microsoft-Windows-Windows Firewall With Advanced Security,2004,None,"A rule has been added to the Windows Defender Firewall exception list.

Added Rule:
	Rule ID:	{27C7829C-4FF5-4519-B9AB-BD065A080F06}
	Rule Name:	@{Microsoft.LockApp_10.0.19041.1023_neutral__cw5n1h2txyewy?ms-resource://Microsoft.LockApp/resources/AppDisplayName}
	Origin:	Local
	Active:	Yes
	Direction:	Outbound
	Profiles:	Private,Domain, Public
	Action:	Block
	Application Path:	
	Service Name:	
	Protocol:	Any
	Security Options:	None
	Edge Traversal:	None
	Modifying User:	NT SERVICE\mpssvc
	Modifying Application:	C:\Windows\System32\svchost.exe"
Information,9/8/2021 7:22:08 PM,Microsoft-Windows-Windows Firewall With Advanced Security,2004,None,"A rule has been added to the Windows Defender Firewall exception list.

Added Rule:
	Rule ID:	{39D22DAA-22F1-46BB-A8A2-9B595C5F5ABD}
	Rule Name:	@{Microsoft.LockApp_10.0.19041.1023_neutral__cw5n1h2txyewy?ms-resource://Microsoft.LockApp/resources/AppDisplayName}
	Origin:	Local
	Active:	Yes
	Direction:	Inbound
	Profiles:	Private,Domain, Public
	Action:	Block
	Application Path:	
	Service Name:	
	Protocol:	Any
	Security Options:	None
	Edge Traversal:	None
	Modifying User:	NT SERVICE\mpssvc
	Modifying Application:	C:\Windows\System32\svchost.exe"
Information,9/8/2021 7:22:08 PM,Microsoft-Windows-Windows Firewall With Advanced Security,2004,None,"A rule has been added to the Windows Defender Firewall exception list.

Added Rule:
	Rule ID:	{D4FF6DB6-EC78-4B56-9F5B-A911711AF7A9}
	Rule Name:	@{1527c705-839a-4832-9118-54d4Bd6a0c89_10.0.19041.1023_neutral_neutral_cw5n1h2txyewy?ms-resource://FilePicker/Resources/AppxManifest_DisplayName}
	Origin:	Local
	Active:	Yes
	Direction:	Outbound
	Profiles:	Private,Domain, Public
	Action:	Block
	Application Path:	
	Service Name:	
	Protocol:	Any
	Security Options:	None
	Edge Traversal:	None
	Modifying User:	NT SERVICE\mpssvc
	Modifying Application:	C:\Windows\System32\svchost.exe"
Information,9/8/2021 7:22:08 PM,Microsoft-Windows-Windows Firewall With Advanced Security,2004,None,"A rule has been added to the Windows Defender Firewall exception list.

Added Rule:
	Rule ID:	{18389F3B-698E-4168-B1EC-21F020064F98}
	Rule Name:	@{1527c705-839a-4832-9118-54d4Bd6a0c89_10.0.19041.1023_neutral_neutral_cw5n1h2txyewy?ms-resource://FilePicker/Resources/AppxManifest_DisplayName}
	Origin:	Local
	Active:	Yes
	Direction:	Inbound
	Profiles:	Private,Domain, Public
	Action:	Block
	Application Path:	
	Service Name:	
	Protocol:	Any
	Security Options:	None
	Edge Traversal:	None
	Modifying User:	NT SERVICE\mpssvc
	Modifying Application:	C:\Windows\System32\svchost.exe"
Information,9/8/2021 7:22:07 PM,Microsoft-Windows-Windows Firewall With Advanced Security,2004,None,"A rule has been added to the Windows Defender Firewall exception list.

Added Rule:
	Rule ID:	{81FF3DA2-C9BF-4403-8FCA-BF36682DBDD6}
	Rule Name:	@{Microsoft.Windows.AssignedAccessLockApp_1000.19041.1023.0_neutral_neutral_cw5n1h2txyewy?ms-resource://Microsoft.Windows.AssignedAccessLockApp/Resources/PackageDisplayName}
	Origin:	Local
	Active:	Yes
	Direction:	Outbound
	Profiles:	Private,Domain, Public
	Action:	Block
	Application Path:	
	Service Name:	
	Protocol:	Any
	Security Options:	None
	Edge Traversal:	None
	Modifying User:	NT SERVICE\mpssvc
	Modifying Application:	C:\Windows\System32\svchost.exe"
Information,9/8/2021 7:22:07 PM,Microsoft-Windows-Windows Firewall With Advanced Security,2004,None,"A rule has been added to the Windows Defender Firewall exception list.

Added Rule:
	Rule ID:	{3E19DA75-EC70-4652-A677-36835A7CBF5C}
	Rule Name:	@{Microsoft.Windows.AssignedAccessLockApp_1000.19041.1023.0_neutral_neutral_cw5n1h2txyewy?ms-resource://Microsoft.Windows.AssignedAccessLockApp/Resources/PackageDisplayName}
	Origin:	Local
	Active:	Yes
	Direction:	Inbound
	Profiles:	Private,Domain, Public
	Action:	Block
	Application Path:	
	Service Name:	
	Protocol:	Any
	Security Options:	None
	Edge Traversal:	None
	Modifying User:	NT SERVICE\mpssvc
	Modifying Application:	C:\Windows\System32\svchost.exe"
Information,9/8/2021 7:22:07 PM,Microsoft-Windows-Windows Firewall With Advanced Security,2004,None,"A rule has been added to the Windows Defender Firewall exception list.

Added Rule:
	Rule ID:	{89AA51EF-75C9-47FE-9DC2-7C3EF14592A5}
	Rule Name:	@{Microsoft.XboxGameCallableUI_1000.19041.1023.0_neutral_neutral_cw5n1h2txyewy?ms-resource://Microsoft.XboxGameCallableUI/resources/PkgDisplayName}
	Origin:	Local
	Active:	Yes
	Direction:	Outbound
	Profiles:	Private,Domain, Public
	Action:	Allow
	Application Path:	
	Service Name:	
	Protocol:	Any
	Security Options:	None
	Edge Traversal:	None
	Modifying User:	NT SERVICE\mpssvc
	Modifying Application:	C:\Windows\System32\svchost.exe"
Information,9/8/2021 7:22:07 PM,Microsoft-Windows-Windows Firewall With Advanced Security,2004,None,"A rule has been added to the Windows Defender Firewall exception list.

Added Rule:
	Rule ID:	{528070EA-5110-4C42-855F-C3AC25C0F5C9}
	Rule Name:	@{Microsoft.XboxGameCallableUI_1000.19041.1023.0_neutral_neutral_cw5n1h2txyewy?ms-resource://Microsoft.XboxGameCallableUI/resources/PkgDisplayName}
	Origin:	Local
	Active:	Yes
	Direction:	Outbound
	Profiles:	Private,Domain, Public
	Action:	Allow
	Application Path:	
	Service Name:	
	Protocol:	Any
	Security Options:	None
	Edge Traversal:	None
	Modifying User:	NT SERVICE\mpssvc
	Modifying Application:	C:\Windows\System32\svchost.exe"
Information,9/8/2021 7:22:07 PM,Microsoft-Windows-Windows Firewall With Advanced Security,2004,None,"A rule has been added to the Windows Defender Firewall exception list.

Added Rule:
	Rule ID:	{04A0C220-1DFB-4085-979D-4732D89A7971}
	Rule Name:	@{Microsoft.XboxGameCallableUI_1000.19041.1023.0_neutral_neutral_cw5n1h2txyewy?ms-resource://Microsoft.XboxGameCallableUI/resources/PkgDisplayName}
	Origin:	Local
	Active:	Yes
	Direction:	Outbound
	Profiles:	Private,Domain, Public
	Action:	Block
	Application Path:	
	Service Name:	
	Protocol:	Any
	Security Options:	None
	Edge Traversal:	None
	Modifying User:	NT SERVICE\mpssvc
	Modifying Application:	C:\Windows\System32\svchost.exe"
Information,9/8/2021 7:22:07 PM,Microsoft-Windows-Windows Firewall With Advanced Security,2004,None,"A rule has been added to the Windows Defender Firewall exception list.

Added Rule:
	Rule ID:	{5135C79A-16FD-4051-A0B8-704FAE204F51}
	Rule Name:	@{Microsoft.XboxGameCallableUI_1000.19041.1023.0_neutral_neutral_cw5n1h2txyewy?ms-resource://Microsoft.XboxGameCallableUI/resources/PkgDisplayName}
	Origin:	Local
	Active:	Yes
	Direction:	Inbound
	Profiles:	Private,Domain, Public
	Action:	Block
	Application Path:	
	Service Name:	
	Protocol:	Any
	Security Options:	None
	Edge Traversal:	None
	Modifying User:	NT SERVICE\mpssvc
	Modifying Application:	C:\Windows\System32\svchost.exe"
Information,9/8/2021 7:22:07 PM,Microsoft-Windows-Windows Firewall With Advanced Security,2004,None,"A rule has been added to the Windows Defender Firewall exception list.

Added Rule:
	Rule ID:	{40E825BB-EC81-4A58-963E-2A36BD48163F}
	Rule Name:	@{Microsoft.Windows.PeopleExperienceHost_10.0.19041.1023_neutral_neutral_cw5n1h2txyewy?ms-resource://Microsoft.Windows.PeopleExperienceHost/resources/PkgDisplayName}
	Origin:	Local
	Active:	Yes
	Direction:	Outbound
	Profiles:	Private,Domain, Public
	Action:	Allow
	Application Path:	
	Service Name:	
	Protocol:	Any
	Security Options:	None
	Edge Traversal:	None
	Modifying User:	NT SERVICE\mpssvc
	Modifying Application:	C:\Windows\System32\svchost.exe"
Information,9/8/2021 7:22:07 PM,Microsoft-Windows-Windows Firewall With Advanced Security,2004,None,"A rule has been added to the Windows Defender Firewall exception list.

Added Rule:
	Rule ID:	{29ECDB83-A8E2-4A45-8E65-2BF5546C64E3}
	Rule Name:	@{Microsoft.Windows.PeopleExperienceHost_10.0.19041.1023_neutral_neutral_cw5n1h2txyewy?ms-resource://Microsoft.Windows.PeopleExperienceHost/resources/PkgDisplayName}
	Origin:	Local
	Active:	Yes
	Direction:	Outbound
	Profiles:	Private,Domain, Public
	Action:	Allow
	Application Path:	
	Service Name:	
	Protocol:	Any
	Security Options:	None
	Edge Traversal:	None
	Modifying User:	NT SERVICE\mpssvc
	Modifying Application:	C:\Windows\System32\svchost.exe"
Information,9/8/2021 7:22:07 PM,Microsoft-Windows-Windows Firewall With Advanced Security,2004,None,"A rule has been added to the Windows Defender Firewall exception list.

Added Rule:
	Rule ID:	{A218E015-4A6A-48BD-AD44-A7012512E0CA}
	Rule Name:	@{Microsoft.Windows.PeopleExperienceHost_10.0.19041.1023_neutral_neutral_cw5n1h2txyewy?ms-resource://Microsoft.Windows.PeopleExperienceHost/resources/PkgDisplayName}
	Origin:	Local
	Active:	Yes
	Direction:	Outbound
	Profiles:	Private,Domain, Public
	Action:	Block
	Application Path:	
	Service Name:	
	Protocol:	Any
	Security Options:	None
	Edge Traversal:	None
	Modifying User:	NT SERVICE\mpssvc
	Modifying Application:	C:\Windows\System32\svchost.exe"
Information,9/8/2021 7:22:07 PM,Microsoft-Windows-Windows Firewall With Advanced Security,2004,None,"A rule has been added to the Windows Defender Firewall exception list.

Added Rule:
	Rule ID:	{A4D65366-64F0-4761-8D3F-4D4A7972CE52}
	Rule Name:	@{Microsoft.Windows.PeopleExperienceHost_10.0.19041.1023_neutral_neutral_cw5n1h2txyewy?ms-resource://Microsoft.Windows.PeopleExperienceHost/resources/PkgDisplayName}
	Origin:	Local
	Active:	Yes
	Direction:	Inbound
	Profiles:	Private,Domain, Public
	Action:	Block
	Application Path:	
	Service Name:	
	Protocol:	Any
	Security Options:	None
	Edge Traversal:	None
	Modifying User:	NT SERVICE\mpssvc
	Modifying Application:	C:\Windows\System32\svchost.exe"
Information,9/8/2021 7:22:06 PM,Microsoft-Windows-Windows Firewall With Advanced Security,2004,None,"A rule has been added to the Windows Defender Firewall exception list.

Added Rule:
	Rule ID:	{FDAAEBB0-3DDF-4EA6-B3D4-EC8AA3D48579}
	Rule Name:	@{Microsoft.MicrosoftEdgeDevToolsClient_1000.19041.1023.0_neutral_neutral_8wekyb3d8bbwe?ms-resource://Microsoft.MicrosoftEdgeDevToolsClient/resources/DisplayName}
	Origin:	Local
	Active:	Yes
	Direction:	Outbound
	Profiles:	Private,Domain, Public
	Action:	Block
	Application Path:	
	Service Name:	
	Protocol:	Any
	Security Options:	None
	Edge Traversal:	None
	Modifying User:	NT SERVICE\mpssvc
	Modifying Application:	C:\Windows\System32\svchost.exe"
Information,9/8/2021 7:22:06 PM,Microsoft-Windows-Windows Firewall With Advanced Security,2004,None,"A rule has been added to the Windows Defender Firewall exception list.

Added Rule:
	Rule ID:	{AEC8B10E-8D5B-4FD6-A767-8AF85486677C}
	Rule Name:	@{Microsoft.MicrosoftEdgeDevToolsClient_1000.19041.1023.0_neutral_neutral_8wekyb3d8bbwe?ms-resource://Microsoft.MicrosoftEdgeDevToolsClient/resources/DisplayName}
	Origin:	Local
	Active:	Yes
	Direction:	Inbound
	Profiles:	Private,Domain, Public
	Action:	Block
	Application Path:	
	Service Name:	
	Protocol:	Any
	Security Options:	None
	Edge Traversal:	None
	Modifying User:	NT SERVICE\mpssvc
	Modifying Application:	C:\Windows\System32\svchost.exe"
Information,9/8/2021 7:22:06 PM,Microsoft-Windows-Windows Firewall With Advanced Security,2004,None,"A rule has been added to the Windows Defender Firewall exception list.

Added Rule:
	Rule ID:	{981D0831-DBB1-419C-894F-A7E902DA3585}
	Rule Name:	@{Microsoft.Windows.SecHealthUI_10.0.19041.1023_neutral__cw5n1h2txyewy?ms-resource://Microsoft.Windows.SecHealthUI/resources/PackageDisplayName}
	Origin:	Local
	Active:	Yes
	Direction:	Outbound
	Profiles:	Private,Domain, Public
	Action:	Allow
	Application Path:	
	Service Name:	
	Protocol:	Any
	Security Options:	None
	Edge Traversal:	None
	Modifying User:	NT SERVICE\mpssvc
	Modifying Application:	C:\Windows\System32\svchost.exe"
Information,9/8/2021 7:22:06 PM,Microsoft-Windows-Windows Firewall With Advanced Security,2004,None,"A rule has been added to the Windows Defender Firewall exception list.

Added Rule:
	Rule ID:	{A39CFF05-5E39-4EB6-87AC-7A53BD8E3108}
	Rule Name:	@{Microsoft.Windows.SecHealthUI_10.0.19041.1023_neutral__cw5n1h2txyewy?ms-resource://Microsoft.Windows.SecHealthUI/resources/PackageDisplayName}
	Origin:	Local
	Active:	Yes
	Direction:	Outbound
	Profiles:	Private,Domain, Public
	Action:	Allow
	Application Path:	
	Service Name:	
	Protocol:	Any
	Security Options:	None
	Edge Traversal:	None
	Modifying User:	NT SERVICE\mpssvc
	Modifying Application:	C:\Windows\System32\svchost.exe"
Information,9/8/2021 7:22:06 PM,Microsoft-Windows-Windows Firewall With Advanced Security,2004,None,"A rule has been added to the Windows Defender Firewall exception list.

Added Rule:
	Rule ID:	{EC2B3C49-FD0B-43B5-A77F-06A488A30EF4}
	Rule Name:	@{Microsoft.Windows.SecHealthUI_10.0.19041.1023_neutral__cw5n1h2txyewy?ms-resource://Microsoft.Windows.SecHealthUI/resources/PackageDisplayName}
	Origin:	Local
	Active:	Yes
	Direction:	Outbound
	Profiles:	Private,Domain, Public
	Action:	Block
	Application Path:	
	Service Name:	
	Protocol:	Any
	Security Options:	None
	Edge Traversal:	None
	Modifying User:	NT SERVICE\mpssvc
	Modifying Application:	C:\Windows\System32\svchost.exe"
Information,9/8/2021 7:22:06 PM,Microsoft-Windows-Windows Firewall With Advanced Security,2004,None,"A rule has been added to the Windows Defender Firewall exception list.

Added Rule:
	Rule ID:	{A0048D63-EB71-429F-8767-1713E700E243}
	Rule Name:	@{Microsoft.Windows.SecHealthUI_10.0.19041.1023_neutral__cw5n1h2txyewy?ms-resource://Microsoft.Windows.SecHealthUI/resources/PackageDisplayName}
	Origin:	Local
	Active:	Yes
	Direction:	Inbound
	Profiles:	Private,Domain, Public
	Action:	Block
	Application Path:	
	Service Name:	
	Protocol:	Any
	Security Options:	None
	Edge Traversal:	None
	Modifying User:	NT SERVICE\mpssvc
	Modifying Application:	C:\Windows\System32\svchost.exe"
Information,9/8/2021 7:22:05 PM,Microsoft-Windows-Windows Firewall With Advanced Security,2004,None,"A rule has been added to the Windows Defender Firewall exception list.

Added Rule:
	Rule ID:	{204B5309-5159-42CE-B9BC-C4E4FA755AD0}
	Rule Name:	PinningConfirmationDialog
	Origin:	Local
	Active:	Yes
	Direction:	Outbound
	Profiles:	Private,Domain, Public
	Action:	Block
	Application Path:	
	Service Name:	
	Protocol:	Any
	Security Options:	None
	Edge Traversal:	None
	Modifying User:	NT SERVICE\mpssvc
	Modifying Application:	C:\Windows\System32\svchost.exe"
Information,9/8/2021 7:22:05 PM,Microsoft-Windows-Windows Firewall With Advanced Security,2004,None,"A rule has been added to the Windows Defender Firewall exception list.

Added Rule:
	Rule ID:	{F43458AE-E97C-43E0-A843-53336160E3E5}
	Rule Name:	PinningConfirmationDialog
	Origin:	Local
	Active:	Yes
	Direction:	Inbound
	Profiles:	Private,Domain, Public
	Action:	Block
	Application Path:	
	Service Name:	
	Protocol:	Any
	Security Options:	None
	Edge Traversal:	None
	Modifying User:	NT SERVICE\mpssvc
	Modifying Application:	C:\Windows\System32\svchost.exe"
Information,9/8/2021 7:22:05 PM,Microsoft-Windows-Windows Firewall With Advanced Security,2004,None,"A rule has been added to the Windows Defender Firewall exception list.

Added Rule:
	Rule ID:	{C1C9DE57-7BF8-41A6-8522-7FEEC9185A7B}
	Rule Name:	@{Microsoft.Windows.ParentalControls_1000.19041.1023.0_neutral_neutral_cw5n1h2txyewy?ms-resource://Microsoft.Windows.ParentalControls/resources/DisplayName}
	Origin:	Local
	Active:	Yes
	Direction:	Outbound
	Profiles:	Private,Domain, Public
	Action:	Allow
	Application Path:	
	Service Name:	
	Protocol:	Any
	Security Options:	None
	Edge Traversal:	None
	Modifying User:	NT SERVICE\mpssvc
	Modifying Application:	C:\Windows\System32\svchost.exe"
Information,9/8/2021 7:22:05 PM,Microsoft-Windows-Windows Firewall With Advanced Security,2004,None,"A rule has been added to the Windows Defender Firewall exception list.

Added Rule:
	Rule ID:	{FB2D77B6-BEB2-4325-842F-C44FBF3A56F8}
	Rule Name:	@{Microsoft.Windows.ParentalControls_1000.19041.1023.0_neutral_neutral_cw5n1h2txyewy?ms-resource://Microsoft.Windows.ParentalControls/resources/DisplayName}
	Origin:	Local
	Active:	Yes
	Direction:	Outbound
	Profiles:	Private,Domain, Public
	Action:	Allow
	Application Path:	
	Service Name:	
	Protocol:	Any
	Security Options:	None
	Edge Traversal:	None
	Modifying User:	NT SERVICE\mpssvc
	Modifying Application:	C:\Windows\System32\svchost.exe"
Information,9/8/2021 7:22:05 PM,Microsoft-Windows-Windows Firewall With Advanced Security,2004,None,"A rule has been added to the Windows Defender Firewall exception list.

Added Rule:
	Rule ID:	{492AFB12-3FA3-4AF6-BB38-F3C6DD37B0E2}
	Rule Name:	@{Microsoft.Windows.ParentalControls_1000.19041.1023.0_neutral_neutral_cw5n1h2txyewy?ms-resource://Microsoft.Windows.ParentalControls/resources/DisplayName}
	Origin:	Local
	Active:	Yes
	Direction:	Outbound
	Profiles:	Private,Domain, Public
	Action:	Block
	Application Path:	
	Service Name:	
	Protocol:	Any
	Security Options:	None
	Edge Traversal:	None
	Modifying User:	NT SERVICE\mpssvc
	Modifying Application:	C:\Windows\System32\svchost.exe"
Information,9/8/2021 7:22:05 PM,Microsoft-Windows-Windows Firewall With Advanced Security,2004,None,"A rule has been added to the Windows Defender Firewall exception list.

Added Rule:
	Rule ID:	{D8AD01F0-DABF-4761-AB65-CB71A4C0FA25}
	Rule Name:	@{Microsoft.Windows.ParentalControls_1000.19041.1023.0_neutral_neutral_cw5n1h2txyewy?ms-resource://Microsoft.Windows.ParentalControls/resources/DisplayName}
	Origin:	Local
	Active:	Yes
	Direction:	Inbound
	Profiles:	Private,Domain, Public
	Action:	Block
	Application Path:	
	Service Name:	
	Protocol:	Any
	Security Options:	None
	Edge Traversal:	None
	Modifying User:	NT SERVICE\mpssvc
	Modifying Application:	C:\Windows\System32\svchost.exe"
Information,9/8/2021 7:22:05 PM,Microsoft-Windows-Windows Firewall With Advanced Security,2004,None,"A rule has been added to the Windows Defender Firewall exception list.

Added Rule:
	Rule ID:	{BC5D8C43-BF65-4982-B0BF-D83AFBCC0E81}
	Rule Name:	CapturePicker
	Origin:	Local
	Active:	Yes
	Direction:	Outbound
	Profiles:	Private,Domain, Public
	Action:	Block
	Application Path:	
	Service Name:	
	Protocol:	Any
	Security Options:	None
	Edge Traversal:	None
	Modifying User:	NT SERVICE\mpssvc
	Modifying Application:	C:\Windows\System32\svchost.exe"
Information,9/8/2021 7:22:05 PM,Microsoft-Windows-Windows Firewall With Advanced Security,2004,None,"A rule has been added to the Windows Defender Firewall exception list.

Added Rule:
	Rule ID:	{61CF1C20-A594-4B29-86AC-6D649D58AA87}
	Rule Name:	CapturePicker
	Origin:	Local
	Active:	Yes
	Direction:	Inbound
	Profiles:	Private,Domain, Public
	Action:	Block
	Application Path:	
	Service Name:	
	Protocol:	Any
	Security Options:	None
	Edge Traversal:	None
	Modifying User:	NT SERVICE\mpssvc
	Modifying Application:	C:\Windows\System32\svchost.exe"
Information,9/8/2021 7:22:04 PM,Microsoft-Windows-Windows Firewall With Advanced Security,2004,None,"A rule has been added to the Windows Defender Firewall exception list.

Added Rule:
	Rule ID:	{CD329003-BF9B-46BE-BEB9-9D1D650D1620}
	Rule Name:	@{Microsoft.Windows.Apprep.ChxApp_1000.19041.1023.0_neutral_neutral_cw5n1h2txyewy?ms-resource://Microsoft.Windows.Apprep.ChxApp/resources/DisplayName}
	Origin:	Local
	Active:	Yes
	Direction:	Outbound
	Profiles:	Private,Domain, Public
	Action:	Allow
	Application Path:	
	Service Name:	
	Protocol:	Any
	Security Options:	None
	Edge Traversal:	None
	Modifying User:	NT SERVICE\mpssvc
	Modifying Application:	C:\Windows\System32\svchost.exe"
Information,9/8/2021 7:22:04 PM,Microsoft-Windows-Windows Firewall With Advanced Security,2004,None,"A rule has been added to the Windows Defender Firewall exception list.

Added Rule:
	Rule ID:	{51B63C31-ABA6-4C53-9DEB-E9CB2E23ED13}
	Rule Name:	@{Microsoft.Windows.Apprep.ChxApp_1000.19041.1023.0_neutral_neutral_cw5n1h2txyewy?ms-resource://Microsoft.Windows.Apprep.ChxApp/resources/DisplayName}
	Origin:	Local
	Active:	Yes
	Direction:	Outbound
	Profiles:	Private,Domain, Public
	Action:	Allow
	Application Path:	
	Service Name:	
	Protocol:	Any
	Security Options:	None
	Edge Traversal:	None
	Modifying User:	NT SERVICE\mpssvc
	Modifying Application:	C:\Windows\System32\svchost.exe"
Information,9/8/2021 7:22:04 PM,Microsoft-Windows-Windows Firewall With Advanced Security,2004,None,"A rule has been added to the Windows Defender Firewall exception list.

Added Rule:
	Rule ID:	{7EDD0945-937C-4A78-AE49-28BB0EE6288C}
	Rule Name:	@{Microsoft.Windows.Apprep.ChxApp_1000.19041.1023.0_neutral_neutral_cw5n1h2txyewy?ms-resource://Microsoft.Windows.Apprep.ChxApp/resources/DisplayName}
	Origin:	Local
	Active:	Yes
	Direction:	Outbound
	Profiles:	Private,Domain, Public
	Action:	Block
	Application Path:	
	Service Name:	
	Protocol:	Any
	Security Options:	None
	Edge Traversal:	None
	Modifying User:	NT SERVICE\mpssvc
	Modifying Application:	C:\Windows\System32\svchost.exe"
