Information,2/12/2023 4:03:55 PM,Microsoft-Windows-Windows Firewall With Advanced Security,2006,None,"A rule has been deleted in the Windows Defender Firewall exception list.

Deleted Rule:
	Rule ID:	{5778F445-E10A-4A9A-8EB0-5762A06646FA}
	Rule Name:	@{Microsoft.ZuneVideo_10.19071.19011.0_x64__8wekyb3d8bbwe?ms-resource://Microsoft.ZuneVideo/resources/IDS_MANIFEST_VIDEO_APP_NAME}
	Modifying User:	NT SERVICE\mpssvc
	Modifying Application:	C:\Windows\System32\svchost.exe"
Information,2/12/2023 4:03:55 PM,Microsoft-Windows-Windows Firewall With Advanced Security,2006,None,"A rule has been deleted in the Windows Defender Firewall exception list.

Deleted Rule:
	Rule ID:	{45048D59-7E0C-4BDE-BDC3-C9F4B9450B50}
	Rule Name:	@{Microsoft.ZuneVideo_10.19071.19011.0_x64__8wekyb3d8bbwe?ms-resource://Microsoft.ZuneVideo/resources/IDS_MANIFEST_VIDEO_APP_NAME}
	Modifying User:	NT SERVICE\mpssvc
	Modifying Application:	C:\Windows\System32\svchost.exe"
Information,2/12/2023 4:03:55 PM,Microsoft-Windows-Windows Firewall With Advanced Security,2006,None,"A rule has been deleted in the Windows Defender Firewall exception list.

Deleted Rule:
	Rule ID:	{E81EC9A9-DFD5-4002-A083-B587E309B0DB}
	Rule Name:	@{Microsoft.ZuneVideo_10.19071.19011.0_x64__8wekyb3d8bbwe?ms-resource://Microsoft.ZuneVideo/resources/IDS_MANIFEST_VIDEO_APP_NAME}
	Modifying User:	NT SERVICE\mpssvc
	Modifying Application:	C:\Windows\System32\svchost.exe"
Information,2/12/2023 4:03:55 PM,Microsoft-Windows-Windows Firewall With Advanced Security,2006,None,"A rule has been deleted in the Windows Defender Firewall exception list.

Deleted Rule:
	Rule ID:	{3FD0BCF4-C100-493E-9571-67B1919AB4B5}
	Rule Name:	@{Microsoft.ZuneVideo_10.19071.19011.0_x64__8wekyb3d8bbwe?ms-resource://Microsoft.ZuneVideo/resources/IDS_MANIFEST_VIDEO_APP_NAME}
	Modifying User:	NT SERVICE\mpssvc
	Modifying Application:	C:\Windows\System32\svchost.exe"
Information,2/12/2023 4:03:55 PM,Microsoft-Windows-Windows Firewall With Advanced Security,2006,None,"A rule has been deleted in the Windows Defender Firewall exception list.

Deleted Rule:
	Rule ID:	{8AFFB75C-8DD6-4F02-8CAD-D7BFC04D606A}
	Rule Name:	@{Microsoft.ZuneVideo_10.19071.19011.0_x64__8wekyb3d8bbwe?ms-resource://Microsoft.ZuneVideo/resources/IDS_MANIFEST_VIDEO_APP_NAME}
	Modifying User:	NT SERVICE\mpssvc
	Modifying Application:	C:\Windows\System32\svchost.exe"
Information,2/12/2023 4:03:53 PM,Microsoft-Windows-Windows Firewall With Advanced Security,2006,None,"A rule has been deleted in the Windows Defender Firewall exception list.

Deleted Rule:
	Rule ID:	{7E931344-5020-4668-A373-E830BE408B0E}
	Rule Name:	@{Microsoft.MixedReality.Portal_2000.19081.1301.0_x64__8wekyb3d8bbwe?ms-resource://Microsoft.MixedReality.Portal/Resources/PkgDisplayName}
	Modifying User:	NT SERVICE\mpssvc
	Modifying Application:	C:\Windows\System32\svchost.exe"
Information,2/12/2023 4:03:53 PM,Microsoft-Windows-Windows Firewall With Advanced Security,2006,None,"A rule has been deleted in the Windows Defender Firewall exception list.

Deleted Rule:
	Rule ID:	{576091CD-DF86-4FBB-9674-EE965876035F}
	Rule Name:	@{Microsoft.MixedReality.Portal_2000.19081.1301.0_x64__8wekyb3d8bbwe?ms-resource://Microsoft.MixedReality.Portal/Resources/PkgDisplayName}
	Modifying User:	NT SERVICE\mpssvc
	Modifying Application:	C:\Windows\System32\svchost.exe"
Information,2/12/2023 4:03:53 PM,Microsoft-Windows-Windows Firewall With Advanced Security,2006,None,"A rule has been deleted in the Windows Defender Firewall exception list.

Deleted Rule:
	Rule ID:	{BC143EF6-90D7-4583-ABCF-346ECFDF12C3}
	Rule Name:	@{Microsoft.MixedReality.Portal_2000.19081.1301.0_x64__8wekyb3d8bbwe?ms-resource://Microsoft.MixedReality.Portal/Resources/PkgDisplayName}
	Modifying User:	NT SERVICE\mpssvc
	Modifying Application:	C:\Windows\System32\svchost.exe"
Information,2/12/2023 4:03:53 PM,Microsoft-Windows-Windows Firewall With Advanced Security,2006,None,"A rule has been deleted in the Windows Defender Firewall exception list.

Deleted Rule:
	Rule ID:	{36D5F2C5-9F39-4A6F-9F2A-FC3B42D40436}
	Rule Name:	@{Microsoft.MixedReality.Portal_2000.19081.1301.0_x64__8wekyb3d8bbwe?ms-resource://Microsoft.MixedReality.Portal/Resources/PkgDisplayName}
	Modifying User:	NT SERVICE\mpssvc
	Modifying Application:	C:\Windows\System32\svchost.exe"
Information,2/12/2023 4:03:02 PM,Microsoft-Windows-Windows Firewall With Advanced Security,2002,None,"A Windows Defender Firewall setting has changed.

New Setting:
	Type:	Current Profile
	Value:	Private
	Modifying User:	NT SERVICE\mpssvc
	Modifying Application:	"
Information,2/12/2023 4:03:02 PM,Microsoft-Windows-Windows Firewall With Advanced Security,2010,None,"Network profile changed on an interface.

Adapter GUID:	{8ce01218-1929-49d7-bf64-4d58b329d5fb}
Adapter Name:	ethernet_32770
Old Profile:	None
New Profile:	Private"
Information,2/12/2023 3:57:21 PM,Microsoft-Windows-Windows Firewall With Advanced Security,2002,None,"A Windows Defender Firewall setting has changed.

New Setting:
	Type:	Current Profile
	Value:	Private
	Modifying User:	NT SERVICE\mpssvc
	Modifying Application:	"
Information,2/12/2023 3:57:21 PM,Microsoft-Windows-Windows Firewall With Advanced Security,2010,None,"Network profile changed on an interface.

Adapter GUID:	{8ce01218-1929-49d7-bf64-4d58b329d5fb}
Adapter Name:	ethernet_32770
Old Profile:	None
New Profile:	Private"
Information,2/12/2023 11:50:18 PM,Microsoft-Windows-Windows Firewall With Advanced Security,2005,None,"A rule has been modified in the Windows Defender Firewall exception list.

Modified Rule:
	Rule ID:	{6DF63C79-56F3-4189-A471-DF658184C493}
	Rule Name:	File and Printer Sharing (NB-Session-In)
	Origin:	Local
	Active:	Yes
	Direction:	Inbound
	Profiles:	Private
	Action:	Allow
	Application Path:	System
	Service Name:	
	Protocol:	TCP
	Security Options:	None
	Edge Traversal:	None
	Modifying User:	DESKTOP-QB4O65F\Administrator
	Modifying Application:	C:\Windows\System32\dllhost.exe"
Information,2/12/2023 11:50:18 PM,Microsoft-Windows-Windows Firewall With Advanced Security,2004,None,"A rule has been added to the Windows Defender Firewall exception list.

Added Rule:
	Rule ID:	{6DF63C79-56F3-4189-A471-DF658184C493}
	Rule Name:	File and Printer Sharing (NB-Session-In)
	Origin:	Local
	Active:	No
	Direction:	Inbound
	Profiles:	Private
	Action:	Allow
	Application Path:	System
	Service Name:	
	Protocol:	TCP
	Security Options:	None
	Edge Traversal:	None
	Modifying User:	DESKTOP-QB4O65F\Administrator
	Modifying Application:	C:\Windows\System32\dllhost.exe"
Information,2/12/2023 11:50:18 PM,Microsoft-Windows-Windows Firewall With Advanced Security,2005,None,"A rule has been modified in the Windows Defender Firewall exception list.

Modified Rule:
	Rule ID:	FPS-NB_Session-In-TCP
	Rule Name:	File and Printer Sharing (NB-Session-In)
	Origin:	Local
	Active:	No
	Direction:	Inbound
	Profiles:	Public
	Action:	Allow
	Application Path:	System
	Service Name:	
	Protocol:	TCP
	Security Options:	None
	Edge Traversal:	None
	Modifying User:	DESKTOP-QB4O65F\Administrator
	Modifying Application:	C:\Windows\System32\dllhost.exe"
Information,2/12/2023 11:50:18 PM,Microsoft-Windows-Windows Firewall With Advanced Security,2005,None,"A rule has been modified in the Windows Defender Firewall exception list.

Modified Rule:
	Rule ID:	{F83A6660-E55B-4864-97E0-1A7FB2288A53}
	Rule Name:	File and Printer Sharing (NB-Session-Out)
	Origin:	Local
	Active:	Yes
	Direction:	Outbound
	Profiles:	Private
	Action:	Allow
	Application Path:	System
	Service Name:	
	Protocol:	TCP
	Security Options:	None
	Edge Traversal:	None
	Modifying User:	DESKTOP-QB4O65F\Administrator
	Modifying Application:	C:\Windows\System32\dllhost.exe"
Information,2/12/2023 11:50:18 PM,Microsoft-Windows-Windows Firewall With Advanced Security,2004,None,"A rule has been added to the Windows Defender Firewall exception list.

Added Rule:
	Rule ID:	{F83A6660-E55B-4864-97E0-1A7FB2288A53}
	Rule Name:	File and Printer Sharing (NB-Session-Out)
	Origin:	Local
	Active:	No
	Direction:	Outbound
	Profiles:	Private
	Action:	Allow
	Application Path:	System
	Service Name:	
	Protocol:	TCP
	Security Options:	None
	Edge Traversal:	None
	Modifying User:	DESKTOP-QB4O65F\Administrator
	Modifying Application:	C:\Windows\System32\dllhost.exe"
Information,2/12/2023 11:50:18 PM,Microsoft-Windows-Windows Firewall With Advanced Security,2005,None,"A rule has been modified in the Windows Defender Firewall exception list.

Modified Rule:
	Rule ID:	FPS-NB_Session-Out-TCP
	Rule Name:	File and Printer Sharing (NB-Session-Out)
	Origin:	Local
	Active:	No
	Direction:	Outbound
	Profiles:	Public
	Action:	Allow
	Application Path:	System
	Service Name:	
	Protocol:	TCP
	Security Options:	None
	Edge Traversal:	None
	Modifying User:	DESKTOP-QB4O65F\Administrator
	Modifying Application:	C:\Windows\System32\dllhost.exe"
Information,2/12/2023 11:50:18 PM,Microsoft-Windows-Windows Firewall With Advanced Security,2005,None,"A rule has been modified in the Windows Defender Firewall exception list.

Modified Rule:
	Rule ID:	{B636848C-15D8-4357-9042-0EE05A1951AF}
	Rule Name:	File and Printer Sharing (SMB-In)
	Origin:	Local
	Active:	Yes
	Direction:	Inbound
	Profiles:	Private
	Action:	Allow
	Application Path:	System
	Service Name:	
	Protocol:	TCP
	Security Options:	None
	Edge Traversal:	None
	Modifying User:	DESKTOP-QB4O65F\Administrator
	Modifying Application:	C:\Windows\System32\dllhost.exe"
Information,2/12/2023 11:50:18 PM,Microsoft-Windows-Windows Firewall With Advanced Security,2004,None,"A rule has been added to the Windows Defender Firewall exception list.

Added Rule:
	Rule ID:	{B636848C-15D8-4357-9042-0EE05A1951AF}
	Rule Name:	File and Printer Sharing (SMB-In)
	Origin:	Local
	Active:	No
	Direction:	Inbound
	Profiles:	Private
	Action:	Allow
	Application Path:	System
	Service Name:	
	Protocol:	TCP
	Security Options:	None
	Edge Traversal:	None
	Modifying User:	DESKTOP-QB4O65F\Administrator
	Modifying Application:	C:\Windows\System32\dllhost.exe"
Information,2/12/2023 11:50:18 PM,Microsoft-Windows-Windows Firewall With Advanced Security,2005,None,"A rule has been modified in the Windows Defender Firewall exception list.

Modified Rule:
	Rule ID:	FPS-SMB-In-TCP
	Rule Name:	File and Printer Sharing (SMB-In)
	Origin:	Local
	Active:	No
	Direction:	Inbound
	Profiles:	Public
	Action:	Allow
	Application Path:	System
	Service Name:	
	Protocol:	TCP
	Security Options:	None
	Edge Traversal:	None
	Modifying User:	DESKTOP-QB4O65F\Administrator
	Modifying Application:	C:\Windows\System32\dllhost.exe"
Information,2/12/2023 11:50:18 PM,Microsoft-Windows-Windows Firewall With Advanced Security,2005,None,"A rule has been modified in the Windows Defender Firewall exception list.

Modified Rule:
	Rule ID:	{5AB8C61B-F40A-4B80-BF61-6830A3EF6B8A}
	Rule Name:	File and Printer Sharing (SMB-Out)
	Origin:	Local
	Active:	Yes
	Direction:	Outbound
	Profiles:	Private
	Action:	Allow
	Application Path:	System
	Service Name:	
	Protocol:	TCP
	Security Options:	None
	Edge Traversal:	None
	Modifying User:	DESKTOP-QB4O65F\Administrator
	Modifying Application:	C:\Windows\System32\dllhost.exe"
Information,2/12/2023 11:50:18 PM,Microsoft-Windows-Windows Firewall With Advanced Security,2004,None,"A rule has been added to the Windows Defender Firewall exception list.

Added Rule:
	Rule ID:	{5AB8C61B-F40A-4B80-BF61-6830A3EF6B8A}
	Rule Name:	File and Printer Sharing (SMB-Out)
	Origin:	Local
	Active:	No
	Direction:	Outbound
	Profiles:	Private
	Action:	Allow
	Application Path:	System
	Service Name:	
	Protocol:	TCP
	Security Options:	None
	Edge Traversal:	None
	Modifying User:	DESKTOP-QB4O65F\Administrator
	Modifying Application:	C:\Windows\System32\dllhost.exe"
Information,2/12/2023 11:50:18 PM,Microsoft-Windows-Windows Firewall With Advanced Security,2005,None,"A rule has been modified in the Windows Defender Firewall exception list.

Modified Rule:
	Rule ID:	FPS-SMB-Out-TCP
	Rule Name:	File and Printer Sharing (SMB-Out)
	Origin:	Local
	Active:	No
	Direction:	Outbound
	Profiles:	Public
	Action:	Allow
	Application Path:	System
	Service Name:	
	Protocol:	TCP
	Security Options:	None
	Edge Traversal:	None
	Modifying User:	DESKTOP-QB4O65F\Administrator
	Modifying Application:	C:\Windows\System32\dllhost.exe"
Information,2/12/2023 11:50:18 PM,Microsoft-Windows-Windows Firewall With Advanced Security,2005,None,"A rule has been modified in the Windows Defender Firewall exception list.

Modified Rule:
	Rule ID:	{3B9E70F3-13DC-436E-9339-A0A7D9D1C6DE}
	Rule Name:	File and Printer Sharing (NB-Name-In)
	Origin:	Local
	Active:	Yes
	Direction:	Inbound
	Profiles:	Private
	Action:	Allow
	Application Path:	System
	Service Name:	
	Protocol:	UDP
	Security Options:	None
	Edge Traversal:	None
	Modifying User:	DESKTOP-QB4O65F\Administrator
	Modifying Application:	C:\Windows\System32\dllhost.exe"
Information,2/12/2023 11:50:18 PM,Microsoft-Windows-Windows Firewall With Advanced Security,2004,None,"A rule has been added to the Windows Defender Firewall exception list.

Added Rule:
	Rule ID:	{3B9E70F3-13DC-436E-9339-A0A7D9D1C6DE}
	Rule Name:	File and Printer Sharing (NB-Name-In)
	Origin:	Local
	Active:	No
	Direction:	Inbound
	Profiles:	Private
	Action:	Allow
	Application Path:	System
	Service Name:	
	Protocol:	UDP
	Security Options:	None
	Edge Traversal:	None
	Modifying User:	DESKTOP-QB4O65F\Administrator
	Modifying Application:	C:\Windows\System32\dllhost.exe"
Information,2/12/2023 11:50:18 PM,Microsoft-Windows-Windows Firewall With Advanced Security,2005,None,"A rule has been modified in the Windows Defender Firewall exception list.

Modified Rule:
	Rule ID:	FPS-NB_Name-In-UDP
	Rule Name:	File and Printer Sharing (NB-Name-In)
	Origin:	Local
	Active:	No
	Direction:	Inbound
	Profiles:	Public
	Action:	Allow
	Application Path:	System
	Service Name:	
	Protocol:	UDP
	Security Options:	None
	Edge Traversal:	None
	Modifying User:	DESKTOP-QB4O65F\Administrator
	Modifying Application:	C:\Windows\System32\dllhost.exe"
Information,2/12/2023 11:50:18 PM,Microsoft-Windows-Windows Firewall With Advanced Security,2005,None,"A rule has been modified in the Windows Defender Firewall exception list.

Modified Rule:
	Rule ID:	{F3B7C3AA-1C16-4C47-9351-82BB559B09A7}
	Rule Name:	File and Printer Sharing (NB-Name-Out)
	Origin:	Local
	Active:	Yes
	Direction:	Outbound
	Profiles:	Private
	Action:	Allow
	Application Path:	System
	Service Name:	
	Protocol:	UDP
	Security Options:	None
	Edge Traversal:	None
	Modifying User:	DESKTOP-QB4O65F\Administrator
	Modifying Application:	C:\Windows\System32\dllhost.exe"
Information,2/12/2023 11:50:18 PM,Microsoft-Windows-Windows Firewall With Advanced Security,2004,None,"A rule has been added to the Windows Defender Firewall exception list.

Added Rule:
	Rule ID:	{F3B7C3AA-1C16-4C47-9351-82BB559B09A7}
	Rule Name:	File and Printer Sharing (NB-Name-Out)
	Origin:	Local
	Active:	No
	Direction:	Outbound
	Profiles:	Private
	Action:	Allow
	Application Path:	System
	Service Name:	
	Protocol:	UDP
	Security Options:	None
	Edge Traversal:	None
	Modifying User:	DESKTOP-QB4O65F\Administrator
	Modifying Application:	C:\Windows\System32\dllhost.exe"
Information,2/12/2023 11:50:18 PM,Microsoft-Windows-Windows Firewall With Advanced Security,2005,None,"A rule has been modified in the Windows Defender Firewall exception list.

Modified Rule:
	Rule ID:	FPS-NB_Name-Out-UDP
	Rule Name:	File and Printer Sharing (NB-Name-Out)
	Origin:	Local
	Active:	No
	Direction:	Outbound
	Profiles:	Public
	Action:	Allow
	Application Path:	System
	Service Name:	
	Protocol:	UDP
	Security Options:	None
	Edge Traversal:	None
	Modifying User:	DESKTOP-QB4O65F\Administrator
	Modifying Application:	C:\Windows\System32\dllhost.exe"
Information,2/12/2023 11:50:18 PM,Microsoft-Windows-Windows Firewall With Advanced Security,2005,None,"A rule has been modified in the Windows Defender Firewall exception list.

Modified Rule:
	Rule ID:	{18365BA8-FCE5-4691-A3DD-843C9698B5A9}
	Rule Name:	File and Printer Sharing (NB-Datagram-In)
	Origin:	Local
	Active:	Yes
	Direction:	Inbound
	Profiles:	Private
	Action:	Allow
	Application Path:	System
	Service Name:	
	Protocol:	UDP
	Security Options:	None
	Edge Traversal:	None
	Modifying User:	DESKTOP-QB4O65F\Administrator
	Modifying Application:	C:\Windows\System32\dllhost.exe"
Information,2/12/2023 11:50:18 PM,Microsoft-Windows-Windows Firewall With Advanced Security,2004,None,"A rule has been added to the Windows Defender Firewall exception list.

Added Rule:
	Rule ID:	{18365BA8-FCE5-4691-A3DD-843C9698B5A9}
	Rule Name:	File and Printer Sharing (NB-Datagram-In)
	Origin:	Local
	Active:	No
	Direction:	Inbound
	Profiles:	Private
	Action:	Allow
	Application Path:	System
	Service Name:	
	Protocol:	UDP
	Security Options:	None
	Edge Traversal:	None
	Modifying User:	DESKTOP-QB4O65F\Administrator
	Modifying Application:	C:\Windows\System32\dllhost.exe"
Information,2/12/2023 11:50:18 PM,Microsoft-Windows-Windows Firewall With Advanced Security,2005,None,"A rule has been modified in the Windows Defender Firewall exception list.

Modified Rule:
	Rule ID:	FPS-NB_Datagram-In-UDP
	Rule Name:	File and Printer Sharing (NB-Datagram-In)
	Origin:	Local
	Active:	No
	Direction:	Inbound
	Profiles:	Public
	Action:	Allow
	Application Path:	System
	Service Name:	
	Protocol:	UDP
	Security Options:	None
	Edge Traversal:	None
	Modifying User:	DESKTOP-QB4O65F\Administrator
	Modifying Application:	C:\Windows\System32\dllhost.exe"
Information,2/12/2023 11:50:18 PM,Microsoft-Windows-Windows Firewall With Advanced Security,2005,None,"A rule has been modified in the Windows Defender Firewall exception list.

Modified Rule:
	Rule ID:	{423425C2-139C-45AE-8789-488296DCBAD7}
	Rule Name:	File and Printer Sharing (NB-Datagram-Out)
	Origin:	Local
	Active:	Yes
	Direction:	Outbound
	Profiles:	Private
	Action:	Allow
	Application Path:	System
	Service Name:	
	Protocol:	UDP
	Security Options:	None
	Edge Traversal:	None
	Modifying User:	DESKTOP-QB4O65F\Administrator
	Modifying Application:	C:\Windows\System32\dllhost.exe"
Information,2/12/2023 11:50:18 PM,Microsoft-Windows-Windows Firewall With Advanced Security,2004,None,"A rule has been added to the Windows Defender Firewall exception list.

Added Rule:
	Rule ID:	{423425C2-139C-45AE-8789-488296DCBAD7}
	Rule Name:	File and Printer Sharing (NB-Datagram-Out)
	Origin:	Local
	Active:	No
	Direction:	Outbound
	Profiles:	Private
	Action:	Allow
	Application Path:	System
	Service Name:	
	Protocol:	UDP
	Security Options:	None
	Edge Traversal:	None
	Modifying User:	DESKTOP-QB4O65F\Administrator
	Modifying Application:	C:\Windows\System32\dllhost.exe"
Information,2/12/2023 11:50:18 PM,Microsoft-Windows-Windows Firewall With Advanced Security,2005,None,"A rule has been modified in the Windows Defender Firewall exception list.

Modified Rule:
	Rule ID:	FPS-NB_Datagram-Out-UDP
	Rule Name:	File and Printer Sharing (NB-Datagram-Out)
	Origin:	Local
	Active:	No
	Direction:	Outbound
	Profiles:	Public
	Action:	Allow
	Application Path:	System
	Service Name:	
	Protocol:	UDP
	Security Options:	None
	Edge Traversal:	None
	Modifying User:	DESKTOP-QB4O65F\Administrator
	Modifying Application:	C:\Windows\System32\dllhost.exe"
Information,2/12/2023 11:50:18 PM,Microsoft-Windows-Windows Firewall With Advanced Security,2005,None,"A rule has been modified in the Windows Defender Firewall exception list.

Modified Rule:
	Rule ID:	{075A2BA2-82D7-4DAA-802B-988CA6F0B309}
	Rule Name:	File and Printer Sharing (Spooler Service - RPC)
	Origin:	Local
	Active:	Yes
	Direction:	Inbound
	Profiles:	Private
	Action:	Allow
	Application Path:	C:\Windows\system32\spoolsv.exe
	Service Name:	Spooler
	Protocol:	TCP
	Security Options:	None
	Edge Traversal:	None
	Modifying User:	DESKTOP-QB4O65F\Administrator
	Modifying Application:	C:\Windows\System32\dllhost.exe"
Information,2/12/2023 11:50:18 PM,Microsoft-Windows-Windows Firewall With Advanced Security,2004,None,"A rule has been added to the Windows Defender Firewall exception list.

Added Rule:
	Rule ID:	{075A2BA2-82D7-4DAA-802B-988CA6F0B309}
	Rule Name:	File and Printer Sharing (Spooler Service - RPC)
	Origin:	Local
	Active:	No
	Direction:	Inbound
	Profiles:	Private
	Action:	Allow
	Application Path:	C:\Windows\system32\spoolsv.exe
	Service Name:	Spooler
	Protocol:	TCP
	Security Options:	None
	Edge Traversal:	None
	Modifying User:	DESKTOP-QB4O65F\Administrator
	Modifying Application:	C:\Windows\System32\dllhost.exe"
Information,2/12/2023 11:50:18 PM,Microsoft-Windows-Windows Firewall With Advanced Security,2005,None,"A rule has been modified in the Windows Defender Firewall exception list.

Modified Rule:
	Rule ID:	FPS-SpoolSvc-In-TCP
	Rule Name:	File and Printer Sharing (Spooler Service - RPC)
	Origin:	Local
	Active:	No
	Direction:	Inbound
	Profiles:	Public
	Action:	Allow
	Application Path:	C:\Windows\system32\spoolsv.exe
	Service Name:	Spooler
	Protocol:	TCP
	Security Options:	None
	Edge Traversal:	None
	Modifying User:	DESKTOP-QB4O65F\Administrator
	Modifying Application:	C:\Windows\System32\dllhost.exe"
Information,2/12/2023 11:50:18 PM,Microsoft-Windows-Windows Firewall With Advanced Security,2005,None,"A rule has been modified in the Windows Defender Firewall exception list.

Modified Rule:
	Rule ID:	{843EA652-325E-48CD-BDB9-2C85B1883C2E}
	Rule Name:	File and Printer Sharing (Spooler Service - RPC-EPMAP)
	Origin:	Local
	Active:	Yes
	Direction:	Inbound
	Profiles:	Private
	Action:	Allow
	Application Path:	C:\Windows\system32\svchost.exe
	Service Name:	Rpcss
	Protocol:	TCP
	Security Options:	None
	Edge Traversal:	None
	Modifying User:	DESKTOP-QB4O65F\Administrator
	Modifying Application:	C:\Windows\System32\dllhost.exe"
Information,2/12/2023 11:50:18 PM,Microsoft-Windows-Windows Firewall With Advanced Security,2004,None,"A rule has been added to the Windows Defender Firewall exception list.

Added Rule:
	Rule ID:	{843EA652-325E-48CD-BDB9-2C85B1883C2E}
	Rule Name:	File and Printer Sharing (Spooler Service - RPC-EPMAP)
	Origin:	Local
	Active:	No
	Direction:	Inbound
	Profiles:	Private
	Action:	Allow
	Application Path:	C:\Windows\system32\svchost.exe
	Service Name:	Rpcss
	Protocol:	TCP
	Security Options:	None
	Edge Traversal:	None
	Modifying User:	DESKTOP-QB4O65F\Administrator
	Modifying Application:	C:\Windows\System32\dllhost.exe"
Information,2/12/2023 11:50:18 PM,Microsoft-Windows-Windows Firewall With Advanced Security,2005,None,"A rule has been modified in the Windows Defender Firewall exception list.

Modified Rule:
	Rule ID:	FPS-RPCSS-In-TCP
	Rule Name:	File and Printer Sharing (Spooler Service - RPC-EPMAP)
	Origin:	Local
	Active:	No
	Direction:	Inbound
	Profiles:	Public
	Action:	Allow
	Application Path:	C:\Windows\system32\svchost.exe
	Service Name:	Rpcss
	Protocol:	TCP
	Security Options:	None
	Edge Traversal:	None
	Modifying User:	DESKTOP-QB4O65F\Administrator
	Modifying Application:	C:\Windows\System32\dllhost.exe"
Information,2/12/2023 11:50:18 PM,Microsoft-Windows-Windows Firewall With Advanced Security,2005,None,"A rule has been modified in the Windows Defender Firewall exception list.

Modified Rule:
	Rule ID:	{8500138E-E691-4057-8A12-2269B2BA2B2E}
	Rule Name:	File and Printer Sharing (Echo Request - ICMPv4-In)
	Origin:	Local
	Active:	Yes
	Direction:	Inbound
	Profiles:	Private
	Action:	Allow
	Application Path:	System
	Service Name:	
	Protocol:	ICMP V4
	Security Options:	None
	Edge Traversal:	None
	Modifying User:	DESKTOP-QB4O65F\Administrator
	Modifying Application:	C:\Windows\System32\dllhost.exe"
Information,2/12/2023 11:50:18 PM,Microsoft-Windows-Windows Firewall With Advanced Security,2004,None,"A rule has been added to the Windows Defender Firewall exception list.

Added Rule:
	Rule ID:	{8500138E-E691-4057-8A12-2269B2BA2B2E}
	Rule Name:	File and Printer Sharing (Echo Request - ICMPv4-In)
	Origin:	Local
	Active:	No
	Direction:	Inbound
	Profiles:	Private
	Action:	Allow
	Application Path:	System
	Service Name:	
	Protocol:	ICMP V4
	Security Options:	None
	Edge Traversal:	None
	Modifying User:	DESKTOP-QB4O65F\Administrator
	Modifying Application:	C:\Windows\System32\dllhost.exe"
Information,2/12/2023 11:50:18 PM,Microsoft-Windows-Windows Firewall With Advanced Security,2005,None,"A rule has been modified in the Windows Defender Firewall exception list.

Modified Rule:
	Rule ID:	FPS-ICMP4-ERQ-In
	Rule Name:	File and Printer Sharing (Echo Request - ICMPv4-In)
	Origin:	Local
	Active:	No
	Direction:	Inbound
	Profiles:	Public
	Action:	Allow
	Application Path:	System
	Service Name:	
	Protocol:	ICMP V4
	Security Options:	None
	Edge Traversal:	None
	Modifying User:	DESKTOP-QB4O65F\Administrator
	Modifying Application:	C:\Windows\System32\dllhost.exe"
Information,2/12/2023 11:50:18 PM,Microsoft-Windows-Windows Firewall With Advanced Security,2005,None,"A rule has been modified in the Windows Defender Firewall exception list.

Modified Rule:
	Rule ID:	{74CE2C3B-5AA1-4D07-B560-436A9D3CC183}
	Rule Name:	File and Printer Sharing (Echo Request - ICMPv4-Out)
	Origin:	Local
	Active:	Yes
	Direction:	Outbound
	Profiles:	Private
	Action:	Allow
	Application Path:	System
	Service Name:	
	Protocol:	ICMP V4
	Security Options:	None
	Edge Traversal:	None
	Modifying User:	DESKTOP-QB4O65F\Administrator
	Modifying Application:	C:\Windows\System32\dllhost.exe"
Information,2/12/2023 11:50:18 PM,Microsoft-Windows-Windows Firewall With Advanced Security,2004,None,"A rule has been added to the Windows Defender Firewall exception list.

Added Rule:
	Rule ID:	{74CE2C3B-5AA1-4D07-B560-436A9D3CC183}
	Rule Name:	File and Printer Sharing (Echo Request - ICMPv4-Out)
	Origin:	Local
	Active:	No
	Direction:	Outbound
	Profiles:	Private
	Action:	Allow
	Application Path:	System
	Service Name:	
	Protocol:	ICMP V4
	Security Options:	None
	Edge Traversal:	None
	Modifying User:	DESKTOP-QB4O65F\Administrator
	Modifying Application:	C:\Windows\System32\dllhost.exe"
Information,2/12/2023 11:50:18 PM,Microsoft-Windows-Windows Firewall With Advanced Security,2005,None,"A rule has been modified in the Windows Defender Firewall exception list.

Modified Rule:
	Rule ID:	FPS-ICMP4-ERQ-Out
	Rule Name:	File and Printer Sharing (Echo Request - ICMPv4-Out)
	Origin:	Local
	Active:	No
	Direction:	Outbound
	Profiles:	Public
	Action:	Allow
	Application Path:	System
	Service Name:	
	Protocol:	ICMP V4
	Security Options:	None
	Edge Traversal:	None
	Modifying User:	DESKTOP-QB4O65F\Administrator
	Modifying Application:	C:\Windows\System32\dllhost.exe"
Information,2/12/2023 11:50:18 PM,Microsoft-Windows-Windows Firewall With Advanced Security,2005,None,"A rule has been modified in the Windows Defender Firewall exception list.

Modified Rule:
	Rule ID:	{851141FA-B5BE-4333-93A5-7405804B39F8}
	Rule Name:	File and Printer Sharing (Echo Request - ICMPv6-In)
	Origin:	Local
	Active:	Yes
	Direction:	Inbound
	Profiles:	Private
	Action:	Allow
	Application Path:	System
	Service Name:	
	Protocol:	ICMP V6
	Security Options:	None
	Edge Traversal:	None
	Modifying User:	DESKTOP-QB4O65F\Administrator
	Modifying Application:	C:\Windows\System32\dllhost.exe"
Information,2/12/2023 11:50:18 PM,Microsoft-Windows-Windows Firewall With Advanced Security,2004,None,"A rule has been added to the Windows Defender Firewall exception list.

Added Rule:
	Rule ID:	{851141FA-B5BE-4333-93A5-7405804B39F8}
	Rule Name:	File and Printer Sharing (Echo Request - ICMPv6-In)
	Origin:	Local
	Active:	No
	Direction:	Inbound
	Profiles:	Private
	Action:	Allow
	Application Path:	System
	Service Name:	
	Protocol:	ICMP V6
	Security Options:	None
	Edge Traversal:	None
	Modifying User:	DESKTOP-QB4O65F\Administrator
	Modifying Application:	C:\Windows\System32\dllhost.exe"
Information,2/12/2023 11:50:18 PM,Microsoft-Windows-Windows Firewall With Advanced Security,2005,None,"A rule has been modified in the Windows Defender Firewall exception list.

Modified Rule:
	Rule ID:	FPS-ICMP6-ERQ-In
	Rule Name:	File and Printer Sharing (Echo Request - ICMPv6-In)
	Origin:	Local
	Active:	No
	Direction:	Inbound
	Profiles:	Public
	Action:	Allow
	Application Path:	System
	Service Name:	
	Protocol:	ICMP V6
	Security Options:	None
	Edge Traversal:	None
	Modifying User:	DESKTOP-QB4O65F\Administrator
	Modifying Application:	C:\Windows\System32\dllhost.exe"
Information,2/12/2023 11:50:18 PM,Microsoft-Windows-Windows Firewall With Advanced Security,2005,None,"A rule has been modified in the Windows Defender Firewall exception list.

Modified Rule:
	Rule ID:	{5E5CEEB6-46A1-408F-B618-12B752270A13}
	Rule Name:	File and Printer Sharing (Echo Request - ICMPv6-Out)
	Origin:	Local
	Active:	Yes
	Direction:	Outbound
	Profiles:	Private
	Action:	Allow
	Application Path:	System
	Service Name:	
	Protocol:	ICMP V6
	Security Options:	None
	Edge Traversal:	None
	Modifying User:	DESKTOP-QB4O65F\Administrator
	Modifying Application:	C:\Windows\System32\dllhost.exe"
Information,2/12/2023 11:50:18 PM,Microsoft-Windows-Windows Firewall With Advanced Security,2004,None,"A rule has been added to the Windows Defender Firewall exception list.

Added Rule:
	Rule ID:	{5E5CEEB6-46A1-408F-B618-12B752270A13}
	Rule Name:	File and Printer Sharing (Echo Request - ICMPv6-Out)
	Origin:	Local
	Active:	No
	Direction:	Outbound
	Profiles:	Private
	Action:	Allow
	Application Path:	System
	Service Name:	
	Protocol:	ICMP V6
	Security Options:	None
	Edge Traversal:	None
	Modifying User:	DESKTOP-QB4O65F\Administrator
	Modifying Application:	C:\Windows\System32\dllhost.exe"
Information,2/12/2023 11:50:18 PM,Microsoft-Windows-Windows Firewall With Advanced Security,2005,None,"A rule has been modified in the Windows Defender Firewall exception list.

Modified Rule:
	Rule ID:	FPS-ICMP6-ERQ-Out
	Rule Name:	File and Printer Sharing (Echo Request - ICMPv6-Out)
	Origin:	Local
	Active:	No
	Direction:	Outbound
	Profiles:	Public
	Action:	Allow
	Application Path:	System
	Service Name:	
	Protocol:	ICMP V6
	Security Options:	None
	Edge Traversal:	None
	Modifying User:	DESKTOP-QB4O65F\Administrator
	Modifying Application:	C:\Windows\System32\dllhost.exe"
Information,2/12/2023 11:50:18 PM,Microsoft-Windows-Windows Firewall With Advanced Security,2005,None,"A rule has been modified in the Windows Defender Firewall exception list.

Modified Rule:
	Rule ID:	{7FDE4E6F-8A5B-4A1A-B28D-B3B84D94129B}
	Rule Name:	File and Printer Sharing (LLMNR-UDP-In)
	Origin:	Local
	Active:	Yes
	Direction:	Inbound
	Profiles:	Private
	Action:	Allow
	Application Path:	C:\Windows\system32\svchost.exe
	Service Name:	dnscache
	Protocol:	UDP
	Security Options:	None
	Edge Traversal:	None
	Modifying User:	DESKTOP-QB4O65F\Administrator
	Modifying Application:	C:\Windows\System32\dllhost.exe"
Information,2/12/2023 11:50:18 PM,Microsoft-Windows-Windows Firewall With Advanced Security,2004,None,"A rule has been added to the Windows Defender Firewall exception list.

Added Rule:
	Rule ID:	{7FDE4E6F-8A5B-4A1A-B28D-B3B84D94129B}
	Rule Name:	File and Printer Sharing (LLMNR-UDP-In)
	Origin:	Local
	Active:	No
	Direction:	Inbound
	Profiles:	Private
	Action:	Allow
	Application Path:	C:\Windows\system32\svchost.exe
	Service Name:	dnscache
	Protocol:	UDP
	Security Options:	None
	Edge Traversal:	None
	Modifying User:	DESKTOP-QB4O65F\Administrator
	Modifying Application:	C:\Windows\System32\dllhost.exe"
Information,2/12/2023 11:50:18 PM,Microsoft-Windows-Windows Firewall With Advanced Security,2005,None,"A rule has been modified in the Windows Defender Firewall exception list.

Modified Rule:
	Rule ID:	FPS-LLMNR-In-UDP
	Rule Name:	File and Printer Sharing (LLMNR-UDP-In)
	Origin:	Local
	Active:	No
	Direction:	Inbound
	Profiles:	Public, Domain
	Action:	Allow
	Application Path:	C:\Windows\system32\svchost.exe
	Service Name:	dnscache
	Protocol:	UDP
	Security Options:	None
	Edge Traversal:	None
	Modifying User:	DESKTOP-QB4O65F\Administrator
	Modifying Application:	C:\Windows\System32\dllhost.exe"
Information,2/12/2023 11:50:18 PM,Microsoft-Windows-Windows Firewall With Advanced Security,2005,None,"A rule has been modified in the Windows Defender Firewall exception list.

Modified Rule:
	Rule ID:	{E9A26E16-6485-413C-8CA3-58B2638A871E}
	Rule Name:	File and Printer Sharing (LLMNR-UDP-Out)
	Origin:	Local
	Active:	Yes
	Direction:	Outbound
	Profiles:	Private
	Action:	Allow
	Application Path:	C:\Windows\system32\svchost.exe
	Service Name:	dnscache
	Protocol:	UDP
	Security Options:	None
	Edge Traversal:	None
	Modifying User:	DESKTOP-QB4O65F\Administrator
	Modifying Application:	C:\Windows\System32\dllhost.exe"
Information,2/12/2023 11:50:18 PM,Microsoft-Windows-Windows Firewall With Advanced Security,2004,None,"A rule has been added to the Windows Defender Firewall exception list.

Added Rule:
	Rule ID:	{E9A26E16-6485-413C-8CA3-58B2638A871E}
	Rule Name:	File and Printer Sharing (LLMNR-UDP-Out)
	Origin:	Local
	Active:	No
	Direction:	Outbound
	Profiles:	Private
	Action:	Allow
	Application Path:	C:\Windows\system32\svchost.exe
	Service Name:	dnscache
	Protocol:	UDP
	Security Options:	None
	Edge Traversal:	None
	Modifying User:	DESKTOP-QB4O65F\Administrator
	Modifying Application:	C:\Windows\System32\dllhost.exe"
Information,2/12/2023 11:50:18 PM,Microsoft-Windows-Windows Firewall With Advanced Security,2005,None,"A rule has been modified in the Windows Defender Firewall exception list.

Modified Rule:
	Rule ID:	FPS-LLMNR-Out-UDP
	Rule Name:	File and Printer Sharing (LLMNR-UDP-Out)
	Origin:	Local
	Active:	No
	Direction:	Outbound
	Profiles:	Public, Domain
	Action:	Allow
	Application Path:	C:\Windows\system32\svchost.exe
	Service Name:	dnscache
	Protocol:	UDP
	Security Options:	None
	Edge Traversal:	None
	Modifying User:	DESKTOP-QB4O65F\Administrator
	Modifying Application:	C:\Windows\System32\dllhost.exe"
Information,2/12/2023 11:49:08 PM,Microsoft-Windows-Windows Firewall With Advanced Security,2002,None,"A Windows Defender Firewall setting has changed.

New Setting:
	Type:	Current Profile
	Value:	Private
	Modifying User:	NT SERVICE\mpssvc
	Modifying Application:	"
Information,2/12/2023 11:49:07 PM,Microsoft-Windows-Windows Firewall With Advanced Security,2010,None,"Network profile changed on an interface.

Adapter GUID:	{8ce01218-1929-49d7-bf64-4d58b329d5fb}
Adapter Name:	ethernet_32770
Old Profile:	Public
New Profile:	Private"
Information,2/12/2023 11:48:15 PM,Microsoft-Windows-Windows Firewall With Advanced Security,2010,None,"Network profile changed on an interface.

Adapter GUID:	{8ce01218-1929-49d7-bf64-4d58b329d5fb}
Adapter Name:	ethernet_32770
Old Profile:	None
New Profile:	Public"
Information,9/9/2021 10:11:10 PM,Microsoft-Windows-Windows Firewall With Advanced Security,2004,None,"A rule has been added to the Windows Defender Firewall exception list.

Added Rule:
	Rule ID:	{7595FCAF-0EE6-40BA-BEB5-C306F93CA4AE}
	Rule Name:	Microsoft Office Outlook
	Origin:	Local
	Active:	Yes
	Direction:	Inbound
	Profiles:	Private
	Action:	Allow
	Application Path:	C:\Program Files\Microsoft Office\Office16\outlook.exe
	Service Name:	
	Protocol:	UDP
	Security Options:	None
	Edge Traversal:	None
	Modifying User:	SYSTEM
	Modifying Application:	C:\Windows\System32\msiexec.exe"
Information,9/9/2021 10:11:08 PM,Microsoft-Windows-Windows Firewall With Advanced Security,2004,None,"A rule has been added to the Windows Defender Firewall exception list.

Added Rule:
	Rule ID:	{D19EED1F-7849-45CD-AE51-FA7CFAEB5457}
	Rule Name:	Skype for Business UcMapi
	Origin:	Local
	Active:	Yes
	Direction:	Inbound
	Profiles:	Private
	Action:	Allow
	Application Path:	C:\Program Files\Microsoft Office\Office16\UcMapi.exe
	Service Name:	
	Protocol:	UDP
	Security Options:	None
	Edge Traversal:	None
	Modifying User:	SYSTEM
	Modifying Application:	C:\Windows\System32\msiexec.exe"
Information,9/9/2021 10:11:08 PM,Microsoft-Windows-Windows Firewall With Advanced Security,2004,None,"A rule has been added to the Windows Defender Firewall exception list.

Added Rule:
	Rule ID:	{E4854552-233A-4378-A177-AB0F28597A82}
	Rule Name:	Skype for Business UcMapi
	Origin:	Local
	Active:	Yes
	Direction:	Inbound
	Profiles:	Private
	Action:	Allow
	Application Path:	C:\Program Files\Microsoft Office\Office16\UcMapi.exe
	Service Name:	
	Protocol:	TCP
	Security Options:	None
	Edge Traversal:	None
	Modifying User:	SYSTEM
	Modifying Application:	C:\Windows\System32\msiexec.exe"
Information,9/9/2021 10:11:08 PM,Microsoft-Windows-Windows Firewall With Advanced Security,2004,None,"A rule has been added to the Windows Defender Firewall exception list.

Added Rule:
	Rule ID:	{90629A95-84AD-4FD4-ABD7-A2235C4DE5FF}
	Rule Name:	Skype for Business
	Origin:	Local
	Active:	Yes
	Direction:	Inbound
	Profiles:	Private
	Action:	Allow
	Application Path:	C:\Program Files\Microsoft Office\Office16\lync.exe
	Service Name:	
	Protocol:	UDP
	Security Options:	None
	Edge Traversal:	None
	Modifying User:	SYSTEM
	Modifying Application:	C:\Windows\System32\msiexec.exe"
Information,9/9/2021 10:11:08 PM,Microsoft-Windows-Windows Firewall With Advanced Security,2004,None,"A rule has been added to the Windows Defender Firewall exception list.

Added Rule:
	Rule ID:	{07047DF3-1B66-412C-AB33-F7319080E2C6}
	Rule Name:	Skype for Business
	Origin:	Local
	Active:	Yes
	Direction:	Inbound
	Profiles:	Private
	Action:	Allow
	Application Path:	C:\Program Files\Microsoft Office\Office16\lync.exe
	Service Name:	
	Protocol:	TCP
	Security Options:	None
	Edge Traversal:	None
	Modifying User:	SYSTEM
	Modifying Application:	C:\Windows\System32\msiexec.exe"
Information,9/9/2021 9:47:58 PM,Microsoft-Windows-Windows Firewall With Advanced Security,2002,None,"A Windows Defender Firewall setting has changed.

New Setting:
	Type:	Current Profile
	Value:	Private
	Modifying User:	NT SERVICE\mpssvc
	Modifying Application:	"
Information,9/9/2021 9:47:58 PM,Microsoft-Windows-Windows Firewall With Advanced Security,2010,None,"Network profile changed on an interface.

Adapter GUID:	{444b9b0e-3de4-4d79-b24d-8ce2374e5ede}
Adapter Name:	ethernet_32769
Old Profile:	None
New Profile:	Private"
Information,9/9/2021 9:47:52 PM,Microsoft-Windows-Windows Firewall With Advanced Security,2002,None,"A Windows Defender Firewall setting has changed.

New Setting:
	Type:	Current Profile
	Value:	Public
	Modifying User:	NT SERVICE\mpssvc
	Modifying Application:	"
Information,9/9/2021 9:47:52 PM,Microsoft-Windows-Windows Firewall With Advanced Security,2010,None,"Network profile changed on an interface.

Adapter GUID:	{444b9b0e-3de4-4d79-b24d-8ce2374e5ede}
Adapter Name:	ethernet_32769
Old Profile:	Private
New Profile:	None"
Information,9/9/2021 9:47:41 PM,Microsoft-Windows-Windows Firewall With Advanced Security,2002,None,"A Windows Defender Firewall setting has changed.

New Setting:
	Type:	Current Profile
	Value:	Private
	Modifying User:	NT SERVICE\mpssvc
	Modifying Application:	"
Information,9/9/2021 9:47:41 PM,Microsoft-Windows-Windows Firewall With Advanced Security,2010,None,"Network profile changed on an interface.

Adapter GUID:	{444b9b0e-3de4-4d79-b24d-8ce2374e5ede}
Adapter Name:	ethernet_32769
Old Profile:	None
New Profile:	Private"
Information,9/9/2021 9:47:36 PM,Microsoft-Windows-Windows Firewall With Advanced Security,2002,None,"A Windows Defender Firewall setting has changed.

New Setting:
	Type:	Current Profile
	Value:	Public
	Modifying User:	NT SERVICE\mpssvc
	Modifying Application:	"
Information,9/9/2021 9:47:36 PM,Microsoft-Windows-Windows Firewall With Advanced Security,2010,None,"Network profile changed on an interface.

Adapter GUID:	{444b9b0e-3de4-4d79-b24d-8ce2374e5ede}
Adapter Name:	ethernet_32769
Old Profile:	Private
New Profile:	None"
Information,9/9/2021 9:47:15 PM,Microsoft-Windows-Windows Firewall With Advanced Security,2002,None,"A Windows Defender Firewall setting has changed.

New Setting:
	Type:	Current Profile
	Value:	Private
	Modifying User:	NT SERVICE\mpssvc
	Modifying Application:	"
Information,9/9/2021 9:47:15 PM,Microsoft-Windows-Windows Firewall With Advanced Security,2010,None,"Network profile changed on an interface.

Adapter GUID:	{444b9b0e-3de4-4d79-b24d-8ce2374e5ede}
Adapter Name:	ethernet_32769
Old Profile:	Public
New Profile:	Private"
Information,9/9/2021 9:47:15 PM,Microsoft-Windows-Windows Firewall With Advanced Security,2010,None,"Network profile changed on an interface.

Adapter GUID:	{444b9b0e-3de4-4d79-b24d-8ce2374e5ede}
Adapter Name:	ethernet_32769
Old Profile:	None
New Profile:	Public"
Information,9/9/2021 9:47:10 PM,Microsoft-Windows-Windows Firewall With Advanced Security,2002,None,"A Windows Defender Firewall setting has changed.

New Setting:
	Type:	Current Profile
	Value:	Public
	Modifying User:	NT SERVICE\mpssvc
	Modifying Application:	"
Information,9/9/2021 9:47:10 PM,Microsoft-Windows-Windows Firewall With Advanced Security,2010,None,"Network profile changed on an interface.

Adapter GUID:	{444b9b0e-3de4-4d79-b24d-8ce2374e5ede}
Adapter Name:	ethernet_32769
Old Profile:	Private
New Profile:	None"
Information,9/9/2021 9:44:55 PM,Microsoft-Windows-Windows Firewall With Advanced Security,2004,None,"A rule has been added to the Windows Defender Firewall exception list.

Added Rule:
	Rule ID:	{8712D3BF-473C-4464-AEE9-260227B8B26E}
	Rule Name:	WinDefend Outbound for TCP
	Origin:	Local
	Active:	Yes
	Direction:	Outbound
	Profiles:	Private,Domain, Public
	Action:	Allow
	Application Path:	C:\ProgramData\Microsoft\Windows Defender\platform\4.18.2108.7-0\MsMpEng.exe
	Service Name:	WinDefend
	Protocol:	TCP
	Security Options:	None
	Edge Traversal:	None
	Modifying User:	SYSTEM
	Modifying Application:	C:\ProgramData\Microsoft\Windows Defender\Platform\4.18.2108.7-0\MsMpEng.exe"
Information,9/9/2021 9:44:55 PM,Microsoft-Windows-Windows Firewall With Advanced Security,2006,None,"A rule has been deleted in the Windows Defender Firewall exception list.

Deleted Rule:
	Rule ID:	{7513D50E-4A6A-4ABE-8306-2B9BF0828982}
	Rule Name:	WinDefend Outbound for TCP
	Modifying User:	SYSTEM
	Modifying Application:	C:\ProgramData\Microsoft\Windows Defender\Platform\4.18.2108.7-0\MsMpEng.exe"
Information,9/9/2021 9:44:55 PM,Microsoft-Windows-Windows Firewall With Advanced Security,2004,None,"A rule has been added to the Windows Defender Firewall exception list.

Added Rule:
	Rule ID:	76001122-5412-440c-adc4-372e479daaed
	Rule Name:	Outbound service restriction rule for WinDefend
	Origin:	Local
	Active:	Yes
	Direction:	Outbound
	Profiles:	Private,Domain, Public
	Action:	Block
	Application Path:	C:\ProgramData\Microsoft\Windows Defender\platform\4.18.2108.7-0\MsMpEng.exe
	Service Name:	WinDefend
	Protocol:	Any
	Security Options:	None
	Edge Traversal:	None
	Modifying User:	SYSTEM
	Modifying Application:	C:\ProgramData\Microsoft\Windows Defender\Platform\4.18.2108.7-0\MsMpEng.exe"
Information,9/9/2021 9:44:55 PM,Microsoft-Windows-Windows Firewall With Advanced Security,2004,None,"A rule has been added to the Windows Defender Firewall exception list.

Added Rule:
	Rule ID:	132ec2b1-6a65-4f2f-9b12-65c5cb0700ca
	Rule Name:	Inbound service restriction rule for WinDefend
	Origin:	Local
	Active:	Yes
	Direction:	Inbound
	Profiles:	Private,Domain, Public
	Action:	Block
	Application Path:	C:\ProgramData\Microsoft\Windows Defender\platform\4.18.2108.7-0\MsMpEng.exe
	Service Name:	WinDefend
	Protocol:	Any
	Security Options:	None
	Edge Traversal:	None
	Modifying User:	SYSTEM
	Modifying Application:	C:\ProgramData\Microsoft\Windows Defender\Platform\4.18.2108.7-0\MsMpEng.exe"
Information,9/9/2021 9:44:55 PM,Microsoft-Windows-Windows Firewall With Advanced Security,2006,None,"A rule has been deleted in the Windows Defender Firewall exception list.

Deleted Rule:
	Rule ID:	0af902a0-7dc1-4c4c-bd13-6f5889923766
	Rule Name:	Outbound service restriction rule for WinDefend
	Modifying User:	SYSTEM
	Modifying Application:	C:\ProgramData\Microsoft\Windows Defender\Platform\4.18.2108.7-0\MsMpEng.exe"
Information,9/9/2021 9:44:55 PM,Microsoft-Windows-Windows Firewall With Advanced Security,2006,None,"A rule has been deleted in the Windows Defender Firewall exception list.

Deleted Rule:
	Rule ID:	9c9930a0-c4a0-4e5f-be53-a924504cf1d0
	Rule Name:	Inbound service restriction rule for WinDefend
	Modifying User:	SYSTEM
	Modifying Application:	C:\ProgramData\Microsoft\Windows Defender\Platform\4.18.2108.7-0\MsMpEng.exe"
Information,9/9/2021 9:41:28 PM,Microsoft-Windows-Windows Firewall With Advanced Security,2004,None,"A rule has been added to the Windows Defender Firewall exception list.

Added Rule:
	Rule ID:	{DD17F254-FFAB-4C44-A598-E65A6CE0F658}
	Rule Name:	Microsoft Edge
	Origin:	Local
	Active:	Yes
	Direction:	Outbound
	Profiles:	Private,Domain, Public
	Action:	Block
	Application Path:	
	Service Name:	
	Protocol:	Any
	Security Options:	None
	Edge Traversal:	None
	Modifying User:	NT SERVICE\mpssvc
	Modifying Application:	C:\Windows\System32\svchost.exe"
Information,9/9/2021 9:41:28 PM,Microsoft-Windows-Windows Firewall With Advanced Security,2004,None,"A rule has been added to the Windows Defender Firewall exception list.

Added Rule:
	Rule ID:	{F31A188C-08D2-4520-A7E0-A3ED7B71094E}
	Rule Name:	Microsoft Edge
	Origin:	Local
	Active:	Yes
	Direction:	Inbound
	Profiles:	Private,Domain, Public
	Action:	Block
	Application Path:	
	Service Name:	
	Protocol:	Any
	Security Options:	None
	Edge Traversal:	None
	Modifying User:	NT SERVICE\mpssvc
	Modifying Application:	C:\Windows\System32\svchost.exe"
Information,9/9/2021 9:41:28 PM,Microsoft-Windows-Windows Firewall With Advanced Security,2006,None,"A rule has been deleted in the Windows Defender Firewall exception list.

Deleted Rule:
	Rule ID:	{8883965C-BABE-44A3-9102-2CD8760DD57F}
	Rule Name:	Microsoft Edge
	Modifying User:	NT SERVICE\mpssvc
	Modifying Application:	C:\Windows\System32\svchost.exe"
Information,9/9/2021 9:41:28 PM,Microsoft-Windows-Windows Firewall With Advanced Security,2006,None,"A rule has been deleted in the Windows Defender Firewall exception list.

Deleted Rule:
	Rule ID:	{D1A361A3-1BF1-417F-AD3E-7E84CCC0AFED}
	Rule Name:	Microsoft Edge
	Modifying User:	NT SERVICE\mpssvc
	Modifying Application:	C:\Windows\System32\svchost.exe"
Information,9/9/2021 9:41:27 PM,Microsoft-Windows-Windows Firewall With Advanced Security,2004,None,"A rule has been added to the Windows Defender Firewall exception list.

Added Rule:
	Rule ID:	{23725F0A-C93F-4A70-9793-41ACA945912F}
	Rule Name:	Microsoft Edge (mDNS-In)
	Origin:	Local
	Active:	Yes
	Direction:	Inbound
	Profiles:	Private,Domain, Public
	Action:	Allow
	Application Path:	C:\Program Files (x86)\Microsoft\Edge\Application\msedge.exe
	Service Name:	
	Protocol:	UDP
	Security Options:	None
	Edge Traversal:	None
	Modifying User:	SYSTEM
	Modifying Application:	C:\Program Files (x86)\Microsoft\EdgeUpdate\Install\{03F154C2-8C65-485E-B105-D7459B280157}\EDGEMITMP_0541C.tmp\setup.exe"
Information,9/9/2021 9:41:27 PM,Microsoft-Windows-Windows Firewall With Advanced Security,2006,None,"A rule has been deleted in the Windows Defender Firewall exception list.

Deleted Rule:
	Rule ID:	{77207D42-02DD-4C95-93E9-D86287DBA4FD}
	Rule Name:	8f939eab-34d0-43e7-b42f-7e74c01f23c9
	Modifying User:	SYSTEM
	Modifying Application:	C:\Program Files (x86)\Microsoft\EdgeUpdate\Install\{03F154C2-8C65-485E-B105-D7459B280157}\EDGEMITMP_0541C.tmp\setup.exe"
Information,9/9/2021 9:41:27 PM,Microsoft-Windows-Windows Firewall With Advanced Security,2005,None,"A rule has been modified in the Windows Defender Firewall exception list.

Modified Rule:
	Rule ID:	{77207D42-02DD-4C95-93E9-D86287DBA4FD}
	Rule Name:	8f939eab-34d0-43e7-b42f-7e74c01f23c9
	Origin:	Local
	Active:	Yes
	Direction:	Inbound
	Profiles:	Private,Domain, Public
	Action:	Allow
	Application Path:	C:\Program Files (x86)\Microsoft\Edge\Application\msedge.exe
	Service Name:	
	Protocol:	UDP
	Security Options:	None
	Edge Traversal:	None
	Modifying User:	SYSTEM
	Modifying Application:	C:\Program Files (x86)\Microsoft\EdgeUpdate\Install\{03F154C2-8C65-485E-B105-D7459B280157}\EDGEMITMP_0541C.tmp\setup.exe"
Information,9/9/2021 9:34:32 PM,Microsoft-Windows-Windows Firewall With Advanced Security,2002,None,"A Windows Defender Firewall setting has changed.

New Setting:
	Type:	Current Profile
	Value:	Private
	Modifying User:	NT SERVICE\mpssvc
	Modifying Application:	"
Information,9/9/2021 9:34:32 PM,Microsoft-Windows-Windows Firewall With Advanced Security,2010,None,"Network profile changed on an interface.

Adapter GUID:	{444b9b0e-3de4-4d79-b24d-8ce2374e5ede}
Adapter Name:	ethernet_32769
Old Profile:	None
New Profile:	Private"
Information,9/9/2021 9:26:29 PM,Microsoft-Windows-Windows Firewall With Advanced Security,2002,None,"A Windows Defender Firewall setting has changed.

New Setting:
	Type:	Current Profile
	Value:	Private
	Modifying User:	NT SERVICE\mpssvc
	Modifying Application:	"
