Information,2/12/2023 4:12:32 PM,Microsoft-Windows-Windows Firewall With Advanced Security,2006,None,"A rule has been deleted in the Windows Defender Firewall exception list.

Deleted Rule:
	Rule ID:	{10F10EC7-A2D0-4411-AB4C-EE0BF0033F1D}
	Rule Name:	@{Microsoft.GetHelp_10.1706.13331.0_x64__8wekyb3d8bbwe?ms-resource://Microsoft.GetHelp/Resources/appDisplayName}
	Modifying User:	NT SERVICE\mpssvc
	Modifying Application:	C:\Windows\System32\svchost.exe"
Information,2/12/2023 4:12:32 PM,Microsoft-Windows-Windows Firewall With Advanced Security,2006,None,"A rule has been deleted in the Windows Defender Firewall exception list.

Deleted Rule:
	Rule ID:	{4F3C2409-C350-447C-B1C5-50B061A4EC62}
	Rule Name:	@{Microsoft.GetHelp_10.1706.13331.0_x64__8wekyb3d8bbwe?ms-resource://Microsoft.GetHelp/Resources/appDisplayName}
	Modifying User:	NT SERVICE\mpssvc
	Modifying Application:	C:\Windows\System32\svchost.exe"
Information,2/12/2023 4:12:09 PM,Microsoft-Windows-Windows Firewall With Advanced Security,2004,None,"A rule has been added to the Windows Defender Firewall exception list.

Added Rule:
	Rule ID:	{E837315E-6015-4506-907D-9C24DF2D1E1C}
	Rule Name:	@{Microsoft.WindowsCamera_2021.105.10.0_x64__8wekyb3d8bbwe?ms-resource://Microsoft.WindowsCamera/LensSDK/Resources/AppStoreName}
	Origin:	Local
	Active:	Yes
	Direction:	Outbound
	Profiles:	Private,Domain, Public
	Action:	Allow
	Application Path:	
	Service Name:	
	Protocol:	Any
	Security Options:	None
	Edge Traversal:	None
	Modifying User:	NT SERVICE\mpssvc
	Modifying Application:	C:\Windows\System32\svchost.exe"
Information,2/12/2023 4:12:09 PM,Microsoft-Windows-Windows Firewall With Advanced Security,2004,None,"A rule has been added to the Windows Defender Firewall exception list.

Added Rule:
	Rule ID:	{6917B8F6-9EF9-48DA-B215-CD5DAEBED9C6}
	Rule Name:	@{Microsoft.WindowsCamera_2021.105.10.0_x64__8wekyb3d8bbwe?ms-resource://Microsoft.WindowsCamera/LensSDK/Resources/AppStoreName}
	Origin:	Local
	Active:	Yes
	Direction:	Outbound
	Profiles:	Private,Domain, Public
	Action:	Allow
	Application Path:	
	Service Name:	
	Protocol:	Any
	Security Options:	None
	Edge Traversal:	None
	Modifying User:	NT SERVICE\mpssvc
	Modifying Application:	C:\Windows\System32\svchost.exe"
Information,2/12/2023 4:12:09 PM,Microsoft-Windows-Windows Firewall With Advanced Security,2004,None,"A rule has been added to the Windows Defender Firewall exception list.

Added Rule:
	Rule ID:	{4403FEA8-D5B3-4709-BA00-F145FD8C5112}
	Rule Name:	@{Microsoft.WindowsCamera_2021.105.10.0_x64__8wekyb3d8bbwe?ms-resource://Microsoft.WindowsCamera/LensSDK/Resources/AppStoreName}
	Origin:	Local
	Active:	Yes
	Direction:	Outbound
	Profiles:	Private,Domain, Public
	Action:	Block
	Application Path:	
	Service Name:	
	Protocol:	Any
	Security Options:	None
	Edge Traversal:	None
	Modifying User:	NT SERVICE\mpssvc
	Modifying Application:	C:\Windows\System32\svchost.exe"
Information,2/12/2023 4:12:09 PM,Microsoft-Windows-Windows Firewall With Advanced Security,2004,None,"A rule has been added to the Windows Defender Firewall exception list.

Added Rule:
	Rule ID:	{7379D8C3-B56B-4C8D-9316-1F911C206A00}
	Rule Name:	@{Microsoft.WindowsCamera_2021.105.10.0_x64__8wekyb3d8bbwe?ms-resource://Microsoft.WindowsCamera/LensSDK/Resources/AppStoreName}
	Origin:	Local
	Active:	Yes
	Direction:	Inbound
	Profiles:	Private,Domain, Public
	Action:	Block
	Application Path:	
	Service Name:	
	Protocol:	Any
	Security Options:	None
	Edge Traversal:	None
	Modifying User:	NT SERVICE\mpssvc
	Modifying Application:	C:\Windows\System32\svchost.exe"
Information,2/12/2023 4:12:09 PM,Microsoft-Windows-Windows Firewall With Advanced Security,2006,None,"A rule has been deleted in the Windows Defender Firewall exception list.

Deleted Rule:
	Rule ID:	{218A4FD6-BF43-4A44-85D7-FFE85107D973}
	Rule Name:	@{Microsoft.WindowsCamera_2018.826.98.0_x64__8wekyb3d8bbwe?ms-resource://Microsoft.WindowsCamera/Resources/AppStoreName}
	Modifying User:	NT SERVICE\mpssvc
	Modifying Application:	C:\Windows\System32\svchost.exe"
Information,2/12/2023 4:12:09 PM,Microsoft-Windows-Windows Firewall With Advanced Security,2006,None,"A rule has been deleted in the Windows Defender Firewall exception list.

Deleted Rule:
	Rule ID:	{7D0CB78D-AEE0-4A79-BCFA-C74D839C8818}
	Rule Name:	@{Microsoft.WindowsCamera_2018.826.98.0_x64__8wekyb3d8bbwe?ms-resource://Microsoft.WindowsCamera/Resources/AppStoreName}
	Modifying User:	NT SERVICE\mpssvc
	Modifying Application:	C:\Windows\System32\svchost.exe"
Information,2/12/2023 4:12:09 PM,Microsoft-Windows-Windows Firewall With Advanced Security,2006,None,"A rule has been deleted in the Windows Defender Firewall exception list.

Deleted Rule:
	Rule ID:	{D8ADF79A-344D-4B1B-9B87-754A8B5F0E3D}
	Rule Name:	@{Microsoft.WindowsCamera_2018.826.98.0_x64__8wekyb3d8bbwe?ms-resource://Microsoft.WindowsCamera/Resources/AppStoreName}
	Modifying User:	NT SERVICE\mpssvc
	Modifying Application:	C:\Windows\System32\svchost.exe"
Information,2/12/2023 4:12:09 PM,Microsoft-Windows-Windows Firewall With Advanced Security,2006,None,"A rule has been deleted in the Windows Defender Firewall exception list.

Deleted Rule:
	Rule ID:	{93A38FC2-B417-4398-B122-6E3DF15A2729}
	Rule Name:	@{Microsoft.WindowsCamera_2018.826.98.0_x64__8wekyb3d8bbwe?ms-resource://Microsoft.WindowsCamera/Resources/AppStoreName}
	Modifying User:	NT SERVICE\mpssvc
	Modifying Application:	C:\Windows\System32\svchost.exe"
Information,2/12/2023 4:10:59 PM,Microsoft-Windows-Windows Firewall With Advanced Security,2004,None,"A rule has been added to the Windows Defender Firewall exception list.

Added Rule:
	Rule ID:	{9DDB0DF2-817B-4466-8A99-4F954B038D1B}
	Rule Name:	Google Chrome (mDNS-In)
	Origin:	Local
	Active:	Yes
	Direction:	Inbound
	Profiles:	Private,Domain, Public
	Action:	Allow
	Application Path:	C:\Program Files\Google\Chrome\Application\chrome.exe
	Service Name:	
	Protocol:	UDP
	Security Options:	None
	Edge Traversal:	None
	Modifying User:	DESKTOP-QB4O65F\Administrator
	Modifying Application:	C:\Program Files (x86)\Google\Update\Install\{B7A469A5-8F3A-4245-95DD-33C5A9EE323F}\CR_1F942.tmp\setup.exe"
Information,2/12/2023 4:09:04 PM,Microsoft-Windows-Windows Firewall With Advanced Security,2004,None,"A rule has been added to the Windows Defender Firewall exception list.

Added Rule:
	Rule ID:	{022E296F-F5B5-45BF-80A1-BB1B607AE005}
	Rule Name:	@{Microsoft.People_10.2105.4.0_x64__8wekyb3d8bbwe?ms-resource://Microsoft.People/Resources/AppStoreName}
	Origin:	Local
	Active:	Yes
	Direction:	Outbound
	Profiles:	Private,Domain, Public
	Action:	Allow
	Application Path:	
	Service Name:	
	Protocol:	Any
	Security Options:	None
	Edge Traversal:	None
	Modifying User:	NT SERVICE\mpssvc
	Modifying Application:	C:\Windows\System32\svchost.exe"
Information,2/12/2023 4:09:04 PM,Microsoft-Windows-Windows Firewall With Advanced Security,2004,None,"A rule has been added to the Windows Defender Firewall exception list.

Added Rule:
	Rule ID:	{35B1333A-AA99-4B04-B1BE-18061D43E038}
	Rule Name:	@{Microsoft.People_10.2105.4.0_x64__8wekyb3d8bbwe?ms-resource://Microsoft.People/Resources/AppStoreName}
	Origin:	Local
	Active:	Yes
	Direction:	Outbound
	Profiles:	Private,Domain, Public
	Action:	Allow
	Application Path:	
	Service Name:	
	Protocol:	Any
	Security Options:	None
	Edge Traversal:	None
	Modifying User:	NT SERVICE\mpssvc
	Modifying Application:	C:\Windows\System32\svchost.exe"
Information,2/12/2023 4:09:04 PM,Microsoft-Windows-Windows Firewall With Advanced Security,2004,None,"A rule has been added to the Windows Defender Firewall exception list.

Added Rule:
	Rule ID:	{2B5D32E3-B889-42CD-BD58-D9FD7E6A538A}
	Rule Name:	@{Microsoft.People_10.2105.4.0_x64__8wekyb3d8bbwe?ms-resource://Microsoft.People/Resources/AppStoreName}
	Origin:	Local
	Active:	Yes
	Direction:	Outbound
	Profiles:	Private,Domain, Public
	Action:	Block
	Application Path:	
	Service Name:	
	Protocol:	Any
	Security Options:	None
	Edge Traversal:	None
	Modifying User:	NT SERVICE\mpssvc
	Modifying Application:	C:\Windows\System32\svchost.exe"
Information,2/12/2023 4:09:04 PM,Microsoft-Windows-Windows Firewall With Advanced Security,2004,None,"A rule has been added to the Windows Defender Firewall exception list.

Added Rule:
	Rule ID:	{9546BE7A-D704-4FDF-B578-9D62D315AF09}
	Rule Name:	@{Microsoft.People_10.2105.4.0_x64__8wekyb3d8bbwe?ms-resource://Microsoft.People/Resources/AppStoreName}
	Origin:	Local
	Active:	Yes
	Direction:	Inbound
	Profiles:	Private,Domain, Public
	Action:	Block
	Application Path:	
	Service Name:	
	Protocol:	Any
	Security Options:	None
	Edge Traversal:	None
	Modifying User:	NT SERVICE\mpssvc
	Modifying Application:	C:\Windows\System32\svchost.exe"
Information,2/12/2023 4:09:04 PM,Microsoft-Windows-Windows Firewall With Advanced Security,2006,None,"A rule has been deleted in the Windows Defender Firewall exception list.

Deleted Rule:
	Rule ID:	{5A1C7F23-69E5-4DC4-824F-5765B37FFC7D}
	Rule Name:	@{Microsoft.People_10.1902.633.0_x64__8wekyb3d8bbwe?ms-resource://Microsoft.People/Resources/AppStoreName}
	Modifying User:	NT SERVICE\mpssvc
	Modifying Application:	C:\Windows\System32\svchost.exe"
Information,2/12/2023 4:09:04 PM,Microsoft-Windows-Windows Firewall With Advanced Security,2006,None,"A rule has been deleted in the Windows Defender Firewall exception list.

Deleted Rule:
	Rule ID:	{76EA0B0E-FEDA-4593-8C3F-26FCE3797E31}
	Rule Name:	@{Microsoft.People_10.1902.633.0_x64__8wekyb3d8bbwe?ms-resource://Microsoft.People/Resources/AppStoreName}
	Modifying User:	NT SERVICE\mpssvc
	Modifying Application:	C:\Windows\System32\svchost.exe"
Information,2/12/2023 4:09:04 PM,Microsoft-Windows-Windows Firewall With Advanced Security,2006,None,"A rule has been deleted in the Windows Defender Firewall exception list.

Deleted Rule:
	Rule ID:	{F5BD5773-5F84-4276-8B1B-E2975BC95A4C}
	Rule Name:	@{Microsoft.People_10.1902.633.0_x64__8wekyb3d8bbwe?ms-resource://Microsoft.People/Resources/AppStoreName}
	Modifying User:	NT SERVICE\mpssvc
	Modifying Application:	C:\Windows\System32\svchost.exe"
Information,2/12/2023 4:09:04 PM,Microsoft-Windows-Windows Firewall With Advanced Security,2006,None,"A rule has been deleted in the Windows Defender Firewall exception list.

Deleted Rule:
	Rule ID:	{6D36494F-A26B-421D-815F-B4AC868D8866}
	Rule Name:	@{Microsoft.People_10.1902.633.0_x64__8wekyb3d8bbwe?ms-resource://Microsoft.People/Resources/AppStoreName}
	Modifying User:	NT SERVICE\mpssvc
	Modifying Application:	C:\Windows\System32\svchost.exe"
Information,2/12/2023 4:06:53 PM,Microsoft-Windows-Windows Firewall With Advanced Security,2006,None,"A rule has been deleted in the Windows Defender Firewall exception list.

Deleted Rule:
	Rule ID:	{CBC0122B-984F-48EB-BCB2-356AF6235223}
	Rule Name:	d60a0e44-8fe4-4eac-886c-691312587eb9
	Modifying User:	SYSTEM
	Modifying Application:	C:\Program Files\Google\Chrome\Application\93.0.4577.63\Installer\setup.exe"
Information,2/12/2023 4:06:53 PM,Microsoft-Windows-Windows Firewall With Advanced Security,2005,None,"A rule has been modified in the Windows Defender Firewall exception list.

Modified Rule:
	Rule ID:	{CBC0122B-984F-48EB-BCB2-356AF6235223}
	Rule Name:	d60a0e44-8fe4-4eac-886c-691312587eb9
	Origin:	Local
	Active:	Yes
	Direction:	Inbound
	Profiles:	Private,Domain, Public
	Action:	Allow
	Application Path:	C:\Program Files\Google\Chrome\Application\chrome.exe
	Service Name:	
	Protocol:	UDP
	Security Options:	None
	Edge Traversal:	None
	Modifying User:	SYSTEM
	Modifying Application:	C:\Program Files\Google\Chrome\Application\93.0.4577.63\Installer\setup.exe"
Information,2/12/2023 4:06:43 PM,Microsoft-Windows-Windows Firewall With Advanced Security,2006,None,"A rule has been deleted in the Windows Defender Firewall exception list.

Deleted Rule:
	Rule ID:	{BF2CE49D-3DBC-4A5C-BC29-5FAD7F16ED33}
	Rule Name:	@{microsoft.windowscommunicationsapps_16005.11629.20316.0_x64__8wekyb3d8bbwe?ms-resource://microsoft.windowscommunicationsapps/hxoutlookintl/AppManifest_OutlookDesktop_DisplayName}
	Modifying User:	NT SERVICE\mpssvc
	Modifying Application:	C:\Windows\System32\svchost.exe"
Information,2/12/2023 4:06:43 PM,Microsoft-Windows-Windows Firewall With Advanced Security,2006,None,"A rule has been deleted in the Windows Defender Firewall exception list.

Deleted Rule:
	Rule ID:	{0FAE104B-85A9-4387-9290-C77A7AE2D9D5}
	Rule Name:	@{microsoft.windowscommunicationsapps_16005.11629.20316.0_x64__8wekyb3d8bbwe?ms-resource://microsoft.windowscommunicationsapps/hxoutlookintl/AppManifest_OutlookDesktop_DisplayName}
	Modifying User:	NT SERVICE\mpssvc
	Modifying Application:	C:\Windows\System32\svchost.exe"
Information,2/12/2023 4:06:43 PM,Microsoft-Windows-Windows Firewall With Advanced Security,2006,None,"A rule has been deleted in the Windows Defender Firewall exception list.

Deleted Rule:
	Rule ID:	{CEB2A4BB-EA47-499D-B32A-41875287D32D}
	Rule Name:	@{microsoft.windowscommunicationsapps_16005.11629.20316.0_x64__8wekyb3d8bbwe?ms-resource://microsoft.windowscommunicationsapps/hxoutlookintl/AppManifest_OutlookDesktop_DisplayName}
	Modifying User:	NT SERVICE\mpssvc
	Modifying Application:	C:\Windows\System32\svchost.exe"
Information,2/12/2023 4:06:43 PM,Microsoft-Windows-Windows Firewall With Advanced Security,2006,None,"A rule has been deleted in the Windows Defender Firewall exception list.

Deleted Rule:
	Rule ID:	{7BB8B93A-F4AD-48BF-9FC4-AF0D0D324D86}
	Rule Name:	@{microsoft.windowscommunicationsapps_16005.11629.20316.0_x64__8wekyb3d8bbwe?ms-resource://microsoft.windowscommunicationsapps/hxoutlookintl/AppManifest_OutlookDesktop_DisplayName}
	Modifying User:	NT SERVICE\mpssvc
	Modifying Application:	C:\Windows\System32\svchost.exe"
Information,2/12/2023 4:06:43 PM,Microsoft-Windows-Windows Firewall With Advanced Security,2006,None,"A rule has been deleted in the Windows Defender Firewall exception list.

Deleted Rule:
	Rule ID:	{D0C167C9-CA6F-40A4-8F7F-060D38FA8E9B}
	Rule Name:	@{microsoft.windowscommunicationsapps_16005.11629.20316.0_x64__8wekyb3d8bbwe?ms-resource://microsoft.windowscommunicationsapps/hxoutlookintl/AppManifest_OutlookDesktop_DisplayName}
	Modifying User:	NT SERVICE\mpssvc
	Modifying Application:	C:\Windows\System32\svchost.exe"
Information,2/12/2023 4:06:43 PM,Microsoft-Windows-Windows Firewall With Advanced Security,2006,None,"A rule has been deleted in the Windows Defender Firewall exception list.

Deleted Rule:
	Rule ID:	{3CA08B9C-66D6-4D17-9E54-C7F5F734D59B}
	Rule Name:	@{microsoft.windowscommunicationsapps_16005.11629.20316.0_x64__8wekyb3d8bbwe?ms-resource://microsoft.windowscommunicationsapps/hxoutlookintl/AppManifest_OutlookDesktop_DisplayName}
	Modifying User:	NT SERVICE\mpssvc
	Modifying Application:	C:\Windows\System32\svchost.exe"
Information,2/12/2023 4:06:43 PM,Microsoft-Windows-Windows Firewall With Advanced Security,2006,None,"A rule has been deleted in the Windows Defender Firewall exception list.

Deleted Rule:
	Rule ID:	{BC2B7795-844D-4800-B209-DE8BD6858DA5}
	Rule Name:	@{microsoft.windowscommunicationsapps_16005.11629.20316.0_x64__8wekyb3d8bbwe?ms-resource://microsoft.windowscommunicationsapps/hxoutlookintl/AppManifest_OutlookDesktop_DisplayName}
	Modifying User:	NT SERVICE\mpssvc
	Modifying Application:	C:\Windows\System32\svchost.exe"
Information,2/12/2023 4:06:43 PM,Microsoft-Windows-Windows Firewall With Advanced Security,2006,None,"A rule has been deleted in the Windows Defender Firewall exception list.

Deleted Rule:
	Rule ID:	{C620DCE4-E283-4C39-A74F-04BEC1ED903B}
	Rule Name:	@{microsoft.windowscommunicationsapps_16005.11629.20316.0_x64__8wekyb3d8bbwe?ms-resource://microsoft.windowscommunicationsapps/hxoutlookintl/AppManifest_OutlookDesktop_DisplayName}
	Modifying User:	NT SERVICE\mpssvc
	Modifying Application:	C:\Windows\System32\svchost.exe"
Information,2/12/2023 4:06:43 PM,Microsoft-Windows-Windows Firewall With Advanced Security,2006,None,"A rule has been deleted in the Windows Defender Firewall exception list.

Deleted Rule:
	Rule ID:	{4EF1235D-AC26-48E1-8964-9FB1AD99D4E5}
	Rule Name:	@{microsoft.windowscommunicationsapps_16005.11629.20316.0_x64__8wekyb3d8bbwe?ms-resource://microsoft.windowscommunicationsapps/hxoutlookintl/AppManifest_OutlookDesktop_DisplayName}
	Modifying User:	NT SERVICE\mpssvc
	Modifying Application:	C:\Windows\System32\svchost.exe"
Information,2/12/2023 4:06:43 PM,Microsoft-Windows-Windows Firewall With Advanced Security,2006,None,"A rule has been deleted in the Windows Defender Firewall exception list.

Deleted Rule:
	Rule ID:	{85E826DA-B78A-44FD-BEDE-0EAF30DE9B72}
	Rule Name:	@{microsoft.windowscommunicationsapps_16005.11629.20316.0_x64__8wekyb3d8bbwe?ms-resource://microsoft.windowscommunicationsapps/hxoutlookintl/AppManifest_OutlookDesktop_DisplayName}
	Modifying User:	NT SERVICE\mpssvc
	Modifying Application:	C:\Windows\System32\svchost.exe"
Information,2/12/2023 4:05:55 PM,Microsoft-Windows-Windows Firewall With Advanced Security,2006,None,"A rule has been deleted in the Windows Defender Firewall exception list.

Deleted Rule:
	Rule ID:	{56F55E52-EAAF-4107-8846-D3A04BF44F55}
	Rule Name:	Microsoft Solitaire Collection
	Modifying User:	NT SERVICE\mpssvc
	Modifying Application:	C:\Windows\System32\svchost.exe"
Information,2/12/2023 4:05:55 PM,Microsoft-Windows-Windows Firewall With Advanced Security,2006,None,"A rule has been deleted in the Windows Defender Firewall exception list.

Deleted Rule:
	Rule ID:	{44754ABE-2C7C-48DE-BC6C-A9046C9AF26D}
	Rule Name:	Microsoft Solitaire Collection
	Modifying User:	NT SERVICE\mpssvc
	Modifying Application:	C:\Windows\System32\svchost.exe"
Information,2/12/2023 4:05:55 PM,Microsoft-Windows-Windows Firewall With Advanced Security,2006,None,"A rule has been deleted in the Windows Defender Firewall exception list.

Deleted Rule:
	Rule ID:	{5ADF103D-6071-4FB2-8083-490BC64102E3}
	Rule Name:	Microsoft Solitaire Collection
	Modifying User:	NT SERVICE\mpssvc
	Modifying Application:	C:\Windows\System32\svchost.exe"
Information,2/12/2023 4:05:55 PM,Microsoft-Windows-Windows Firewall With Advanced Security,2006,None,"A rule has been deleted in the Windows Defender Firewall exception list.

Deleted Rule:
	Rule ID:	{7AE04F98-3BA4-42C3-AB2A-44AFE59B9781}
	Rule Name:	Microsoft Solitaire Collection
	Modifying User:	NT SERVICE\mpssvc
	Modifying Application:	C:\Windows\System32\svchost.exe"
Information,2/12/2023 4:05:55 PM,Microsoft-Windows-Windows Firewall With Advanced Security,2006,None,"A rule has been deleted in the Windows Defender Firewall exception list.

Deleted Rule:
	Rule ID:	{500D0C3D-CE04-461E-838C-8F54D0D8EB05}
	Rule Name:	Microsoft Solitaire Collection
	Modifying User:	NT SERVICE\mpssvc
	Modifying Application:	C:\Windows\System32\svchost.exe"
Information,2/12/2023 4:05:55 PM,Microsoft-Windows-Windows Firewall With Advanced Security,2006,None,"A rule has been deleted in the Windows Defender Firewall exception list.

Deleted Rule:
	Rule ID:	{5C6AF6B7-03F4-469A-AC9B-8C7645B25FFC}
	Rule Name:	Microsoft Solitaire Collection
	Modifying User:	NT SERVICE\mpssvc
	Modifying Application:	C:\Windows\System32\svchost.exe"
Information,2/12/2023 4:05:55 PM,Microsoft-Windows-Windows Firewall With Advanced Security,2006,None,"A rule has been deleted in the Windows Defender Firewall exception list.

Deleted Rule:
	Rule ID:	{16CC8656-2FF6-46D7-B500-C21398C9E530}
	Rule Name:	Microsoft Solitaire Collection
	Modifying User:	NT SERVICE\mpssvc
	Modifying Application:	C:\Windows\System32\svchost.exe"
Information,2/12/2023 4:05:55 PM,Microsoft-Windows-Windows Firewall With Advanced Security,2006,None,"A rule has been deleted in the Windows Defender Firewall exception list.

Deleted Rule:
	Rule ID:	{87EBD236-853E-49E4-81C0-CC74FA727FC2}
	Rule Name:	Microsoft Solitaire Collection
	Modifying User:	NT SERVICE\mpssvc
	Modifying Application:	C:\Windows\System32\svchost.exe"
Information,2/12/2023 4:05:55 PM,Microsoft-Windows-Windows Firewall With Advanced Security,2006,None,"A rule has been deleted in the Windows Defender Firewall exception list.

Deleted Rule:
	Rule ID:	{8417DA37-85DF-4617-B857-F27A3DCFF904}
	Rule Name:	Microsoft Solitaire Collection
	Modifying User:	NT SERVICE\mpssvc
	Modifying Application:	C:\Windows\System32\svchost.exe"
Information,2/12/2023 4:05:28 PM,Microsoft-Windows-Windows Firewall With Advanced Security,2004,None,"A rule has been added to the Windows Defender Firewall exception list.

Added Rule:
	Rule ID:	{2589F191-C533-4DE7-8D82-C5E4E5A43C2B}
	Rule Name:	@{Microsoft.WebpImageExtension_1.0.52351.0_x64__8wekyb3d8bbwe?ms-resource://Microsoft.WebpImageExtension/Resources/AppStoreName}
	Origin:	Local
	Active:	Yes
	Direction:	Outbound
	Profiles:	Private,Domain, Public
	Action:	Block
	Application Path:	
	Service Name:	
	Protocol:	Any
	Security Options:	None
	Edge Traversal:	None
	Modifying User:	NT SERVICE\mpssvc
	Modifying Application:	C:\Windows\System32\svchost.exe"
Information,2/12/2023 4:05:28 PM,Microsoft-Windows-Windows Firewall With Advanced Security,2004,None,"A rule has been added to the Windows Defender Firewall exception list.

Added Rule:
	Rule ID:	{7B4934DE-0CEF-4BEF-8AC2-FDF5F78FB590}
	Rule Name:	@{Microsoft.WebpImageExtension_1.0.52351.0_x64__8wekyb3d8bbwe?ms-resource://Microsoft.WebpImageExtension/Resources/AppStoreName}
	Origin:	Local
	Active:	Yes
	Direction:	Inbound
	Profiles:	Private,Domain, Public
	Action:	Block
	Application Path:	
	Service Name:	
	Protocol:	Any
	Security Options:	None
	Edge Traversal:	None
	Modifying User:	NT SERVICE\mpssvc
	Modifying Application:	C:\Windows\System32\svchost.exe"
Information,2/12/2023 4:05:28 PM,Microsoft-Windows-Windows Firewall With Advanced Security,2006,None,"A rule has been deleted in the Windows Defender Firewall exception list.

Deleted Rule:
	Rule ID:	{883C7DBE-F58C-42CD-BD5F-484F652E008D}
	Rule Name:	@{Microsoft.WebpImageExtension_1.0.22753.0_x64__8wekyb3d8bbwe?ms-resource://Microsoft.WebpImageExtension/Resources/AppStoreName}
	Modifying User:	NT SERVICE\mpssvc
	Modifying Application:	C:\Windows\System32\svchost.exe"
Information,2/12/2023 4:05:28 PM,Microsoft-Windows-Windows Firewall With Advanced Security,2006,None,"A rule has been deleted in the Windows Defender Firewall exception list.

Deleted Rule:
	Rule ID:	{E3ADE2A4-A19A-4699-A1D9-84265CD2FA28}
	Rule Name:	@{Microsoft.WebpImageExtension_1.0.22753.0_x64__8wekyb3d8bbwe?ms-resource://Microsoft.WebpImageExtension/Resources/AppStoreName}
	Modifying User:	NT SERVICE\mpssvc
	Modifying Application:	C:\Windows\System32\svchost.exe"
Information,2/12/2023 4:05:26 PM,Microsoft-Windows-Windows Firewall With Advanced Security,2006,None,"A rule has been deleted in the Windows Defender Firewall exception list.

Deleted Rule:
	Rule ID:	{E9DA56F5-B36D-46B6-87C0-8F27DE2D9444}
	Rule Name:	Skype
	Modifying User:	NT SERVICE\mpssvc
	Modifying Application:	C:\Windows\System32\svchost.exe"
Information,2/12/2023 4:05:26 PM,Microsoft-Windows-Windows Firewall With Advanced Security,2006,None,"A rule has been deleted in the Windows Defender Firewall exception list.

Deleted Rule:
	Rule ID:	{19FD0B2A-AA26-4D57-9225-9655868AA539}
	Rule Name:	Skype
	Modifying User:	NT SERVICE\mpssvc
	Modifying Application:	C:\Windows\System32\svchost.exe"
Information,2/12/2023 4:05:26 PM,Microsoft-Windows-Windows Firewall With Advanced Security,2006,None,"A rule has been deleted in the Windows Defender Firewall exception list.

Deleted Rule:
	Rule ID:	{90E0589E-BAE8-4FDF-9F0D-7369DD5B398A}
	Rule Name:	Skype
	Modifying User:	NT SERVICE\mpssvc
	Modifying Application:	C:\Windows\System32\svchost.exe"
Information,2/12/2023 4:05:26 PM,Microsoft-Windows-Windows Firewall With Advanced Security,2006,None,"A rule has been deleted in the Windows Defender Firewall exception list.

Deleted Rule:
	Rule ID:	{C01DD1C7-5DE9-4420-83E9-D966646F2BF9}
	Rule Name:	Skype
	Modifying User:	NT SERVICE\mpssvc
	Modifying Application:	C:\Windows\System32\svchost.exe"
Information,2/12/2023 4:05:26 PM,Microsoft-Windows-Windows Firewall With Advanced Security,2006,None,"A rule has been deleted in the Windows Defender Firewall exception list.

Deleted Rule:
	Rule ID:	{4392B0C1-D216-45DA-9356-26B6DC76635E}
	Rule Name:	Skype
	Modifying User:	NT SERVICE\mpssvc
	Modifying Application:	C:\Windows\System32\svchost.exe"
Information,2/12/2023 4:05:26 PM,Microsoft-Windows-Windows Firewall With Advanced Security,2006,None,"A rule has been deleted in the Windows Defender Firewall exception list.

Deleted Rule:
	Rule ID:	{0E2A08A5-3007-420F-B51A-48049E3769E6}
	Rule Name:	Skype
	Modifying User:	NT SERVICE\mpssvc
	Modifying Application:	C:\Windows\System32\svchost.exe"
Information,2/12/2023 4:05:26 PM,Microsoft-Windows-Windows Firewall With Advanced Security,2006,None,"A rule has been deleted in the Windows Defender Firewall exception list.

Deleted Rule:
	Rule ID:	{AC87C1FD-3F5D-4B68-A195-D073EC1CAE7D}
	Rule Name:	Skype
	Modifying User:	NT SERVICE\mpssvc
	Modifying Application:	C:\Windows\System32\svchost.exe"
Information,2/12/2023 4:05:26 PM,Microsoft-Windows-Windows Firewall With Advanced Security,2006,None,"A rule has been deleted in the Windows Defender Firewall exception list.

Deleted Rule:
	Rule ID:	{4B6A3D1E-16FB-4ADA-A854-A168BB5B74D3}
	Rule Name:	Skype
	Modifying User:	NT SERVICE\mpssvc
	Modifying Application:	C:\Windows\System32\svchost.exe"
Information,2/12/2023 4:05:26 PM,Microsoft-Windows-Windows Firewall With Advanced Security,2006,None,"A rule has been deleted in the Windows Defender Firewall exception list.

Deleted Rule:
	Rule ID:	{6450732B-0FCE-4C24-987C-402C7C2A769F}
	Rule Name:	Skype
	Modifying User:	NT SERVICE\mpssvc
	Modifying Application:	C:\Windows\System32\svchost.exe"
Information,2/12/2023 4:05:22 PM,Microsoft-Windows-Windows Firewall With Advanced Security,2006,None,"A rule has been deleted in the Windows Defender Firewall exception list.

Deleted Rule:
	Rule ID:	{61066B30-7172-4FE5-955E-D82CE28707B4}
	Rule Name:	@{Microsoft.ScreenSketch_10.1907.2471.0_x64__8wekyb3d8bbwe?ms-resource://Microsoft.ScreenSketch/Resources/AppStoreName}
	Modifying User:	NT SERVICE\mpssvc
	Modifying Application:	C:\Windows\System32\svchost.exe"
Information,2/12/2023 4:05:22 PM,Microsoft-Windows-Windows Firewall With Advanced Security,2006,None,"A rule has been deleted in the Windows Defender Firewall exception list.

Deleted Rule:
	Rule ID:	{B12A982F-2D1C-45A2-BF6A-968FDA09FAE3}
	Rule Name:	@{Microsoft.ScreenSketch_10.1907.2471.0_x64__8wekyb3d8bbwe?ms-resource://Microsoft.ScreenSketch/Resources/AppStoreName}
	Modifying User:	NT SERVICE\mpssvc
	Modifying Application:	C:\Windows\System32\svchost.exe"
Information,2/12/2023 4:05:17 PM,Microsoft-Windows-Windows Firewall With Advanced Security,2006,None,"A rule has been deleted in the Windows Defender Firewall exception list.

Deleted Rule:
	Rule ID:	{A2DC96FF-8EF7-4D56-A4ED-B42E13C67755}
	Rule Name:	Microsoft Sticky Notes
	Modifying User:	NT SERVICE\mpssvc
	Modifying Application:	C:\Windows\System32\svchost.exe"
Information,2/12/2023 4:05:17 PM,Microsoft-Windows-Windows Firewall With Advanced Security,2006,None,"A rule has been deleted in the Windows Defender Firewall exception list.

Deleted Rule:
	Rule ID:	{3B4339FB-EDAB-4DF3-B558-E2D144ACFE70}
	Rule Name:	Microsoft Sticky Notes
	Modifying User:	NT SERVICE\mpssvc
	Modifying Application:	C:\Windows\System32\svchost.exe"
Information,2/12/2023 4:05:17 PM,Microsoft-Windows-Windows Firewall With Advanced Security,2006,None,"A rule has been deleted in the Windows Defender Firewall exception list.

Deleted Rule:
	Rule ID:	{336889D0-D814-4939-A2F2-7711A4B82E13}
	Rule Name:	Microsoft Sticky Notes
	Modifying User:	NT SERVICE\mpssvc
	Modifying Application:	C:\Windows\System32\svchost.exe"
Information,2/12/2023 4:05:17 PM,Microsoft-Windows-Windows Firewall With Advanced Security,2006,None,"A rule has been deleted in the Windows Defender Firewall exception list.

Deleted Rule:
	Rule ID:	{54951E85-6CCE-4AF7-B535-8524F87CA702}
	Rule Name:	Microsoft Sticky Notes
	Modifying User:	NT SERVICE\mpssvc
	Modifying Application:	C:\Windows\System32\svchost.exe"
Information,2/12/2023 4:05:17 PM,Microsoft-Windows-Windows Firewall With Advanced Security,2006,None,"A rule has been deleted in the Windows Defender Firewall exception list.

Deleted Rule:
	Rule ID:	{8DB609A1-43D2-4A82-82F4-A273B77784EF}
	Rule Name:	Microsoft Sticky Notes
	Modifying User:	NT SERVICE\mpssvc
	Modifying Application:	C:\Windows\System32\svchost.exe"
Information,2/12/2023 4:05:17 PM,Microsoft-Windows-Windows Firewall With Advanced Security,2006,None,"A rule has been deleted in the Windows Defender Firewall exception list.

Deleted Rule:
	Rule ID:	{0E6EDFB1-1101-4FF6-B3FC-DEB5E97882D8}
	Rule Name:	Microsoft Sticky Notes
	Modifying User:	NT SERVICE\mpssvc
	Modifying Application:	C:\Windows\System32\svchost.exe"
Information,2/12/2023 4:05:17 PM,Microsoft-Windows-Windows Firewall With Advanced Security,2006,None,"A rule has been deleted in the Windows Defender Firewall exception list.

Deleted Rule:
	Rule ID:	{816EA355-EE2A-431D-B722-D2537F7999D6}
	Rule Name:	Microsoft Sticky Notes
	Modifying User:	NT SERVICE\mpssvc
	Modifying Application:	C:\Windows\System32\svchost.exe"
Information,2/12/2023 4:05:17 PM,Microsoft-Windows-Windows Firewall With Advanced Security,2006,None,"A rule has been deleted in the Windows Defender Firewall exception list.

Deleted Rule:
	Rule ID:	{1B19F111-58AE-4D63-A032-AD6B9B138767}
	Rule Name:	Microsoft Sticky Notes
	Modifying User:	NT SERVICE\mpssvc
	Modifying Application:	C:\Windows\System32\svchost.exe"
Information,2/12/2023 4:05:17 PM,Microsoft-Windows-Windows Firewall With Advanced Security,2006,None,"A rule has been deleted in the Windows Defender Firewall exception list.

Deleted Rule:
	Rule ID:	{4405468D-DE54-4194-8B93-2FE1C1513868}
	Rule Name:	Microsoft Sticky Notes
	Modifying User:	NT SERVICE\mpssvc
	Modifying Application:	C:\Windows\System32\svchost.exe"
Information,2/12/2023 4:05:14 PM,Microsoft-Windows-Windows Firewall With Advanced Security,2006,None,"A rule has been deleted in the Windows Defender Firewall exception list.

Deleted Rule:
	Rule ID:	{21EBE3B4-6B83-4DFB-98A9-CC9E749AEDCA}
	Rule Name:	@{Microsoft.Getstarted_8.2.22942.0_x64__8wekyb3d8bbwe?ms-resource://Microsoft.Getstarted/Resources/AppStoreName}
	Modifying User:	NT SERVICE\mpssvc
	Modifying Application:	C:\Windows\System32\svchost.exe"
Information,2/12/2023 4:05:14 PM,Microsoft-Windows-Windows Firewall With Advanced Security,2006,None,"A rule has been deleted in the Windows Defender Firewall exception list.

Deleted Rule:
	Rule ID:	{85E8CEF1-0B86-470E-A80E-C692FD9E8F87}
	Rule Name:	@{Microsoft.Getstarted_8.2.22942.0_x64__8wekyb3d8bbwe?ms-resource://Microsoft.Getstarted/Resources/AppStoreName}
	Modifying User:	NT SERVICE\mpssvc
	Modifying Application:	C:\Windows\System32\svchost.exe"
Information,2/12/2023 4:05:14 PM,Microsoft-Windows-Windows Firewall With Advanced Security,2006,None,"A rule has been deleted in the Windows Defender Firewall exception list.

Deleted Rule:
	Rule ID:	{2478E948-ACB7-440C-BF2A-24EC16DB15C8}
	Rule Name:	@{Microsoft.Getstarted_8.2.22942.0_x64__8wekyb3d8bbwe?ms-resource://Microsoft.Getstarted/Resources/AppStoreName}
	Modifying User:	NT SERVICE\mpssvc
	Modifying Application:	C:\Windows\System32\svchost.exe"
Information,2/12/2023 4:05:14 PM,Microsoft-Windows-Windows Firewall With Advanced Security,2006,None,"A rule has been deleted in the Windows Defender Firewall exception list.

Deleted Rule:
	Rule ID:	{76D4105D-D14B-4E8F-85E3-458BE3D923CA}
	Rule Name:	@{Microsoft.Getstarted_8.2.22942.0_x64__8wekyb3d8bbwe?ms-resource://Microsoft.Getstarted/Resources/AppStoreName}
	Modifying User:	NT SERVICE\mpssvc
	Modifying Application:	C:\Windows\System32\svchost.exe"
Information,2/12/2023 4:04:55 PM,Microsoft-Windows-Windows Firewall With Advanced Security,2006,None,"A rule has been deleted in the Windows Defender Firewall exception list.

Deleted Rule:
	Rule ID:	{FA167160-896F-407C-AF47-6D1CACDAF048}
	Rule Name:	@{Microsoft.WindowsSoundRecorder_10.1906.1972.0_x64__8wekyb3d8bbwe?ms-resource://Microsoft.WindowsSoundRecorder/Resources/AppStoreName}
	Modifying User:	NT SERVICE\mpssvc
	Modifying Application:	C:\Windows\System32\svchost.exe"
Information,2/12/2023 4:04:55 PM,Microsoft-Windows-Windows Firewall With Advanced Security,2006,None,"A rule has been deleted in the Windows Defender Firewall exception list.

Deleted Rule:
	Rule ID:	{EE64BF19-FFB8-44B9-820F-6CA4B581A457}
	Rule Name:	@{Microsoft.WindowsSoundRecorder_10.1906.1972.0_x64__8wekyb3d8bbwe?ms-resource://Microsoft.WindowsSoundRecorder/Resources/AppStoreName}
	Modifying User:	NT SERVICE\mpssvc
	Modifying Application:	C:\Windows\System32\svchost.exe"
Information,2/12/2023 4:04:53 PM,Microsoft-Windows-Windows Firewall With Advanced Security,2006,None,"A rule has been deleted in the Windows Defender Firewall exception list.

Deleted Rule:
	Rule ID:	{C180A2CC-5DCF-4A55-AC9C-F4995E169FFC}
	Rule Name:	@{Microsoft.BingWeather_4.25.20211.0_x64__8wekyb3d8bbwe?ms-resource://Microsoft.BingWeather/Resources/ApplicationTitleWithBranding}
	Modifying User:	NT SERVICE\mpssvc
	Modifying Application:	C:\Windows\System32\svchost.exe"
Information,2/12/2023 4:04:53 PM,Microsoft-Windows-Windows Firewall With Advanced Security,2006,None,"A rule has been deleted in the Windows Defender Firewall exception list.

Deleted Rule:
	Rule ID:	{4DA8C575-788C-45FC-B35C-B34668997B60}
	Rule Name:	@{Microsoft.BingWeather_4.25.20211.0_x64__8wekyb3d8bbwe?ms-resource://Microsoft.BingWeather/Resources/ApplicationTitleWithBranding}
	Modifying User:	NT SERVICE\mpssvc
	Modifying Application:	C:\Windows\System32\svchost.exe"
Information,2/12/2023 4:04:53 PM,Microsoft-Windows-Windows Firewall With Advanced Security,2006,None,"A rule has been deleted in the Windows Defender Firewall exception list.

Deleted Rule:
	Rule ID:	{170F3BDC-DA52-47C3-9E7A-ADD7DB9EA54A}
	Rule Name:	@{Microsoft.BingWeather_4.25.20211.0_x64__8wekyb3d8bbwe?ms-resource://Microsoft.BingWeather/Resources/ApplicationTitleWithBranding}
	Modifying User:	NT SERVICE\mpssvc
	Modifying Application:	C:\Windows\System32\svchost.exe"
Information,2/12/2023 4:04:53 PM,Microsoft-Windows-Windows Firewall With Advanced Security,2006,None,"A rule has been deleted in the Windows Defender Firewall exception list.

Deleted Rule:
	Rule ID:	{8CC09D7A-6412-4088-B1C2-EF9EDC43BEDD}
	Rule Name:	@{Microsoft.BingWeather_4.25.20211.0_x64__8wekyb3d8bbwe?ms-resource://Microsoft.BingWeather/Resources/ApplicationTitleWithBranding}
	Modifying User:	NT SERVICE\mpssvc
	Modifying Application:	C:\Windows\System32\svchost.exe"
Information,2/12/2023 4:04:50 PM,Microsoft-Windows-Windows Firewall With Advanced Security,2006,None,"A rule has been deleted in the Windows Defender Firewall exception list.

Deleted Rule:
	Rule ID:	{B24EFDAC-156C-4F2B-98CD-EC0EE08BE0E4}
	Rule Name:	@{Microsoft.WebMediaExtensions_1.0.20875.0_x64__8wekyb3d8bbwe?ms-resource://Microsoft.WebMediaExtensions/Resources/AppStoreName}
	Modifying User:	NT SERVICE\mpssvc
	Modifying Application:	C:\Windows\System32\svchost.exe"
Information,2/12/2023 4:04:50 PM,Microsoft-Windows-Windows Firewall With Advanced Security,2006,None,"A rule has been deleted in the Windows Defender Firewall exception list.

Deleted Rule:
	Rule ID:	{C0B72055-8DF1-4EE2-9EF9-D92E1FA5FB34}
	Rule Name:	@{Microsoft.WebMediaExtensions_1.0.20875.0_x64__8wekyb3d8bbwe?ms-resource://Microsoft.WebMediaExtensions/Resources/AppStoreName}
	Modifying User:	NT SERVICE\mpssvc
	Modifying Application:	C:\Windows\System32\svchost.exe"
Information,2/12/2023 4:04:44 PM,Microsoft-Windows-Windows Firewall With Advanced Security,2006,None,"A rule has been deleted in the Windows Defender Firewall exception list.

Deleted Rule:
	Rule ID:	{13024131-7952-41B0-83F2-993AB7F53FF8}
	Rule Name:	Winamp
	Modifying User:	DESKTOP-QB4O65F\Administrator
	Modifying Application:	C:\Windows\SysWOW64\netsh.exe"
Information,2/12/2023 4:04:28 PM,Microsoft-Windows-Windows Firewall With Advanced Security,2006,None,"A rule has been deleted in the Windows Defender Firewall exception list.

Deleted Rule:
	Rule ID:	{838B028C-8A3A-44C0-B145-8A12C249265D}
	Rule Name:	Xbox
	Modifying User:	NT SERVICE\mpssvc
	Modifying Application:	C:\Windows\System32\svchost.exe"
Information,2/12/2023 4:04:28 PM,Microsoft-Windows-Windows Firewall With Advanced Security,2006,None,"A rule has been deleted in the Windows Defender Firewall exception list.

Deleted Rule:
	Rule ID:	{2C17FCF0-7963-4A67-8A2B-F341B33F52AE}
	Rule Name:	Xbox
	Modifying User:	NT SERVICE\mpssvc
	Modifying Application:	C:\Windows\System32\svchost.exe"
Information,2/12/2023 4:04:28 PM,Microsoft-Windows-Windows Firewall With Advanced Security,2006,None,"A rule has been deleted in the Windows Defender Firewall exception list.

Deleted Rule:
	Rule ID:	{9EA46ABD-BB9E-4DF2-9451-2145072B0E33}
	Rule Name:	Xbox
	Modifying User:	NT SERVICE\mpssvc
	Modifying Application:	C:\Windows\System32\svchost.exe"
Information,2/12/2023 4:04:28 PM,Microsoft-Windows-Windows Firewall With Advanced Security,2006,None,"A rule has been deleted in the Windows Defender Firewall exception list.

Deleted Rule:
	Rule ID:	{C339D53D-833A-4F42-A50B-9957697DA6C0}
	Rule Name:	Xbox
	Modifying User:	NT SERVICE\mpssvc
	Modifying Application:	C:\Windows\System32\svchost.exe"
Information,2/12/2023 4:04:28 PM,Microsoft-Windows-Windows Firewall With Advanced Security,2006,None,"A rule has been deleted in the Windows Defender Firewall exception list.

Deleted Rule:
	Rule ID:	{46ACD97E-5369-4D8F-9368-139A9814D7F4}
	Rule Name:	Xbox
	Modifying User:	NT SERVICE\mpssvc
	Modifying Application:	C:\Windows\System32\svchost.exe"
Information,2/12/2023 4:04:28 PM,Microsoft-Windows-Windows Firewall With Advanced Security,2006,None,"A rule has been deleted in the Windows Defender Firewall exception list.

Deleted Rule:
	Rule ID:	{A22CE299-43E3-439A-A26D-CB7B497714AA}
	Rule Name:	Xbox
	Modifying User:	NT SERVICE\mpssvc
	Modifying Application:	C:\Windows\System32\svchost.exe"
Information,2/12/2023 4:04:28 PM,Microsoft-Windows-Windows Firewall With Advanced Security,2006,None,"A rule has been deleted in the Windows Defender Firewall exception list.

Deleted Rule:
	Rule ID:	{4927CBD0-0D76-4745-A813-B0D7380BC4E4}
	Rule Name:	Xbox
	Modifying User:	NT SERVICE\mpssvc
	Modifying Application:	C:\Windows\System32\svchost.exe"
Information,2/12/2023 4:04:28 PM,Microsoft-Windows-Windows Firewall With Advanced Security,2006,None,"A rule has been deleted in the Windows Defender Firewall exception list.

Deleted Rule:
	Rule ID:	{60315041-DEFB-4B60-BA48-03E656C48C75}
	Rule Name:	Xbox
	Modifying User:	NT SERVICE\mpssvc
	Modifying Application:	C:\Windows\System32\svchost.exe"
Information,2/12/2023 4:04:28 PM,Microsoft-Windows-Windows Firewall With Advanced Security,2006,None,"A rule has been deleted in the Windows Defender Firewall exception list.

Deleted Rule:
	Rule ID:	{E64A8201-7E43-4FEC-89AB-2EEE84C3C2FC}
	Rule Name:	Xbox
	Modifying User:	NT SERVICE\mpssvc
	Modifying Application:	C:\Windows\System32\svchost.exe"
Information,2/12/2023 4:04:28 PM,Microsoft-Windows-Windows Firewall With Advanced Security,2006,None,"A rule has been deleted in the Windows Defender Firewall exception list.

Deleted Rule:
	Rule ID:	{5122E967-4978-4C99-886C-1CEFEC898384}
	Rule Name:	Xbox
	Modifying User:	NT SERVICE\mpssvc
	Modifying Application:	C:\Windows\System32\svchost.exe"
Information,2/12/2023 4:04:25 PM,Microsoft-Windows-Windows Firewall With Advanced Security,2006,None,"A rule has been deleted in the Windows Defender Firewall exception list.

Deleted Rule:
	Rule ID:	{D1015AEE-09E2-4A64-9609-688CCBB34E8C}
	Rule Name:	Xbox TCUI
	Modifying User:	NT SERVICE\mpssvc
	Modifying Application:	C:\Windows\System32\svchost.exe"
Information,2/12/2023 4:04:25 PM,Microsoft-Windows-Windows Firewall With Advanced Security,2006,None,"A rule has been deleted in the Windows Defender Firewall exception list.

Deleted Rule:
	Rule ID:	{51A5117E-232A-4B1E-BC1C-5BC57A528C0F}
	Rule Name:	Xbox TCUI
	Modifying User:	NT SERVICE\mpssvc
	Modifying Application:	C:\Windows\System32\svchost.exe"
Information,2/12/2023 4:04:25 PM,Microsoft-Windows-Windows Firewall With Advanced Security,2006,None,"A rule has been deleted in the Windows Defender Firewall exception list.

Deleted Rule:
	Rule ID:	{11ED0048-A576-49D1-9459-59F28F36310A}
	Rule Name:	Xbox TCUI
	Modifying User:	NT SERVICE\mpssvc
	Modifying Application:	C:\Windows\System32\svchost.exe"
Information,2/12/2023 4:04:25 PM,Microsoft-Windows-Windows Firewall With Advanced Security,2006,None,"A rule has been deleted in the Windows Defender Firewall exception list.

Deleted Rule:
	Rule ID:	{112F0B73-AB38-4586-B598-9779D3892E4A}
	Rule Name:	Xbox TCUI
	Modifying User:	NT SERVICE\mpssvc
	Modifying Application:	C:\Windows\System32\svchost.exe"
Information,2/12/2023 4:04:19 PM,Microsoft-Windows-Windows Firewall With Advanced Security,2006,None,"A rule has been deleted in the Windows Defender Firewall exception list.

Deleted Rule:
	Rule ID:	{3E68A89D-B7DE-43D3-95A0-9E9481F02F24}
	Rule Name:	@{Microsoft.MSPaint_6.1907.29027.0_x64__8wekyb3d8bbwe?ms-resource://Microsoft.MSPaint/resources/AppName}
	Modifying User:	NT SERVICE\mpssvc
	Modifying Application:	C:\Windows\System32\svchost.exe"
Information,2/12/2023 4:04:19 PM,Microsoft-Windows-Windows Firewall With Advanced Security,2006,None,"A rule has been deleted in the Windows Defender Firewall exception list.

Deleted Rule:
	Rule ID:	{5384C473-5B35-41A3-B099-B460515E6AE4}
	Rule Name:	@{Microsoft.MSPaint_6.1907.29027.0_x64__8wekyb3d8bbwe?ms-resource://Microsoft.MSPaint/resources/AppName}
	Modifying User:	NT SERVICE\mpssvc
	Modifying Application:	C:\Windows\System32\svchost.exe"
Information,2/12/2023 4:04:19 PM,Microsoft-Windows-Windows Firewall With Advanced Security,2006,None,"A rule has been deleted in the Windows Defender Firewall exception list.

Deleted Rule:
	Rule ID:	{BB4B430F-92E1-4F19-905C-F6AFF6006723}
	Rule Name:	@{Microsoft.MSPaint_6.1907.29027.0_x64__8wekyb3d8bbwe?ms-resource://Microsoft.MSPaint/resources/AppName}
	Modifying User:	NT SERVICE\mpssvc
	Modifying Application:	C:\Windows\System32\svchost.exe"
Information,2/12/2023 4:04:19 PM,Microsoft-Windows-Windows Firewall With Advanced Security,2006,None,"A rule has been deleted in the Windows Defender Firewall exception list.

Deleted Rule:
	Rule ID:	{4AA27532-2A4F-436C-BA09-D31780FA48B2}
	Rule Name:	@{Microsoft.MSPaint_6.1907.29027.0_x64__8wekyb3d8bbwe?ms-resource://Microsoft.MSPaint/resources/AppName}
	Modifying User:	NT SERVICE\mpssvc
	Modifying Application:	C:\Windows\System32\svchost.exe"
Information,2/12/2023 4:04:16 PM,Microsoft-Windows-Windows Firewall With Advanced Security,2006,None,"A rule has been deleted in the Windows Defender Firewall exception list.

Deleted Rule:
	Rule ID:	{559A3A46-9884-4CB3-B259-56DFD5F7C704}
	Rule Name:	OneNote
	Modifying User:	NT SERVICE\mpssvc
	Modifying Application:	C:\Windows\System32\svchost.exe"
Information,2/12/2023 4:04:16 PM,Microsoft-Windows-Windows Firewall With Advanced Security,2006,None,"A rule has been deleted in the Windows Defender Firewall exception list.

Deleted Rule:
	Rule ID:	{374EE03C-2BF0-421D-9E81-4A01BD54BE23}
	Rule Name:	OneNote
	Modifying User:	NT SERVICE\mpssvc
	Modifying Application:	C:\Windows\System32\svchost.exe"
Information,2/12/2023 4:04:16 PM,Microsoft-Windows-Windows Firewall With Advanced Security,2006,None,"A rule has been deleted in the Windows Defender Firewall exception list.

Deleted Rule:
	Rule ID:	{98D3ABA2-AC42-4B09-B111-45417A0F8EA2}
	Rule Name:	OneNote
	Modifying User:	NT SERVICE\mpssvc
	Modifying Application:	C:\Windows\System32\svchost.exe"
Information,2/12/2023 4:04:16 PM,Microsoft-Windows-Windows Firewall With Advanced Security,2006,None,"A rule has been deleted in the Windows Defender Firewall exception list.

Deleted Rule:
	Rule ID:	{71878ABA-3901-4C84-9F4E-D59A3625AE5A}
	Rule Name:	OneNote
	Modifying User:	NT SERVICE\mpssvc
	Modifying Application:	C:\Windows\System32\svchost.exe"
Information,2/12/2023 4:04:16 PM,Microsoft-Windows-Windows Firewall With Advanced Security,2006,None,"A rule has been deleted in the Windows Defender Firewall exception list.

Deleted Rule:
	Rule ID:	{3CA764B1-742C-4C12-8202-A0FACB4E94B9}
	Rule Name:	OneNote
	Modifying User:	NT SERVICE\mpssvc
	Modifying Application:	C:\Windows\System32\svchost.exe"
Information,2/12/2023 4:04:16 PM,Microsoft-Windows-Windows Firewall With Advanced Security,2006,None,"A rule has been deleted in the Windows Defender Firewall exception list.

Deleted Rule:
	Rule ID:	{C840595E-33AE-40B9-89D3-5362C398A0D6}
	Rule Name:	OneNote
	Modifying User:	NT SERVICE\mpssvc
	Modifying Application:	C:\Windows\System32\svchost.exe"
Information,2/12/2023 4:04:16 PM,Microsoft-Windows-Windows Firewall With Advanced Security,2006,None,"A rule has been deleted in the Windows Defender Firewall exception list.

Deleted Rule:
	Rule ID:	{4F42B2C0-1790-4C75-BC06-C2BC97B80020}
	Rule Name:	OneNote
	Modifying User:	NT SERVICE\mpssvc
	Modifying Application:	C:\Windows\System32\svchost.exe"
Information,2/12/2023 4:04:16 PM,Microsoft-Windows-Windows Firewall With Advanced Security,2006,None,"A rule has been deleted in the Windows Defender Firewall exception list.

Deleted Rule:
	Rule ID:	{57417A22-3836-46CF-A07B-F4CBFEEA52A8}
	Rule Name:	OneNote
	Modifying User:	NT SERVICE\mpssvc
	Modifying Application:	C:\Windows\System32\svchost.exe"
Information,2/12/2023 4:04:16 PM,Microsoft-Windows-Windows Firewall With Advanced Security,2006,None,"A rule has been deleted in the Windows Defender Firewall exception list.

Deleted Rule:
	Rule ID:	{87653712-5E6C-4140-AF12-BC16A7316698}
	Rule Name:	OneNote
	Modifying User:	NT SERVICE\mpssvc
	Modifying Application:	C:\Windows\System32\svchost.exe"
Information,2/12/2023 4:04:03 PM,Microsoft-Windows-Windows Firewall With Advanced Security,2006,None,"A rule has been deleted in the Windows Defender Firewall exception list.

Deleted Rule:
	Rule ID:	{D4A0BB99-FA94-4A43-8313-C26A25A7A75E}
	Rule Name:	Office
	Modifying User:	NT SERVICE\mpssvc
	Modifying Application:	C:\Windows\System32\svchost.exe"
Information,2/12/2023 4:04:03 PM,Microsoft-Windows-Windows Firewall With Advanced Security,2006,None,"A rule has been deleted in the Windows Defender Firewall exception list.

Deleted Rule:
	Rule ID:	{BB2C7D28-7462-4DAE-AA18-BC656E4C4123}
	Rule Name:	Office
	Modifying User:	NT SERVICE\mpssvc
	Modifying Application:	C:\Windows\System32\svchost.exe"
Information,2/12/2023 4:04:03 PM,Microsoft-Windows-Windows Firewall With Advanced Security,2006,None,"A rule has been deleted in the Windows Defender Firewall exception list.

Deleted Rule:
	Rule ID:	{49363002-6EA8-4C6A-8FE7-8A661CC204B9}
	Rule Name:	Office
	Modifying User:	NT SERVICE\mpssvc
	Modifying Application:	C:\Windows\System32\svchost.exe"
Information,2/12/2023 4:04:03 PM,Microsoft-Windows-Windows Firewall With Advanced Security,2006,None,"A rule has been deleted in the Windows Defender Firewall exception list.

Deleted Rule:
	Rule ID:	{B63F108D-8201-4D4D-B6D2-39689A380E0B}
	Rule Name:	Office
	Modifying User:	NT SERVICE\mpssvc
	Modifying Application:	C:\Windows\System32\svchost.exe"
Information,2/12/2023 4:03:55 PM,Microsoft-Windows-Windows Firewall With Advanced Security,2006,None,"A rule has been deleted in the Windows Defender Firewall exception list.

Deleted Rule:
	Rule ID:	{2E03EAE3-D104-4807-B672-EA173B639E32}
	Rule Name:	@{Microsoft.ZuneVideo_10.19071.19011.0_x64__8wekyb3d8bbwe?ms-resource://Microsoft.ZuneVideo/resources/IDS_MANIFEST_VIDEO_APP_NAME}
	Modifying User:	NT SERVICE\mpssvc
	Modifying Application:	C:\Windows\System32\svchost.exe"
Information,2/12/2023 4:03:55 PM,Microsoft-Windows-Windows Firewall With Advanced Security,2006,None,"A rule has been deleted in the Windows Defender Firewall exception list.

Deleted Rule:
	Rule ID:	{AFBCB225-713D-4AC2-97A8-8FA32ABB7200}
	Rule Name:	@{Microsoft.ZuneVideo_10.19071.19011.0_x64__8wekyb3d8bbwe?ms-resource://Microsoft.ZuneVideo/resources/IDS_MANIFEST_VIDEO_APP_NAME}
	Modifying User:	NT SERVICE\mpssvc
	Modifying Application:	C:\Windows\System32\svchost.exe"
Information,2/12/2023 4:03:55 PM,Microsoft-Windows-Windows Firewall With Advanced Security,2006,None,"A rule has been deleted in the Windows Defender Firewall exception list.

Deleted Rule:
	Rule ID:	{F8ED17EB-1B4A-485B-9A42-A1150223E1F4}
	Rule Name:	@{Microsoft.ZuneVideo_10.19071.19011.0_x64__8wekyb3d8bbwe?ms-resource://Microsoft.ZuneVideo/resources/IDS_MANIFEST_VIDEO_APP_NAME}
	Modifying User:	NT SERVICE\mpssvc
	Modifying Application:	C:\Windows\System32\svchost.exe"
Information,2/12/2023 4:03:55 PM,Microsoft-Windows-Windows Firewall With Advanced Security,2006,None,"A rule has been deleted in the Windows Defender Firewall exception list.

Deleted Rule:
	Rule ID:	{D6911C10-C078-4436-A71A-3FC3AAD7A8D3}
	Rule Name:	@{Microsoft.ZuneVideo_10.19071.19011.0_x64__8wekyb3d8bbwe?ms-resource://Microsoft.ZuneVideo/resources/IDS_MANIFEST_VIDEO_APP_NAME}
	Modifying User:	NT SERVICE\mpssvc
	Modifying Application:	C:\Windows\System32\svchost.exe"
