Information,9/9/2021 9:26:29 PM,Microsoft-Windows-Windows Firewall With Advanced Security,2010,None,"Network profile changed on an interface.

Adapter GUID:	{444b9b0e-3de4-4d79-b24d-8ce2374e5ede}
Adapter Name:	ethernet_32769
Old Profile:	Public
New Profile:	Private"
Information,9/9/2021 9:26:14 PM,Microsoft-Windows-Windows Firewall With Advanced Security,2010,None,"Network profile changed on an interface.

Adapter GUID:	{444b9b0e-3de4-4d79-b24d-8ce2374e5ede}
Adapter Name:	ethernet_32769
Old Profile:	None
New Profile:	Public"
Information,9/9/2021 7:20:59 AM,Microsoft-Windows-Windows Firewall With Advanced Security,2002,None,"A Windows Defender Firewall setting has changed.

New Setting:
	Type:	Current Profile
	Value:	Private
	Modifying User:	NT SERVICE\mpssvc
	Modifying Application:	"
Information,9/9/2021 7:20:59 AM,Microsoft-Windows-Windows Firewall With Advanced Security,2010,None,"Network profile changed on an interface.

Adapter GUID:	{444b9b0e-3de4-4d79-b24d-8ce2374e5ede}
Adapter Name:	ethernet_32769
Old Profile:	Public
New Profile:	Private"
Information,9/9/2021 7:20:46 AM,Microsoft-Windows-Windows Firewall With Advanced Security,2010,None,"Network profile changed on an interface.

Adapter GUID:	{444b9b0e-3de4-4d79-b24d-8ce2374e5ede}
Adapter Name:	ethernet_32769
Old Profile:	None
New Profile:	Public"
Information,9/8/2021 7:53:48 PM,Microsoft-Windows-Windows Firewall With Advanced Security,2002,None,"A Windows Defender Firewall setting has changed.

New Setting:
	Type:	Current Profile
	Value:	Private
	Modifying User:	NT SERVICE\mpssvc
	Modifying Application:	"
Information,9/8/2021 7:53:48 PM,Microsoft-Windows-Windows Firewall With Advanced Security,2010,None,"Network profile changed on an interface.

Adapter GUID:	{444b9b0e-3de4-4d79-b24d-8ce2374e5ede}
Adapter Name:	ethernet_32769
Old Profile:	None
New Profile:	Private"
Information,9/8/2021 7:43:25 PM,Microsoft-Windows-Windows Firewall With Advanced Security,2002,None,"A Windows Defender Firewall setting has changed.

New Setting:
	Type:	Current Profile
	Value:	Private
	Modifying User:	NT SERVICE\mpssvc
	Modifying Application:	"
Information,9/8/2021 7:43:25 PM,Microsoft-Windows-Windows Firewall With Advanced Security,2010,None,"Network profile changed on an interface.

Adapter GUID:	{444b9b0e-3de4-4d79-b24d-8ce2374e5ede}
Adapter Name:	ethernet_32769
Old Profile:	None
New Profile:	Private"
Information,9/8/2021 7:35:38 PM,Microsoft-Windows-Windows Firewall With Advanced Security,2002,None,"A Windows Defender Firewall setting has changed.

New Setting:
	Type:	Current Profile
	Value:	Private
	Modifying User:	NT SERVICE\mpssvc
	Modifying Application:	"
Information,9/8/2021 7:35:38 PM,Microsoft-Windows-Windows Firewall With Advanced Security,2010,None,"Network profile changed on an interface.

Adapter GUID:	{444b9b0e-3de4-4d79-b24d-8ce2374e5ede}
Adapter Name:	ethernet_32769
Old Profile:	Public
New Profile:	Private"
Information,9/8/2021 7:35:38 PM,Microsoft-Windows-Windows Firewall With Advanced Security,2002,None,"A Windows Defender Firewall setting has changed.

New Setting:
	Type:	Current Profile
	Value:	Public
	Modifying User:	NT SERVICE\mpssvc
	Modifying Application:	"
Information,9/8/2021 7:35:38 PM,Microsoft-Windows-Windows Firewall With Advanced Security,2010,None,"Network profile changed on an interface.

Adapter GUID:	{444b9b0e-3de4-4d79-b24d-8ce2374e5ede}
Adapter Name:	ethernet_32769
Old Profile:	Private
New Profile:	Public"
Information,9/8/2021 7:29:03 PM,Microsoft-Windows-Windows Firewall With Advanced Security,2004,None,"A rule has been added to the Windows Defender Firewall exception list.

Added Rule:
	Rule ID:	{7513D50E-4A6A-4ABE-8306-2B9BF0828982}
	Rule Name:	WinDefend Outbound for TCP
	Origin:	Local
	Active:	Yes
	Direction:	Outbound
	Profiles:	Private,Domain, Public
	Action:	Allow
	Application Path:	C:\ProgramData\Microsoft\Windows Defender\platform\4.18.2108.7-0\MsMpEng.exe
	Service Name:	WinDefend
	Protocol:	TCP
	Security Options:	None
	Edge Traversal:	None
	Modifying User:	SYSTEM
	Modifying Application:	C:\ProgramData\Microsoft\Windows Defender\Platform\4.18.2001.10-0\MsMpEng.exe"
Information,9/8/2021 7:29:03 PM,Microsoft-Windows-Windows Firewall With Advanced Security,2006,None,"A rule has been deleted in the Windows Defender Firewall exception list.

Deleted Rule:
	Rule ID:	{9B671487-1EAC-444D-B2AF-0EB9F4975445}
	Rule Name:	WinDefend Outbound for TCP
	Modifying User:	SYSTEM
	Modifying Application:	C:\ProgramData\Microsoft\Windows Defender\Platform\4.18.2001.10-0\MsMpEng.exe"
Information,9/8/2021 7:29:03 PM,Microsoft-Windows-Windows Firewall With Advanced Security,2004,None,"A rule has been added to the Windows Defender Firewall exception list.

Added Rule:
	Rule ID:	0af902a0-7dc1-4c4c-bd13-6f5889923766
	Rule Name:	Outbound service restriction rule for WinDefend
	Origin:	Local
	Active:	Yes
	Direction:	Outbound
	Profiles:	Private,Domain, Public
	Action:	Block
	Application Path:	C:\ProgramData\Microsoft\Windows Defender\platform\4.18.2108.7-0\MsMpEng.exe
	Service Name:	WinDefend
	Protocol:	Any
	Security Options:	None
	Edge Traversal:	None
	Modifying User:	SYSTEM
	Modifying Application:	C:\ProgramData\Microsoft\Windows Defender\Platform\4.18.2001.10-0\MsMpEng.exe"
Information,9/8/2021 7:29:03 PM,Microsoft-Windows-Windows Firewall With Advanced Security,2004,None,"A rule has been added to the Windows Defender Firewall exception list.

Added Rule:
	Rule ID:	9c9930a0-c4a0-4e5f-be53-a924504cf1d0
	Rule Name:	Inbound service restriction rule for WinDefend
	Origin:	Local
	Active:	Yes
	Direction:	Inbound
	Profiles:	Private,Domain, Public
	Action:	Block
	Application Path:	C:\ProgramData\Microsoft\Windows Defender\platform\4.18.2108.7-0\MsMpEng.exe
	Service Name:	WinDefend
	Protocol:	Any
	Security Options:	None
	Edge Traversal:	None
	Modifying User:	SYSTEM
	Modifying Application:	C:\ProgramData\Microsoft\Windows Defender\Platform\4.18.2001.10-0\MsMpEng.exe"
Information,9/8/2021 7:29:03 PM,Microsoft-Windows-Windows Firewall With Advanced Security,2006,None,"A rule has been deleted in the Windows Defender Firewall exception list.

Deleted Rule:
	Rule ID:	44521526-2bc6-4913-94ce-32d28c49727f
	Rule Name:	Outbound service restriction rule for WinDefend
	Modifying User:	SYSTEM
	Modifying Application:	C:\ProgramData\Microsoft\Windows Defender\Platform\4.18.2001.10-0\MsMpEng.exe"
Information,9/8/2021 7:29:03 PM,Microsoft-Windows-Windows Firewall With Advanced Security,2006,None,"A rule has been deleted in the Windows Defender Firewall exception list.

Deleted Rule:
	Rule ID:	edda9661-0e7b-4eff-be9a-a562bc71419c
	Rule Name:	Inbound service restriction rule for WinDefend
	Modifying User:	SYSTEM
	Modifying Application:	C:\ProgramData\Microsoft\Windows Defender\Platform\4.18.2001.10-0\MsMpEng.exe"
Information,9/8/2021 7:28:50 PM,Microsoft-Windows-Windows Firewall With Advanced Security,2004,None,"A rule has been added to the Windows Defender Firewall exception list.

Added Rule:
	Rule ID:	{9B671487-1EAC-444D-B2AF-0EB9F4975445}
	Rule Name:	WinDefend Outbound for TCP
	Origin:	Local
	Active:	Yes
	Direction:	Outbound
	Profiles:	Private,Domain, Public
	Action:	Allow
	Application Path:	C:\ProgramData\Microsoft\Windows Defender\platform\4.18.2001.10-0\MsMpEng.exe
	Service Name:	WinDefend
	Protocol:	TCP
	Security Options:	None
	Edge Traversal:	None
	Modifying User:	SYSTEM
	Modifying Application:	C:\Program Files\Windows Defender\MsMpEng.exe"
Information,9/8/2021 7:28:50 PM,Microsoft-Windows-Windows Firewall With Advanced Security,2006,None,"A rule has been deleted in the Windows Defender Firewall exception list.

Deleted Rule:
	Rule ID:	{012B991F-739E-4EF0-9A6D-B6B10DC6EC14}
	Rule Name:	WinDefend Outbound for TCP
	Modifying User:	SYSTEM
	Modifying Application:	C:\Program Files\Windows Defender\MsMpEng.exe"
Information,9/8/2021 7:28:50 PM,Microsoft-Windows-Windows Firewall With Advanced Security,2004,None,"A rule has been added to the Windows Defender Firewall exception list.

Added Rule:
	Rule ID:	44521526-2bc6-4913-94ce-32d28c49727f
	Rule Name:	Outbound service restriction rule for WinDefend
	Origin:	Local
	Active:	Yes
	Direction:	Outbound
	Profiles:	Private,Domain, Public
	Action:	Block
	Application Path:	C:\ProgramData\Microsoft\Windows Defender\platform\4.18.2001.10-0\MsMpEng.exe
	Service Name:	WinDefend
	Protocol:	Any
	Security Options:	None
	Edge Traversal:	None
	Modifying User:	SYSTEM
	Modifying Application:	C:\Program Files\Windows Defender\MsMpEng.exe"
Information,9/8/2021 7:28:50 PM,Microsoft-Windows-Windows Firewall With Advanced Security,2004,None,"A rule has been added to the Windows Defender Firewall exception list.

Added Rule:
	Rule ID:	edda9661-0e7b-4eff-be9a-a562bc71419c
	Rule Name:	Inbound service restriction rule for WinDefend
	Origin:	Local
	Active:	Yes
	Direction:	Inbound
	Profiles:	Private,Domain, Public
	Action:	Block
	Application Path:	C:\ProgramData\Microsoft\Windows Defender\platform\4.18.2001.10-0\MsMpEng.exe
	Service Name:	WinDefend
	Protocol:	Any
	Security Options:	None
	Edge Traversal:	None
	Modifying User:	SYSTEM
	Modifying Application:	C:\Program Files\Windows Defender\MsMpEng.exe"
Information,9/8/2021 7:28:50 PM,Microsoft-Windows-Windows Firewall With Advanced Security,2006,None,"A rule has been deleted in the Windows Defender Firewall exception list.

Deleted Rule:
	Rule ID:	63b38396-ac20-4050-afb5-56f42b15e4d8
	Rule Name:	Outbound service restriction rule for WinDefend
	Modifying User:	SYSTEM
	Modifying Application:	C:\Program Files\Windows Defender\MsMpEng.exe"
Information,9/8/2021 7:28:50 PM,Microsoft-Windows-Windows Firewall With Advanced Security,2006,None,"A rule has been deleted in the Windows Defender Firewall exception list.

Deleted Rule:
	Rule ID:	9011ec56-f867-446e-8cf2-9449212dee36
	Rule Name:	Inbound service restriction rule for WinDefend
	Modifying User:	SYSTEM
	Modifying Application:	C:\Program Files\Windows Defender\MsMpEng.exe"
Information,9/8/2021 7:22:35 PM,Microsoft-Windows-Windows Firewall With Advanced Security,2004,None,"A rule has been added to the Windows Defender Firewall exception list.

Added Rule:
	Rule ID:	{C180A2CC-5DCF-4A55-AC9C-F4995E169FFC}
	Rule Name:	@{Microsoft.BingWeather_4.25.20211.0_x64__8wekyb3d8bbwe?ms-resource://Microsoft.BingWeather/Resources/ApplicationTitleWithBranding}
	Origin:	Local
	Active:	Yes
	Direction:	Outbound
	Profiles:	Private,Domain, Public
	Action:	Allow
	Application Path:	
	Service Name:	
	Protocol:	Any
	Security Options:	None
	Edge Traversal:	None
	Modifying User:	NT SERVICE\mpssvc
	Modifying Application:	C:\Windows\System32\svchost.exe"
Information,9/8/2021 7:22:35 PM,Microsoft-Windows-Windows Firewall With Advanced Security,2004,None,"A rule has been added to the Windows Defender Firewall exception list.

Added Rule:
	Rule ID:	{8CC09D7A-6412-4088-B1C2-EF9EDC43BEDD}
	Rule Name:	@{Microsoft.BingWeather_4.25.20211.0_x64__8wekyb3d8bbwe?ms-resource://Microsoft.BingWeather/Resources/ApplicationTitleWithBranding}
	Origin:	Local
	Active:	Yes
	Direction:	Outbound
	Profiles:	Private,Domain, Public
	Action:	Allow
	Application Path:	
	Service Name:	
	Protocol:	Any
	Security Options:	None
	Edge Traversal:	None
	Modifying User:	NT SERVICE\mpssvc
	Modifying Application:	C:\Windows\System32\svchost.exe"
Information,9/8/2021 7:22:35 PM,Microsoft-Windows-Windows Firewall With Advanced Security,2004,None,"A rule has been added to the Windows Defender Firewall exception list.

Added Rule:
	Rule ID:	{170F3BDC-DA52-47C3-9E7A-ADD7DB9EA54A}
	Rule Name:	@{Microsoft.BingWeather_4.25.20211.0_x64__8wekyb3d8bbwe?ms-resource://Microsoft.BingWeather/Resources/ApplicationTitleWithBranding}
	Origin:	Local
	Active:	Yes
	Direction:	Outbound
	Profiles:	Private,Domain, Public
	Action:	Block
	Application Path:	
	Service Name:	
	Protocol:	Any
	Security Options:	None
	Edge Traversal:	None
	Modifying User:	NT SERVICE\mpssvc
	Modifying Application:	C:\Windows\System32\svchost.exe"
Information,9/8/2021 7:22:35 PM,Microsoft-Windows-Windows Firewall With Advanced Security,2004,None,"A rule has been added to the Windows Defender Firewall exception list.

Added Rule:
	Rule ID:	{4DA8C575-788C-45FC-B35C-B34668997B60}
	Rule Name:	@{Microsoft.BingWeather_4.25.20211.0_x64__8wekyb3d8bbwe?ms-resource://Microsoft.BingWeather/Resources/ApplicationTitleWithBranding}
	Origin:	Local
	Active:	Yes
	Direction:	Inbound
	Profiles:	Private,Domain, Public
	Action:	Block
	Application Path:	
	Service Name:	
	Protocol:	Any
	Security Options:	None
	Edge Traversal:	None
	Modifying User:	NT SERVICE\mpssvc
	Modifying Application:	C:\Windows\System32\svchost.exe"
Information,9/8/2021 7:22:34 PM,Microsoft-Windows-Windows Firewall With Advanced Security,2004,None,"A rule has been added to the Windows Defender Firewall exception list.

Added Rule:
	Rule ID:	{5CA30B64-BAD2-48A9-A680-65B1BAFA47B0}
	Rule Name:	@{Microsoft.GetHelp_10.1706.13331.0_x64__8wekyb3d8bbwe?ms-resource://Microsoft.GetHelp/Resources/appDisplayName}
	Origin:	Local
	Active:	Yes
	Direction:	Outbound
	Profiles:	Private,Domain, Public
	Action:	Allow
	Application Path:	
	Service Name:	
	Protocol:	Any
	Security Options:	None
	Edge Traversal:	None
	Modifying User:	NT SERVICE\mpssvc
	Modifying Application:	C:\Windows\System32\svchost.exe"
Information,9/8/2021 7:22:34 PM,Microsoft-Windows-Windows Firewall With Advanced Security,2004,None,"A rule has been added to the Windows Defender Firewall exception list.

Added Rule:
	Rule ID:	{4F3C2409-C350-447C-B1C5-50B061A4EC62}
	Rule Name:	@{Microsoft.GetHelp_10.1706.13331.0_x64__8wekyb3d8bbwe?ms-resource://Microsoft.GetHelp/Resources/appDisplayName}
	Origin:	Local
	Active:	Yes
	Direction:	Outbound
	Profiles:	Private,Domain, Public
	Action:	Allow
	Application Path:	
	Service Name:	
	Protocol:	Any
	Security Options:	None
	Edge Traversal:	None
	Modifying User:	NT SERVICE\mpssvc
	Modifying Application:	C:\Windows\System32\svchost.exe"
Information,9/8/2021 7:22:34 PM,Microsoft-Windows-Windows Firewall With Advanced Security,2004,None,"A rule has been added to the Windows Defender Firewall exception list.

Added Rule:
	Rule ID:	{10F10EC7-A2D0-4411-AB4C-EE0BF0033F1D}
	Rule Name:	@{Microsoft.GetHelp_10.1706.13331.0_x64__8wekyb3d8bbwe?ms-resource://Microsoft.GetHelp/Resources/appDisplayName}
	Origin:	Local
	Active:	Yes
	Direction:	Outbound
	Profiles:	Private,Domain, Public
	Action:	Block
	Application Path:	
	Service Name:	
	Protocol:	Any
	Security Options:	None
	Edge Traversal:	None
	Modifying User:	NT SERVICE\mpssvc
	Modifying Application:	C:\Windows\System32\svchost.exe"
Information,9/8/2021 7:22:34 PM,Microsoft-Windows-Windows Firewall With Advanced Security,2004,None,"A rule has been added to the Windows Defender Firewall exception list.

Added Rule:
	Rule ID:	{59F69A64-8957-4131-98D9-10BF18954362}
	Rule Name:	@{Microsoft.GetHelp_10.1706.13331.0_x64__8wekyb3d8bbwe?ms-resource://Microsoft.GetHelp/Resources/appDisplayName}
	Origin:	Local
	Active:	Yes
	Direction:	Inbound
	Profiles:	Private,Domain, Public
	Action:	Block
	Application Path:	
	Service Name:	
	Protocol:	Any
	Security Options:	None
	Edge Traversal:	None
	Modifying User:	NT SERVICE\mpssvc
	Modifying Application:	C:\Windows\System32\svchost.exe"
Information,9/8/2021 7:22:33 PM,Microsoft-Windows-Windows Firewall With Advanced Security,2004,None,"A rule has been added to the Windows Defender Firewall exception list.

Added Rule:
	Rule ID:	{21EBE3B4-6B83-4DFB-98A9-CC9E749AEDCA}
	Rule Name:	@{Microsoft.Getstarted_8.2.22942.0_x64__8wekyb3d8bbwe?ms-resource://Microsoft.Getstarted/Resources/AppStoreName}
	Origin:	Local
	Active:	Yes
	Direction:	Outbound
	Profiles:	Private,Domain, Public
	Action:	Allow
	Application Path:	
	Service Name:	
	Protocol:	Any
	Security Options:	None
	Edge Traversal:	None
	Modifying User:	NT SERVICE\mpssvc
	Modifying Application:	C:\Windows\System32\svchost.exe"
Information,9/8/2021 7:22:33 PM,Microsoft-Windows-Windows Firewall With Advanced Security,2004,None,"A rule has been added to the Windows Defender Firewall exception list.

Added Rule:
	Rule ID:	{76D4105D-D14B-4E8F-85E3-458BE3D923CA}
	Rule Name:	@{Microsoft.Getstarted_8.2.22942.0_x64__8wekyb3d8bbwe?ms-resource://Microsoft.Getstarted/Resources/AppStoreName}
	Origin:	Local
	Active:	Yes
	Direction:	Outbound
	Profiles:	Private,Domain, Public
	Action:	Allow
	Application Path:	
	Service Name:	
	Protocol:	Any
	Security Options:	None
	Edge Traversal:	None
	Modifying User:	NT SERVICE\mpssvc
	Modifying Application:	C:\Windows\System32\svchost.exe"
Information,9/8/2021 7:22:33 PM,Microsoft-Windows-Windows Firewall With Advanced Security,2004,None,"A rule has been added to the Windows Defender Firewall exception list.

Added Rule:
	Rule ID:	{2478E948-ACB7-440C-BF2A-24EC16DB15C8}
	Rule Name:	@{Microsoft.Getstarted_8.2.22942.0_x64__8wekyb3d8bbwe?ms-resource://Microsoft.Getstarted/Resources/AppStoreName}
	Origin:	Local
	Active:	Yes
	Direction:	Outbound
	Profiles:	Private,Domain, Public
	Action:	Block
	Application Path:	
	Service Name:	
	Protocol:	Any
	Security Options:	None
	Edge Traversal:	None
	Modifying User:	NT SERVICE\mpssvc
	Modifying Application:	C:\Windows\System32\svchost.exe"
Information,9/8/2021 7:22:33 PM,Microsoft-Windows-Windows Firewall With Advanced Security,2004,None,"A rule has been added to the Windows Defender Firewall exception list.

Added Rule:
	Rule ID:	{85E8CEF1-0B86-470E-A80E-C692FD9E8F87}
	Rule Name:	@{Microsoft.Getstarted_8.2.22942.0_x64__8wekyb3d8bbwe?ms-resource://Microsoft.Getstarted/Resources/AppStoreName}
	Origin:	Local
	Active:	Yes
	Direction:	Inbound
	Profiles:	Private,Domain, Public
	Action:	Block
	Application Path:	
	Service Name:	
	Protocol:	Any
	Security Options:	None
	Edge Traversal:	None
	Modifying User:	NT SERVICE\mpssvc
	Modifying Application:	C:\Windows\System32\svchost.exe"
Information,9/8/2021 7:22:33 PM,Microsoft-Windows-Windows Firewall With Advanced Security,2004,None,"A rule has been added to the Windows Defender Firewall exception list.

Added Rule:
	Rule ID:	{48810991-00C8-417D-8F87-E5C59C7BB1C2}
	Rule Name:	@{Microsoft.HEIFImageExtension_1.0.22742.0_x64__8wekyb3d8bbwe?ms-resource://Microsoft.HEIFImageExtension/Resources/AppStoreName}
	Origin:	Local
	Active:	Yes
	Direction:	Outbound
	Profiles:	Private,Domain, Public
	Action:	Block
	Application Path:	
	Service Name:	
	Protocol:	Any
	Security Options:	None
	Edge Traversal:	None
	Modifying User:	NT SERVICE\mpssvc
	Modifying Application:	C:\Windows\System32\svchost.exe"
Information,9/8/2021 7:22:33 PM,Microsoft-Windows-Windows Firewall With Advanced Security,2004,None,"A rule has been added to the Windows Defender Firewall exception list.

Added Rule:
	Rule ID:	{07B7E73C-514F-4460-B0B0-F0D8D266CC5D}
	Rule Name:	@{Microsoft.HEIFImageExtension_1.0.22742.0_x64__8wekyb3d8bbwe?ms-resource://Microsoft.HEIFImageExtension/Resources/AppStoreName}
	Origin:	Local
	Active:	Yes
	Direction:	Inbound
	Profiles:	Private,Domain, Public
	Action:	Block
	Application Path:	
	Service Name:	
	Protocol:	Any
	Security Options:	None
	Edge Traversal:	None
	Modifying User:	NT SERVICE\mpssvc
	Modifying Application:	C:\Windows\System32\svchost.exe"
Information,9/8/2021 7:22:32 PM,Microsoft-Windows-Windows Firewall With Advanced Security,2004,None,"A rule has been added to the Windows Defender Firewall exception list.

Added Rule:
	Rule ID:	{7EBD2C86-FADF-4389-87E5-78BC03B6DB26}
	Rule Name:	@{Microsoft.Microsoft3DViewer_6.1908.2042.0_x64__8wekyb3d8bbwe?ms-resource://Microsoft.Microsoft3DViewer/Common.View.UWP/Resources/StoreAppName}
	Origin:	Local
	Active:	Yes
	Direction:	Outbound
	Profiles:	Private,Domain, Public
	Action:	Allow
	Application Path:	
	Service Name:	
	Protocol:	Any
	Security Options:	None
	Edge Traversal:	None
	Modifying User:	NT SERVICE\mpssvc
	Modifying Application:	C:\Windows\System32\svchost.exe"
Information,9/8/2021 7:22:32 PM,Microsoft-Windows-Windows Firewall With Advanced Security,2004,None,"A rule has been added to the Windows Defender Firewall exception list.

Added Rule:
	Rule ID:	{C84B8E5C-9940-40AB-BF2C-44DF956AFB79}
	Rule Name:	@{Microsoft.Microsoft3DViewer_6.1908.2042.0_x64__8wekyb3d8bbwe?ms-resource://Microsoft.Microsoft3DViewer/Common.View.UWP/Resources/StoreAppName}
	Origin:	Local
	Active:	Yes
	Direction:	Outbound
	Profiles:	Private,Domain, Public
	Action:	Allow
	Application Path:	
	Service Name:	
	Protocol:	Any
	Security Options:	None
	Edge Traversal:	None
	Modifying User:	NT SERVICE\mpssvc
	Modifying Application:	C:\Windows\System32\svchost.exe"
Information,9/8/2021 7:22:32 PM,Microsoft-Windows-Windows Firewall With Advanced Security,2004,None,"A rule has been added to the Windows Defender Firewall exception list.

Added Rule:
	Rule ID:	{90106499-A9C0-462C-9918-E7717D318C36}
	Rule Name:	@{Microsoft.Microsoft3DViewer_6.1908.2042.0_x64__8wekyb3d8bbwe?ms-resource://Microsoft.Microsoft3DViewer/Common.View.UWP/Resources/StoreAppName}
	Origin:	Local
	Active:	Yes
	Direction:	Outbound
	Profiles:	Private,Domain, Public
	Action:	Block
	Application Path:	
	Service Name:	
	Protocol:	Any
	Security Options:	None
	Edge Traversal:	None
	Modifying User:	NT SERVICE\mpssvc
	Modifying Application:	C:\Windows\System32\svchost.exe"
Information,9/8/2021 7:22:32 PM,Microsoft-Windows-Windows Firewall With Advanced Security,2004,None,"A rule has been added to the Windows Defender Firewall exception list.

Added Rule:
	Rule ID:	{75CA2428-6089-481D-AAE8-2DB3B0F390B9}
	Rule Name:	@{Microsoft.Microsoft3DViewer_6.1908.2042.0_x64__8wekyb3d8bbwe?ms-resource://Microsoft.Microsoft3DViewer/Common.View.UWP/Resources/StoreAppName}
	Origin:	Local
	Active:	Yes
	Direction:	Inbound
	Profiles:	Private,Domain, Public
	Action:	Block
	Application Path:	
	Service Name:	
	Protocol:	Any
	Security Options:	None
	Edge Traversal:	None
	Modifying User:	NT SERVICE\mpssvc
	Modifying Application:	C:\Windows\System32\svchost.exe"
Information,9/8/2021 7:22:31 PM,Microsoft-Windows-Windows Firewall With Advanced Security,2004,None,"A rule has been added to the Windows Defender Firewall exception list.

Added Rule:
	Rule ID:	{D1A361A3-1BF1-417F-AD3E-7E84CCC0AFED}
	Rule Name:	Microsoft Edge
	Origin:	Local
	Active:	Yes
	Direction:	Outbound
	Profiles:	Private,Domain, Public
	Action:	Block
	Application Path:	
	Service Name:	
	Protocol:	Any
	Security Options:	None
	Edge Traversal:	None
	Modifying User:	NT SERVICE\mpssvc
	Modifying Application:	C:\Windows\System32\svchost.exe"
Information,9/8/2021 7:22:31 PM,Microsoft-Windows-Windows Firewall With Advanced Security,2004,None,"A rule has been added to the Windows Defender Firewall exception list.

Added Rule:
	Rule ID:	{8883965C-BABE-44A3-9102-2CD8760DD57F}
	Rule Name:	Microsoft Edge
	Origin:	Local
	Active:	Yes
	Direction:	Inbound
	Profiles:	Private,Domain, Public
	Action:	Block
	Application Path:	
	Service Name:	
	Protocol:	Any
	Security Options:	None
	Edge Traversal:	None
	Modifying User:	NT SERVICE\mpssvc
	Modifying Application:	C:\Windows\System32\svchost.exe"
Information,9/8/2021 7:22:30 PM,Microsoft-Windows-Windows Firewall With Advanced Security,2006,None,"A rule has been deleted in the Windows Defender Firewall exception list.

Deleted Rule:
	Rule ID:	{C2AB0A54-2F06-4D3E-A462-57139A4FBB2D}
	Rule Name:	ByteCodeGeneration
	Modifying User:	NT SERVICE\mpssvc
	Modifying Application:	C:\Windows\System32\svchost.exe"
Information,9/8/2021 7:22:30 PM,Microsoft-Windows-Windows Firewall With Advanced Security,2006,None,"A rule has been deleted in the Windows Defender Firewall exception list.

Deleted Rule:
	Rule ID:	{A7FE5C4B-8040-42D2-8BF4-563F11749B3B}
	Rule Name:	ByteCodeGeneration
	Modifying User:	NT SERVICE\mpssvc
	Modifying Application:	C:\Windows\System32\svchost.exe"
Information,9/8/2021 7:22:30 PM,Microsoft-Windows-Windows Firewall With Advanced Security,2004,None,"A rule has been added to the Windows Defender Firewall exception list.

Added Rule:
	Rule ID:	{A7FE5C4B-8040-42D2-8BF4-563F11749B3B}
	Rule Name:	ByteCodeGeneration
	Origin:	Local
	Active:	Yes
	Direction:	Outbound
	Profiles:	Private,Domain, Public
	Action:	Block
	Application Path:	
	Service Name:	
	Protocol:	Any
	Security Options:	None
	Edge Traversal:	None
	Modifying User:	NT SERVICE\mpssvc
	Modifying Application:	C:\Windows\System32\svchost.exe"
Information,9/8/2021 7:22:30 PM,Microsoft-Windows-Windows Firewall With Advanced Security,2004,None,"A rule has been added to the Windows Defender Firewall exception list.

Added Rule:
	Rule ID:	{C2AB0A54-2F06-4D3E-A462-57139A4FBB2D}
	Rule Name:	ByteCodeGeneration
	Origin:	Local
	Active:	Yes
	Direction:	Inbound
	Profiles:	Private,Domain, Public
	Action:	Block
	Application Path:	
	Service Name:	
	Protocol:	Any
	Security Options:	None
	Edge Traversal:	None
	Modifying User:	NT SERVICE\mpssvc
	Modifying Application:	C:\Windows\System32\svchost.exe"
Information,9/8/2021 7:22:30 PM,Microsoft-Windows-Windows Firewall With Advanced Security,2004,None,"A rule has been added to the Windows Defender Firewall exception list.

Added Rule:
	Rule ID:	{D4A0BB99-FA94-4A43-8313-C26A25A7A75E}
	Rule Name:	Office
	Origin:	Local
	Active:	Yes
	Direction:	Outbound
	Profiles:	Private,Domain, Public
	Action:	Allow
	Application Path:	
	Service Name:	
	Protocol:	Any
	Security Options:	None
	Edge Traversal:	None
	Modifying User:	NT SERVICE\mpssvc
	Modifying Application:	C:\Windows\System32\svchost.exe"
Information,9/8/2021 7:22:30 PM,Microsoft-Windows-Windows Firewall With Advanced Security,2004,None,"A rule has been added to the Windows Defender Firewall exception list.

Added Rule:
	Rule ID:	{B63F108D-8201-4D4D-B6D2-39689A380E0B}
	Rule Name:	Office
	Origin:	Local
	Active:	Yes
	Direction:	Outbound
	Profiles:	Private,Domain, Public
	Action:	Allow
	Application Path:	
	Service Name:	
	Protocol:	Any
	Security Options:	None
	Edge Traversal:	None
	Modifying User:	NT SERVICE\mpssvc
	Modifying Application:	C:\Windows\System32\svchost.exe"
Information,9/8/2021 7:22:30 PM,Microsoft-Windows-Windows Firewall With Advanced Security,2004,None,"A rule has been added to the Windows Defender Firewall exception list.

Added Rule:
	Rule ID:	{49363002-6EA8-4C6A-8FE7-8A661CC204B9}
	Rule Name:	Office
	Origin:	Local
	Active:	Yes
	Direction:	Outbound
	Profiles:	Private,Domain, Public
	Action:	Block
	Application Path:	
	Service Name:	
	Protocol:	Any
	Security Options:	None
	Edge Traversal:	None
	Modifying User:	NT SERVICE\mpssvc
	Modifying Application:	C:\Windows\System32\svchost.exe"
Information,9/8/2021 7:22:30 PM,Microsoft-Windows-Windows Firewall With Advanced Security,2004,None,"A rule has been added to the Windows Defender Firewall exception list.

Added Rule:
	Rule ID:	{BB2C7D28-7462-4DAE-AA18-BC656E4C4123}
	Rule Name:	Office
	Origin:	Local
	Active:	Yes
	Direction:	Inbound
	Profiles:	Private,Domain, Public
	Action:	Block
	Application Path:	
	Service Name:	
	Protocol:	Any
	Security Options:	None
	Edge Traversal:	None
	Modifying User:	NT SERVICE\mpssvc
	Modifying Application:	C:\Windows\System32\svchost.exe"
Information,9/8/2021 7:22:29 PM,Microsoft-Windows-Windows Firewall With Advanced Security,2004,None,"A rule has been added to the Windows Defender Firewall exception list.

Added Rule:
	Rule ID:	{44754ABE-2C7C-48DE-BC6C-A9046C9AF26D}
	Rule Name:	Microsoft Solitaire Collection
	Origin:	Local
	Active:	Yes
	Direction:	Inbound
	Profiles:	Private,Domain
	Action:	Allow
	Application Path:	
	Service Name:	
	Protocol:	Any
	Security Options:	None
	Edge Traversal:	None
	Modifying User:	NT SERVICE\mpssvc
	Modifying Application:	C:\Windows\System32\svchost.exe"
Information,9/8/2021 7:22:29 PM,Microsoft-Windows-Windows Firewall With Advanced Security,2004,None,"A rule has been added to the Windows Defender Firewall exception list.

Added Rule:
	Rule ID:	{56F55E52-EAAF-4107-8846-D3A04BF44F55}
	Rule Name:	Microsoft Solitaire Collection
	Origin:	Local
	Active:	Yes
	Direction:	Outbound
	Profiles:	Private,Domain, Public
	Action:	Allow
	Application Path:	
	Service Name:	
	Protocol:	Any
	Security Options:	None
	Edge Traversal:	None
	Modifying User:	NT SERVICE\mpssvc
	Modifying Application:	C:\Windows\System32\svchost.exe"
Information,9/8/2021 7:22:29 PM,Microsoft-Windows-Windows Firewall With Advanced Security,2004,None,"A rule has been added to the Windows Defender Firewall exception list.

Added Rule:
	Rule ID:	{8417DA37-85DF-4617-B857-F27A3DCFF904}
	Rule Name:	Microsoft Solitaire Collection
	Origin:	Local
	Active:	Yes
	Direction:	Outbound
	Profiles:	Private,Domain, Public
	Action:	Allow
	Application Path:	
	Service Name:	
	Protocol:	Any
	Security Options:	None
	Edge Traversal:	None
	Modifying User:	NT SERVICE\mpssvc
	Modifying Application:	C:\Windows\System32\svchost.exe"
Information,9/8/2021 7:22:29 PM,Microsoft-Windows-Windows Firewall With Advanced Security,2004,None,"A rule has been added to the Windows Defender Firewall exception list.

Added Rule:
	Rule ID:	{87EBD236-853E-49E4-81C0-CC74FA727FC2}
	Rule Name:	Microsoft Solitaire Collection
	Origin:	Local
	Active:	Yes
	Direction:	Outbound
	Profiles:	Public, Private
	Action:	Allow
	Application Path:	
	Service Name:	
	Protocol:	Any
	Security Options:	Require Authentication
	Edge Traversal:	None
	Modifying User:	NT SERVICE\mpssvc
	Modifying Application:	C:\Windows\System32\svchost.exe"
Information,9/8/2021 7:22:29 PM,Microsoft-Windows-Windows Firewall With Advanced Security,2004,None,"A rule has been added to the Windows Defender Firewall exception list.

Added Rule:
	Rule ID:	{16CC8656-2FF6-46D7-B500-C21398C9E530}
	Rule Name:	Microsoft Solitaire Collection
	Origin:	Local
	Active:	Yes
	Direction:	Inbound
	Profiles:	Public, Private
	Action:	Allow
	Application Path:	
	Service Name:	
	Protocol:	Any
	Security Options:	Require Authentication
	Edge Traversal:	None
	Modifying User:	NT SERVICE\mpssvc
	Modifying Application:	C:\Windows\System32\svchost.exe"
Information,9/8/2021 7:22:29 PM,Microsoft-Windows-Windows Firewall With Advanced Security,2004,None,"A rule has been added to the Windows Defender Firewall exception list.

Added Rule:
	Rule ID:	{5C6AF6B7-03F4-469A-AC9B-8C7645B25FFC}
	Rule Name:	Microsoft Solitaire Collection
	Origin:	Local
	Active:	Yes
	Direction:	Outbound
	Profiles:	Private,Domain, Public
	Action:	Allow
	Application Path:	
	Service Name:	
	Protocol:	Any
	Security Options:	None
	Edge Traversal:	None
	Modifying User:	NT SERVICE\mpssvc
	Modifying Application:	C:\Windows\System32\svchost.exe"
Information,9/8/2021 7:22:29 PM,Microsoft-Windows-Windows Firewall With Advanced Security,2004,None,"A rule has been added to the Windows Defender Firewall exception list.

Added Rule:
	Rule ID:	{500D0C3D-CE04-461E-838C-8F54D0D8EB05}
	Rule Name:	Microsoft Solitaire Collection
	Origin:	Local
	Active:	Yes
	Direction:	Inbound
	Profiles:	Private,Domain, Public
	Action:	Allow
	Application Path:	
	Service Name:	
	Protocol:	Any
	Security Options:	None
	Edge Traversal:	None
	Modifying User:	NT SERVICE\mpssvc
	Modifying Application:	C:\Windows\System32\svchost.exe"
Information,9/8/2021 7:22:29 PM,Microsoft-Windows-Windows Firewall With Advanced Security,2004,None,"A rule has been added to the Windows Defender Firewall exception list.

Added Rule:
	Rule ID:	{7AE04F98-3BA4-42C3-AB2A-44AFE59B9781}
	Rule Name:	Microsoft Solitaire Collection
	Origin:	Local
	Active:	Yes
	Direction:	Outbound
	Profiles:	Private,Domain, Public
	Action:	Block
	Application Path:	
	Service Name:	
	Protocol:	Any
	Security Options:	None
	Edge Traversal:	None
	Modifying User:	NT SERVICE\mpssvc
	Modifying Application:	C:\Windows\System32\svchost.exe"
Information,9/8/2021 7:22:29 PM,Microsoft-Windows-Windows Firewall With Advanced Security,2004,None,"A rule has been added to the Windows Defender Firewall exception list.

Added Rule:
	Rule ID:	{5ADF103D-6071-4FB2-8083-490BC64102E3}
	Rule Name:	Microsoft Solitaire Collection
	Origin:	Local
	Active:	Yes
	Direction:	Inbound
	Profiles:	Private,Domain, Public
	Action:	Block
	Application Path:	
	Service Name:	
	Protocol:	Any
	Security Options:	None
	Edge Traversal:	None
	Modifying User:	NT SERVICE\mpssvc
	Modifying Application:	C:\Windows\System32\svchost.exe"
Information,9/8/2021 7:22:29 PM,Microsoft-Windows-Windows Firewall With Advanced Security,2004,None,"A rule has been added to the Windows Defender Firewall exception list.

Added Rule:
	Rule ID:	{3B4339FB-EDAB-4DF3-B558-E2D144ACFE70}
	Rule Name:	Microsoft Sticky Notes
	Origin:	Local
	Active:	Yes
	Direction:	Inbound
	Profiles:	Private,Domain
	Action:	Allow
	Application Path:	
	Service Name:	
	Protocol:	Any
	Security Options:	None
	Edge Traversal:	None
	Modifying User:	NT SERVICE\mpssvc
	Modifying Application:	C:\Windows\System32\svchost.exe"
Information,9/8/2021 7:22:29 PM,Microsoft-Windows-Windows Firewall With Advanced Security,2004,None,"A rule has been added to the Windows Defender Firewall exception list.

Added Rule:
	Rule ID:	{A2DC96FF-8EF7-4D56-A4ED-B42E13C67755}
	Rule Name:	Microsoft Sticky Notes
	Origin:	Local
	Active:	Yes
	Direction:	Outbound
	Profiles:	Private,Domain, Public
	Action:	Allow
	Application Path:	
	Service Name:	
	Protocol:	Any
	Security Options:	None
	Edge Traversal:	None
	Modifying User:	NT SERVICE\mpssvc
	Modifying Application:	C:\Windows\System32\svchost.exe"
Information,9/8/2021 7:22:29 PM,Microsoft-Windows-Windows Firewall With Advanced Security,2004,None,"A rule has been added to the Windows Defender Firewall exception list.

Added Rule:
	Rule ID:	{4405468D-DE54-4194-8B93-2FE1C1513868}
	Rule Name:	Microsoft Sticky Notes
	Origin:	Local
	Active:	Yes
	Direction:	Outbound
	Profiles:	Private,Domain, Public
	Action:	Allow
	Application Path:	
	Service Name:	
	Protocol:	Any
	Security Options:	None
	Edge Traversal:	None
	Modifying User:	NT SERVICE\mpssvc
	Modifying Application:	C:\Windows\System32\svchost.exe"
Information,9/8/2021 7:22:29 PM,Microsoft-Windows-Windows Firewall With Advanced Security,2004,None,"A rule has been added to the Windows Defender Firewall exception list.

Added Rule:
	Rule ID:	{1B19F111-58AE-4D63-A032-AD6B9B138767}
	Rule Name:	Microsoft Sticky Notes
	Origin:	Local
	Active:	Yes
	Direction:	Outbound
	Profiles:	Public, Private
	Action:	Allow
	Application Path:	
	Service Name:	
	Protocol:	Any
	Security Options:	Require Authentication
	Edge Traversal:	None
	Modifying User:	NT SERVICE\mpssvc
	Modifying Application:	C:\Windows\System32\svchost.exe"
Information,9/8/2021 7:22:29 PM,Microsoft-Windows-Windows Firewall With Advanced Security,2004,None,"A rule has been added to the Windows Defender Firewall exception list.

Added Rule:
	Rule ID:	{816EA355-EE2A-431D-B722-D2537F7999D6}
	Rule Name:	Microsoft Sticky Notes
	Origin:	Local
	Active:	Yes
	Direction:	Inbound
	Profiles:	Public, Private
	Action:	Allow
	Application Path:	
	Service Name:	
	Protocol:	Any
	Security Options:	Require Authentication
	Edge Traversal:	None
	Modifying User:	NT SERVICE\mpssvc
	Modifying Application:	C:\Windows\System32\svchost.exe"
Information,9/8/2021 7:22:29 PM,Microsoft-Windows-Windows Firewall With Advanced Security,2004,None,"A rule has been added to the Windows Defender Firewall exception list.

Added Rule:
	Rule ID:	{0E6EDFB1-1101-4FF6-B3FC-DEB5E97882D8}
	Rule Name:	Microsoft Sticky Notes
	Origin:	Local
	Active:	Yes
	Direction:	Outbound
	Profiles:	Private,Domain, Public
	Action:	Allow
	Application Path:	
	Service Name:	
	Protocol:	Any
	Security Options:	None
	Edge Traversal:	None
	Modifying User:	NT SERVICE\mpssvc
	Modifying Application:	C:\Windows\System32\svchost.exe"
Information,9/8/2021 7:22:29 PM,Microsoft-Windows-Windows Firewall With Advanced Security,2004,None,"A rule has been added to the Windows Defender Firewall exception list.

Added Rule:
	Rule ID:	{8DB609A1-43D2-4A82-82F4-A273B77784EF}
	Rule Name:	Microsoft Sticky Notes
	Origin:	Local
	Active:	Yes
	Direction:	Inbound
	Profiles:	Private,Domain, Public
	Action:	Allow
	Application Path:	
	Service Name:	
	Protocol:	Any
	Security Options:	None
	Edge Traversal:	None
	Modifying User:	NT SERVICE\mpssvc
	Modifying Application:	C:\Windows\System32\svchost.exe"
Information,9/8/2021 7:22:29 PM,Microsoft-Windows-Windows Firewall With Advanced Security,2004,None,"A rule has been added to the Windows Defender Firewall exception list.

Added Rule:
	Rule ID:	{54951E85-6CCE-4AF7-B535-8524F87CA702}
	Rule Name:	Microsoft Sticky Notes
	Origin:	Local
	Active:	Yes
	Direction:	Outbound
	Profiles:	Private,Domain, Public
	Action:	Block
	Application Path:	
	Service Name:	
	Protocol:	Any
	Security Options:	None
	Edge Traversal:	None
	Modifying User:	NT SERVICE\mpssvc
	Modifying Application:	C:\Windows\System32\svchost.exe"
Information,9/8/2021 7:22:29 PM,Microsoft-Windows-Windows Firewall With Advanced Security,2004,None,"A rule has been added to the Windows Defender Firewall exception list.

Added Rule:
	Rule ID:	{336889D0-D814-4939-A2F2-7711A4B82E13}
	Rule Name:	Microsoft Sticky Notes
	Origin:	Local
	Active:	Yes
	Direction:	Inbound
	Profiles:	Private,Domain, Public
	Action:	Block
	Application Path:	
	Service Name:	
	Protocol:	Any
	Security Options:	None
	Edge Traversal:	None
	Modifying User:	NT SERVICE\mpssvc
	Modifying Application:	C:\Windows\System32\svchost.exe"
Information,9/8/2021 7:22:28 PM,Microsoft-Windows-Windows Firewall With Advanced Security,2004,None,"A rule has been added to the Windows Defender Firewall exception list.

Added Rule:
	Rule ID:	{7E931344-5020-4668-A373-E830BE408B0E}
	Rule Name:	@{Microsoft.MixedReality.Portal_2000.19081.1301.0_x64__8wekyb3d8bbwe?ms-resource://Microsoft.MixedReality.Portal/Resources/PkgDisplayName}
	Origin:	Local
	Active:	Yes
	Direction:	Outbound
	Profiles:	Private,Domain, Public
	Action:	Allow
	Application Path:	
	Service Name:	
	Protocol:	Any
	Security Options:	None
	Edge Traversal:	None
	Modifying User:	NT SERVICE\mpssvc
	Modifying Application:	C:\Windows\System32\svchost.exe"
Information,9/8/2021 7:22:28 PM,Microsoft-Windows-Windows Firewall With Advanced Security,2004,None,"A rule has been added to the Windows Defender Firewall exception list.

Added Rule:
	Rule ID:	{36D5F2C5-9F39-4A6F-9F2A-FC3B42D40436}
	Rule Name:	@{Microsoft.MixedReality.Portal_2000.19081.1301.0_x64__8wekyb3d8bbwe?ms-resource://Microsoft.MixedReality.Portal/Resources/PkgDisplayName}
	Origin:	Local
	Active:	Yes
	Direction:	Outbound
	Profiles:	Private,Domain, Public
	Action:	Allow
	Application Path:	
	Service Name:	
	Protocol:	Any
	Security Options:	None
	Edge Traversal:	None
	Modifying User:	NT SERVICE\mpssvc
	Modifying Application:	C:\Windows\System32\svchost.exe"
Information,9/8/2021 7:22:28 PM,Microsoft-Windows-Windows Firewall With Advanced Security,2004,None,"A rule has been added to the Windows Defender Firewall exception list.

Added Rule:
	Rule ID:	{BC143EF6-90D7-4583-ABCF-346ECFDF12C3}
	Rule Name:	@{Microsoft.MixedReality.Portal_2000.19081.1301.0_x64__8wekyb3d8bbwe?ms-resource://Microsoft.MixedReality.Portal/Resources/PkgDisplayName}
	Origin:	Local
	Active:	Yes
	Direction:	Outbound
	Profiles:	Private,Domain, Public
	Action:	Block
	Application Path:	
	Service Name:	
	Protocol:	Any
	Security Options:	None
	Edge Traversal:	None
	Modifying User:	NT SERVICE\mpssvc
	Modifying Application:	C:\Windows\System32\svchost.exe"
Information,9/8/2021 7:22:28 PM,Microsoft-Windows-Windows Firewall With Advanced Security,2004,None,"A rule has been added to the Windows Defender Firewall exception list.

Added Rule:
	Rule ID:	{576091CD-DF86-4FBB-9674-EE965876035F}
	Rule Name:	@{Microsoft.MixedReality.Portal_2000.19081.1301.0_x64__8wekyb3d8bbwe?ms-resource://Microsoft.MixedReality.Portal/Resources/PkgDisplayName}
	Origin:	Local
	Active:	Yes
	Direction:	Inbound
	Profiles:	Private,Domain, Public
	Action:	Block
	Application Path:	
	Service Name:	
	Protocol:	Any
	Security Options:	None
	Edge Traversal:	None
	Modifying User:	NT SERVICE\mpssvc
	Modifying Application:	C:\Windows\System32\svchost.exe"
Information,9/8/2021 7:22:27 PM,Microsoft-Windows-Windows Firewall With Advanced Security,2004,None,"A rule has been added to the Windows Defender Firewall exception list.

Added Rule:
	Rule ID:	{3E68A89D-B7DE-43D3-95A0-9E9481F02F24}
	Rule Name:	@{Microsoft.MSPaint_6.1907.29027.0_x64__8wekyb3d8bbwe?ms-resource://Microsoft.MSPaint/resources/AppName}
	Origin:	Local
	Active:	Yes
	Direction:	Outbound
	Profiles:	Private,Domain, Public
	Action:	Allow
	Application Path:	
	Service Name:	
	Protocol:	Any
	Security Options:	None
	Edge Traversal:	None
	Modifying User:	NT SERVICE\mpssvc
	Modifying Application:	C:\Windows\System32\svchost.exe"
Information,9/8/2021 7:22:27 PM,Microsoft-Windows-Windows Firewall With Advanced Security,2004,None,"A rule has been added to the Windows Defender Firewall exception list.

Added Rule:
	Rule ID:	{4AA27532-2A4F-436C-BA09-D31780FA48B2}
	Rule Name:	@{Microsoft.MSPaint_6.1907.29027.0_x64__8wekyb3d8bbwe?ms-resource://Microsoft.MSPaint/resources/AppName}
	Origin:	Local
	Active:	Yes
	Direction:	Outbound
	Profiles:	Private,Domain, Public
	Action:	Allow
	Application Path:	
	Service Name:	
	Protocol:	Any
	Security Options:	None
	Edge Traversal:	None
	Modifying User:	NT SERVICE\mpssvc
	Modifying Application:	C:\Windows\System32\svchost.exe"
Information,9/8/2021 7:22:27 PM,Microsoft-Windows-Windows Firewall With Advanced Security,2004,None,"A rule has been added to the Windows Defender Firewall exception list.

Added Rule:
	Rule ID:	{BB4B430F-92E1-4F19-905C-F6AFF6006723}
	Rule Name:	@{Microsoft.MSPaint_6.1907.29027.0_x64__8wekyb3d8bbwe?ms-resource://Microsoft.MSPaint/resources/AppName}
	Origin:	Local
	Active:	Yes
	Direction:	Outbound
	Profiles:	Private,Domain, Public
	Action:	Block
	Application Path:	
	Service Name:	
	Protocol:	Any
	Security Options:	None
	Edge Traversal:	None
	Modifying User:	NT SERVICE\mpssvc
	Modifying Application:	C:\Windows\System32\svchost.exe"
Information,9/8/2021 7:22:27 PM,Microsoft-Windows-Windows Firewall With Advanced Security,2004,None,"A rule has been added to the Windows Defender Firewall exception list.

Added Rule:
	Rule ID:	{5384C473-5B35-41A3-B099-B460515E6AE4}
	Rule Name:	@{Microsoft.MSPaint_6.1907.29027.0_x64__8wekyb3d8bbwe?ms-resource://Microsoft.MSPaint/resources/AppName}
	Origin:	Local
	Active:	Yes
	Direction:	Inbound
	Profiles:	Private,Domain, Public
	Action:	Block
	Application Path:	
	Service Name:	
	Protocol:	Any
	Security Options:	None
	Edge Traversal:	None
	Modifying User:	NT SERVICE\mpssvc
	Modifying Application:	C:\Windows\System32\svchost.exe"
Information,9/8/2021 7:22:25 PM,Microsoft-Windows-Windows Firewall With Advanced Security,2004,None,"A rule has been added to the Windows Defender Firewall exception list.

Added Rule:
	Rule ID:	{374EE03C-2BF0-421D-9E81-4A01BD54BE23}
	Rule Name:	OneNote
	Origin:	Local
	Active:	Yes
	Direction:	Inbound
	Profiles:	Private,Domain
	Action:	Allow
	Application Path:	
	Service Name:	
	Protocol:	Any
	Security Options:	None
	Edge Traversal:	None
	Modifying User:	NT SERVICE\mpssvc
	Modifying Application:	C:\Windows\System32\svchost.exe"
Information,9/8/2021 7:22:25 PM,Microsoft-Windows-Windows Firewall With Advanced Security,2004,None,"A rule has been added to the Windows Defender Firewall exception list.

Added Rule:
	Rule ID:	{559A3A46-9884-4CB3-B259-56DFD5F7C704}
	Rule Name:	OneNote
	Origin:	Local
	Active:	Yes
	Direction:	Outbound
	Profiles:	Private,Domain, Public
	Action:	Allow
	Application Path:	
	Service Name:	
	Protocol:	Any
	Security Options:	None
	Edge Traversal:	None
	Modifying User:	NT SERVICE\mpssvc
	Modifying Application:	C:\Windows\System32\svchost.exe"
Information,9/8/2021 7:22:25 PM,Microsoft-Windows-Windows Firewall With Advanced Security,2004,None,"A rule has been added to the Windows Defender Firewall exception list.

Added Rule:
	Rule ID:	{87653712-5E6C-4140-AF12-BC16A7316698}
	Rule Name:	OneNote
	Origin:	Local
	Active:	Yes
	Direction:	Outbound
	Profiles:	Private,Domain, Public
	Action:	Allow
	Application Path:	
	Service Name:	
	Protocol:	Any
	Security Options:	None
	Edge Traversal:	None
	Modifying User:	NT SERVICE\mpssvc
	Modifying Application:	C:\Windows\System32\svchost.exe"
Information,9/8/2021 7:22:25 PM,Microsoft-Windows-Windows Firewall With Advanced Security,2004,None,"A rule has been added to the Windows Defender Firewall exception list.

Added Rule:
	Rule ID:	{57417A22-3836-46CF-A07B-F4CBFEEA52A8}
	Rule Name:	OneNote
	Origin:	Local
	Active:	Yes
	Direction:	Outbound
	Profiles:	Public, Private
	Action:	Allow
	Application Path:	
	Service Name:	
	Protocol:	Any
	Security Options:	Require Authentication
	Edge Traversal:	None
	Modifying User:	NT SERVICE\mpssvc
	Modifying Application:	C:\Windows\System32\svchost.exe"
Information,9/8/2021 7:22:25 PM,Microsoft-Windows-Windows Firewall With Advanced Security,2004,None,"A rule has been added to the Windows Defender Firewall exception list.

Added Rule:
	Rule ID:	{4F42B2C0-1790-4C75-BC06-C2BC97B80020}
	Rule Name:	OneNote
	Origin:	Local
	Active:	Yes
	Direction:	Inbound
	Profiles:	Public, Private
	Action:	Allow
	Application Path:	
	Service Name:	
	Protocol:	Any
	Security Options:	Require Authentication
	Edge Traversal:	None
	Modifying User:	NT SERVICE\mpssvc
	Modifying Application:	C:\Windows\System32\svchost.exe"
Information,9/8/2021 7:22:25 PM,Microsoft-Windows-Windows Firewall With Advanced Security,2004,None,"A rule has been added to the Windows Defender Firewall exception list.

Added Rule:
	Rule ID:	{C840595E-33AE-40B9-89D3-5362C398A0D6}
	Rule Name:	OneNote
	Origin:	Local
	Active:	Yes
	Direction:	Outbound
	Profiles:	Private,Domain, Public
	Action:	Allow
	Application Path:	
	Service Name:	
	Protocol:	Any
	Security Options:	None
	Edge Traversal:	None
	Modifying User:	NT SERVICE\mpssvc
	Modifying Application:	C:\Windows\System32\svchost.exe"
Information,9/8/2021 7:22:25 PM,Microsoft-Windows-Windows Firewall With Advanced Security,2004,None,"A rule has been added to the Windows Defender Firewall exception list.

Added Rule:
	Rule ID:	{3CA764B1-742C-4C12-8202-A0FACB4E94B9}
	Rule Name:	OneNote
	Origin:	Local
	Active:	Yes
	Direction:	Inbound
	Profiles:	Private,Domain, Public
	Action:	Allow
	Application Path:	
	Service Name:	
	Protocol:	Any
	Security Options:	None
	Edge Traversal:	None
	Modifying User:	NT SERVICE\mpssvc
	Modifying Application:	C:\Windows\System32\svchost.exe"
Information,9/8/2021 7:22:25 PM,Microsoft-Windows-Windows Firewall With Advanced Security,2004,None,"A rule has been added to the Windows Defender Firewall exception list.

Added Rule:
	Rule ID:	{71878ABA-3901-4C84-9F4E-D59A3625AE5A}
	Rule Name:	OneNote
	Origin:	Local
	Active:	Yes
	Direction:	Outbound
	Profiles:	Private,Domain, Public
	Action:	Block
	Application Path:	
	Service Name:	
	Protocol:	Any
	Security Options:	None
	Edge Traversal:	None
	Modifying User:	NT SERVICE\mpssvc
	Modifying Application:	C:\Windows\System32\svchost.exe"
Information,9/8/2021 7:22:25 PM,Microsoft-Windows-Windows Firewall With Advanced Security,2004,None,"A rule has been added to the Windows Defender Firewall exception list.

Added Rule:
	Rule ID:	{98D3ABA2-AC42-4B09-B111-45417A0F8EA2}
	Rule Name:	OneNote
	Origin:	Local
	Active:	Yes
	Direction:	Inbound
	Profiles:	Private,Domain, Public
	Action:	Block
	Application Path:	
	Service Name:	
	Protocol:	Any
	Security Options:	None
	Edge Traversal:	None
	Modifying User:	NT SERVICE\mpssvc
	Modifying Application:	C:\Windows\System32\svchost.exe"
Information,9/8/2021 7:22:25 PM,Microsoft-Windows-Windows Firewall With Advanced Security,2004,None,"A rule has been added to the Windows Defender Firewall exception list.

Added Rule:
	Rule ID:	{5A1C7F23-69E5-4DC4-824F-5765B37FFC7D}
	Rule Name:	@{Microsoft.People_10.1902.633.0_x64__8wekyb3d8bbwe?ms-resource://Microsoft.People/Resources/AppStoreName}
	Origin:	Local
	Active:	Yes
	Direction:	Outbound
	Profiles:	Private,Domain, Public
	Action:	Allow
	Application Path:	
	Service Name:	
	Protocol:	Any
	Security Options:	None
	Edge Traversal:	None
	Modifying User:	NT SERVICE\mpssvc
	Modifying Application:	C:\Windows\System32\svchost.exe"
Information,9/8/2021 7:22:25 PM,Microsoft-Windows-Windows Firewall With Advanced Security,2004,None,"A rule has been added to the Windows Defender Firewall exception list.

Added Rule:
	Rule ID:	{6D36494F-A26B-421D-815F-B4AC868D8866}
	Rule Name:	@{Microsoft.People_10.1902.633.0_x64__8wekyb3d8bbwe?ms-resource://Microsoft.People/Resources/AppStoreName}
	Origin:	Local
	Active:	Yes
	Direction:	Outbound
	Profiles:	Private,Domain, Public
	Action:	Allow
	Application Path:	
	Service Name:	
	Protocol:	Any
	Security Options:	None
	Edge Traversal:	None
	Modifying User:	NT SERVICE\mpssvc
	Modifying Application:	C:\Windows\System32\svchost.exe"
