Information,9/8/2021 7:20:41 PM,Microsoft-Windows-Windows Firewall With Advanced Security,2010,None,"Network profile changed on an interface.

Adapter GUID:	{444b9b0e-3de4-4d79-b24d-8ce2374e5ede}
Adapter Name:	ethernet_32769
Old Profile:	None
New Profile:	Private"
Information,9/8/2021 7:16:02 PM,Microsoft-Windows-Windows Firewall With Advanced Security,2002,None,"A Windows Defender Firewall setting has changed.

New Setting:
	Type:	Current Profile
	Value:	Private
	Modifying User:	NT SERVICE\mpssvc
	Modifying Application:	"
Information,9/8/2021 7:16:02 PM,Microsoft-Windows-Windows Firewall With Advanced Security,2010,None,"Network profile changed on an interface.

Adapter GUID:	{444b9b0e-3de4-4d79-b24d-8ce2374e5ede}
Adapter Name:	ethernet_32769
Old Profile:	Public
New Profile:	Private"
Information,9/8/2021 7:16:02 PM,Microsoft-Windows-Windows Firewall With Advanced Security,2002,None,"A Windows Defender Firewall setting has changed.

New Setting:
	Type:	Current Profile
	Value:	Public
	Modifying User:	NT SERVICE\mpssvc
	Modifying Application:	"
Information,9/8/2021 7:16:02 PM,Microsoft-Windows-Windows Firewall With Advanced Security,2010,None,"Network profile changed on an interface.

Adapter GUID:	{444b9b0e-3de4-4d79-b24d-8ce2374e5ede}
Adapter Name:	ethernet_32769
Old Profile:	Private
New Profile:	Public"
Information,9/8/2021 7:04:24 PM,Microsoft-Windows-Windows Firewall With Advanced Security,2004,None,"A rule has been added to the Windows Defender Firewall exception list.

Added Rule:
	Rule ID:	{13024131-7952-41B0-83F2-993AB7F53FF8}
	Rule Name:	Winamp
	Origin:	Local
	Active:	Yes
	Direction:	Inbound
	Profiles:	Public, Private
	Action:	Allow
	Application Path:	C:\Program Files (x86)\Winamp\winamp.exe
	Service Name:	
	Protocol:	TCP
	Security Options:	None
	Edge Traversal:	None
	Modifying User:	DESKTOP-QB4O65F\Administrator
	Modifying Application:	C:\Windows\SysWOW64\netsh.exe"
Information,9/8/2021 7:04:15 PM,Microsoft-Windows-Windows Firewall With Advanced Security,2004,None,"A rule has been added to the Windows Defender Firewall exception list.

Added Rule:
	Rule ID:	{CBC0122B-984F-48EB-BCB2-356AF6235223}
	Rule Name:	Google Chrome (mDNS-In)
	Origin:	Local
	Active:	Yes
	Direction:	Inbound
	Profiles:	Private,Domain, Public
	Action:	Allow
	Application Path:	C:\Program Files\Google\Chrome\Application\chrome.exe
	Service Name:	
	Protocol:	UDP
	Security Options:	None
	Edge Traversal:	None
	Modifying User:	SYSTEM
	Modifying Application:	C:\Program Files (x86)\Google\Update\Install\{ACF1C5CE-5869-4B48-84F3-57D14B1D8376}\CR_D4897.tmp\setup.exe"
Information,9/8/2021 7:03:06 PM,Microsoft-Windows-Windows Firewall With Advanced Security,2002,None,"A Windows Defender Firewall setting has changed.

New Setting:
	Type:	Current Profile
	Value:	Private
	Modifying User:	NT SERVICE\mpssvc
	Modifying Application:	"
Information,9/8/2021 7:03:06 PM,Microsoft-Windows-Windows Firewall With Advanced Security,2010,None,"Network profile changed on an interface.

Adapter GUID:	{444b9b0e-3de4-4d79-b24d-8ce2374e5ede}
Adapter Name:	ethernet_32769
Old Profile:	Public
New Profile:	Private"
Information,9/8/2021 7:01:42 PM,Microsoft-Windows-Windows Firewall With Advanced Security,2004,None,"A rule has been added to the Windows Defender Firewall exception list.

Added Rule:
	Rule ID:	{E59A7C76-0A30-4A1B-9A6F-834FA02785A9}
	Rule Name:	@{Microsoft.XboxIdentityProvider_12.50.6001.0_x64__8wekyb3d8bbwe?ms-resource://Microsoft.XboxIdentityProvider/Resources/DisplayName}
	Origin:	Local
	Active:	Yes
	Direction:	Outbound
	Profiles:	Private,Domain, Public
	Action:	Allow
	Application Path:	
	Service Name:	
	Protocol:	Any
	Security Options:	None
	Edge Traversal:	None
	Modifying User:	NT SERVICE\mpssvc
	Modifying Application:	C:\Windows\System32\svchost.exe"
Information,9/8/2021 7:01:42 PM,Microsoft-Windows-Windows Firewall With Advanced Security,2004,None,"A rule has been added to the Windows Defender Firewall exception list.

Added Rule:
	Rule ID:	{B4285E2C-D00C-4232-95AA-1C9E31ECE6F0}
	Rule Name:	@{Microsoft.XboxIdentityProvider_12.50.6001.0_x64__8wekyb3d8bbwe?ms-resource://Microsoft.XboxIdentityProvider/Resources/DisplayName}
	Origin:	Local
	Active:	Yes
	Direction:	Outbound
	Profiles:	Private,Domain, Public
	Action:	Allow
	Application Path:	
	Service Name:	
	Protocol:	Any
	Security Options:	None
	Edge Traversal:	None
	Modifying User:	NT SERVICE\mpssvc
	Modifying Application:	C:\Windows\System32\svchost.exe"
Information,9/8/2021 7:01:42 PM,Microsoft-Windows-Windows Firewall With Advanced Security,2004,None,"A rule has been added to the Windows Defender Firewall exception list.

Added Rule:
	Rule ID:	{1BC0BF47-73AE-4CEB-B70A-5134CBEB3F21}
	Rule Name:	@{Microsoft.XboxIdentityProvider_12.50.6001.0_x64__8wekyb3d8bbwe?ms-resource://Microsoft.XboxIdentityProvider/Resources/DisplayName}
	Origin:	Local
	Active:	Yes
	Direction:	Outbound
	Profiles:	Private,Domain, Public
	Action:	Block
	Application Path:	
	Service Name:	
	Protocol:	Any
	Security Options:	None
	Edge Traversal:	None
	Modifying User:	NT SERVICE\mpssvc
	Modifying Application:	C:\Windows\System32\svchost.exe"
Information,9/8/2021 7:01:42 PM,Microsoft-Windows-Windows Firewall With Advanced Security,2004,None,"A rule has been added to the Windows Defender Firewall exception list.

Added Rule:
	Rule ID:	{59CD1EF6-E443-4855-98DC-60A04C40B9D7}
	Rule Name:	@{Microsoft.XboxIdentityProvider_12.50.6001.0_x64__8wekyb3d8bbwe?ms-resource://Microsoft.XboxIdentityProvider/Resources/DisplayName}
	Origin:	Local
	Active:	Yes
	Direction:	Inbound
	Profiles:	Private,Domain, Public
	Action:	Block
	Application Path:	
	Service Name:	
	Protocol:	Any
	Security Options:	None
	Edge Traversal:	None
	Modifying User:	NT SERVICE\mpssvc
	Modifying Application:	C:\Windows\System32\svchost.exe"
Information,9/8/2021 7:01:42 PM,Microsoft-Windows-Windows Firewall With Advanced Security,2004,None,"A rule has been added to the Windows Defender Firewall exception list.

Added Rule:
	Rule ID:	{634AD9CC-C5DC-4321-9CDA-1A1CBDE2677A}
	Rule Name:	@{Microsoft.WindowsStore_11910.1002.5.0_x64__8wekyb3d8bbwe?ms-resource://Microsoft.WindowsStore/Resources/StoreTitle}
	Origin:	Local
	Active:	Yes
	Direction:	Inbound
	Profiles:	Private,Domain, Public
	Action:	Allow
	Application Path:	
	Service Name:	
	Protocol:	Any
	Security Options:	None
	Edge Traversal:	Allow
	Modifying User:	NT SERVICE\mpssvc
	Modifying Application:	C:\Windows\System32\svchost.exe"
Information,9/8/2021 7:01:42 PM,Microsoft-Windows-Windows Firewall With Advanced Security,2004,None,"A rule has been added to the Windows Defender Firewall exception list.

Added Rule:
	Rule ID:	{9B0AAD59-0A6D-4809-A2B3-F15B0C7435C6}
	Rule Name:	@{Microsoft.WindowsStore_11910.1002.5.0_x64__8wekyb3d8bbwe?ms-resource://Microsoft.WindowsStore/Resources/StoreTitle}
	Origin:	Local
	Active:	Yes
	Direction:	Outbound
	Profiles:	Private,Domain, Public
	Action:	Allow
	Application Path:	
	Service Name:	
	Protocol:	Any
	Security Options:	None
	Edge Traversal:	None
	Modifying User:	NT SERVICE\mpssvc
	Modifying Application:	C:\Windows\System32\svchost.exe"
Information,9/8/2021 7:01:42 PM,Microsoft-Windows-Windows Firewall With Advanced Security,2004,None,"A rule has been added to the Windows Defender Firewall exception list.

Added Rule:
	Rule ID:	{C6BC4212-0E4D-4711-9F8D-6F4A7605E0E3}
	Rule Name:	@{Microsoft.WindowsStore_11910.1002.5.0_x64__8wekyb3d8bbwe?ms-resource://Microsoft.WindowsStore/Resources/StoreTitle}
	Origin:	Local
	Active:	Yes
	Direction:	Outbound
	Profiles:	Private,Domain, Public
	Action:	Allow
	Application Path:	
	Service Name:	
	Protocol:	Any
	Security Options:	None
	Edge Traversal:	None
	Modifying User:	NT SERVICE\mpssvc
	Modifying Application:	C:\Windows\System32\svchost.exe"
Information,9/8/2021 7:01:42 PM,Microsoft-Windows-Windows Firewall With Advanced Security,2004,None,"A rule has been added to the Windows Defender Firewall exception list.

Added Rule:
	Rule ID:	{B8EAA482-CA63-4CD1-9510-41EE476F8C6B}
	Rule Name:	@{Microsoft.WindowsStore_11910.1002.5.0_x64__8wekyb3d8bbwe?ms-resource://Microsoft.WindowsStore/Resources/StoreTitle}
	Origin:	Local
	Active:	Yes
	Direction:	Inbound
	Profiles:	Private,Domain, Public
	Action:	Allow
	Application Path:	
	Service Name:	
	Protocol:	Any
	Security Options:	None
	Edge Traversal:	None
	Modifying User:	NT SERVICE\mpssvc
	Modifying Application:	C:\Windows\System32\svchost.exe"
Information,9/8/2021 7:01:42 PM,Microsoft-Windows-Windows Firewall With Advanced Security,2004,None,"A rule has been added to the Windows Defender Firewall exception list.

Added Rule:
	Rule ID:	{E34A93EB-EB29-4F7B-AA73-062FBB90E1D2}
	Rule Name:	@{Microsoft.WindowsStore_11910.1002.5.0_x64__8wekyb3d8bbwe?ms-resource://Microsoft.WindowsStore/Resources/StoreTitle}
	Origin:	Local
	Active:	Yes
	Direction:	Outbound
	Profiles:	Private,Domain, Public
	Action:	Block
	Application Path:	
	Service Name:	
	Protocol:	Any
	Security Options:	None
	Edge Traversal:	None
	Modifying User:	NT SERVICE\mpssvc
	Modifying Application:	C:\Windows\System32\svchost.exe"
Information,9/8/2021 7:01:42 PM,Microsoft-Windows-Windows Firewall With Advanced Security,2004,None,"A rule has been added to the Windows Defender Firewall exception list.

Added Rule:
	Rule ID:	{7F285E74-28DF-4B32-BD2E-46D7AFA92E17}
	Rule Name:	@{Microsoft.WindowsStore_11910.1002.5.0_x64__8wekyb3d8bbwe?ms-resource://Microsoft.WindowsStore/Resources/StoreTitle}
	Origin:	Local
	Active:	Yes
	Direction:	Inbound
	Profiles:	Private,Domain, Public
	Action:	Block
	Application Path:	
	Service Name:	
	Protocol:	Any
	Security Options:	None
	Edge Traversal:	None
	Modifying User:	NT SERVICE\mpssvc
	Modifying Application:	C:\Windows\System32\svchost.exe"
Information,9/8/2021 7:01:41 PM,Microsoft-Windows-Windows Firewall With Advanced Security,2004,None,"A rule has been added to the Windows Defender Firewall exception list.

Added Rule:
	Rule ID:	{218A4FD6-BF43-4A44-85D7-FFE85107D973}
	Rule Name:	@{Microsoft.WindowsCamera_2018.826.98.0_x64__8wekyb3d8bbwe?ms-resource://Microsoft.WindowsCamera/Resources/AppStoreName}
	Origin:	Local
	Active:	Yes
	Direction:	Outbound
	Profiles:	Private,Domain, Public
	Action:	Allow
	Application Path:	
	Service Name:	
	Protocol:	Any
	Security Options:	None
	Edge Traversal:	None
	Modifying User:	NT SERVICE\mpssvc
	Modifying Application:	C:\Windows\System32\svchost.exe"
Information,9/8/2021 7:01:41 PM,Microsoft-Windows-Windows Firewall With Advanced Security,2004,None,"A rule has been added to the Windows Defender Firewall exception list.

Added Rule:
	Rule ID:	{93A38FC2-B417-4398-B122-6E3DF15A2729}
	Rule Name:	@{Microsoft.WindowsCamera_2018.826.98.0_x64__8wekyb3d8bbwe?ms-resource://Microsoft.WindowsCamera/Resources/AppStoreName}
	Origin:	Local
	Active:	Yes
	Direction:	Outbound
	Profiles:	Private,Domain, Public
	Action:	Allow
	Application Path:	
	Service Name:	
	Protocol:	Any
	Security Options:	None
	Edge Traversal:	None
	Modifying User:	NT SERVICE\mpssvc
	Modifying Application:	C:\Windows\System32\svchost.exe"
Information,9/8/2021 7:01:41 PM,Microsoft-Windows-Windows Firewall With Advanced Security,2004,None,"A rule has been added to the Windows Defender Firewall exception list.

Added Rule:
	Rule ID:	{D8ADF79A-344D-4B1B-9B87-754A8B5F0E3D}
	Rule Name:	@{Microsoft.WindowsCamera_2018.826.98.0_x64__8wekyb3d8bbwe?ms-resource://Microsoft.WindowsCamera/Resources/AppStoreName}
	Origin:	Local
	Active:	Yes
	Direction:	Outbound
	Profiles:	Private,Domain, Public
	Action:	Block
	Application Path:	
	Service Name:	
	Protocol:	Any
	Security Options:	None
	Edge Traversal:	None
	Modifying User:	NT SERVICE\mpssvc
	Modifying Application:	C:\Windows\System32\svchost.exe"
Information,9/8/2021 7:01:41 PM,Microsoft-Windows-Windows Firewall With Advanced Security,2004,None,"A rule has been added to the Windows Defender Firewall exception list.

Added Rule:
	Rule ID:	{7D0CB78D-AEE0-4A79-BCFA-C74D839C8818}
	Rule Name:	@{Microsoft.WindowsCamera_2018.826.98.0_x64__8wekyb3d8bbwe?ms-resource://Microsoft.WindowsCamera/Resources/AppStoreName}
	Origin:	Local
	Active:	Yes
	Direction:	Inbound
	Profiles:	Private,Domain, Public
	Action:	Block
	Application Path:	
	Service Name:	
	Protocol:	Any
	Security Options:	None
	Edge Traversal:	None
	Modifying User:	NT SERVICE\mpssvc
	Modifying Application:	C:\Windows\System32\svchost.exe"
Information,9/8/2021 7:01:41 PM,Microsoft-Windows-Windows Firewall With Advanced Security,2004,None,"A rule has been added to the Windows Defender Firewall exception list.

Added Rule:
	Rule ID:	{94E0BBDB-55B1-49FC-AF98-0469D28EB2DC}
	Rule Name:	@{Microsoft.DesktopAppInstaller_1.0.30251.0_x64__8wekyb3d8bbwe?ms-resource://Microsoft.DesktopAppInstaller/Resources/appDisplayName}
	Origin:	Local
	Active:	Yes
	Direction:	Inbound
	Profiles:	Private,Domain
	Action:	Allow
	Application Path:	
	Service Name:	
	Protocol:	Any
	Security Options:	None
	Edge Traversal:	None
	Modifying User:	NT SERVICE\mpssvc
	Modifying Application:	C:\Windows\System32\svchost.exe"
Information,9/8/2021 7:01:41 PM,Microsoft-Windows-Windows Firewall With Advanced Security,2004,None,"A rule has been added to the Windows Defender Firewall exception list.

Added Rule:
	Rule ID:	{4CDB63A9-536B-44F8-B287-7EA42FF76E23}
	Rule Name:	@{Microsoft.DesktopAppInstaller_1.0.30251.0_x64__8wekyb3d8bbwe?ms-resource://Microsoft.DesktopAppInstaller/Resources/appDisplayName}
	Origin:	Local
	Active:	Yes
	Direction:	Outbound
	Profiles:	Private,Domain, Public
	Action:	Allow
	Application Path:	
	Service Name:	
	Protocol:	Any
	Security Options:	None
	Edge Traversal:	None
	Modifying User:	NT SERVICE\mpssvc
	Modifying Application:	C:\Windows\System32\svchost.exe"
Information,9/8/2021 7:01:41 PM,Microsoft-Windows-Windows Firewall With Advanced Security,2004,None,"A rule has been added to the Windows Defender Firewall exception list.

Added Rule:
	Rule ID:	{9F43D922-9D70-443B-8D0B-2BE001C5EC0F}
	Rule Name:	@{Microsoft.DesktopAppInstaller_1.0.30251.0_x64__8wekyb3d8bbwe?ms-resource://Microsoft.DesktopAppInstaller/Resources/appDisplayName}
	Origin:	Local
	Active:	Yes
	Direction:	Outbound
	Profiles:	Private,Domain, Public
	Action:	Allow
	Application Path:	
	Service Name:	
	Protocol:	Any
	Security Options:	None
	Edge Traversal:	None
	Modifying User:	NT SERVICE\mpssvc
	Modifying Application:	C:\Windows\System32\svchost.exe"
Information,9/8/2021 7:01:41 PM,Microsoft-Windows-Windows Firewall With Advanced Security,2004,None,"A rule has been added to the Windows Defender Firewall exception list.

Added Rule:
	Rule ID:	{C4931EB5-F6B6-4CC3-B81F-507EBBA9D59B}
	Rule Name:	@{Microsoft.DesktopAppInstaller_1.0.30251.0_x64__8wekyb3d8bbwe?ms-resource://Microsoft.DesktopAppInstaller/Resources/appDisplayName}
	Origin:	Local
	Active:	Yes
	Direction:	Outbound
	Profiles:	Public, Private
	Action:	Allow
	Application Path:	
	Service Name:	
	Protocol:	Any
	Security Options:	Require Authentication
	Edge Traversal:	None
	Modifying User:	NT SERVICE\mpssvc
	Modifying Application:	C:\Windows\System32\svchost.exe"
Information,9/8/2021 7:01:41 PM,Microsoft-Windows-Windows Firewall With Advanced Security,2004,None,"A rule has been added to the Windows Defender Firewall exception list.

Added Rule:
	Rule ID:	{4560ECE0-D078-4AFC-8BD4-22FE211CCD58}
	Rule Name:	@{Microsoft.DesktopAppInstaller_1.0.30251.0_x64__8wekyb3d8bbwe?ms-resource://Microsoft.DesktopAppInstaller/Resources/appDisplayName}
	Origin:	Local
	Active:	Yes
	Direction:	Inbound
	Profiles:	Public, Private
	Action:	Allow
	Application Path:	
	Service Name:	
	Protocol:	Any
	Security Options:	Require Authentication
	Edge Traversal:	None
	Modifying User:	NT SERVICE\mpssvc
	Modifying Application:	C:\Windows\System32\svchost.exe"
Information,9/8/2021 7:01:41 PM,Microsoft-Windows-Windows Firewall With Advanced Security,2004,None,"A rule has been added to the Windows Defender Firewall exception list.

Added Rule:
	Rule ID:	{5A4DD80C-B353-4E51-8EE7-E2028BC5919F}
	Rule Name:	@{Microsoft.DesktopAppInstaller_1.0.30251.0_x64__8wekyb3d8bbwe?ms-resource://Microsoft.DesktopAppInstaller/Resources/appDisplayName}
	Origin:	Local
	Active:	Yes
	Direction:	Outbound
	Profiles:	Private,Domain, Public
	Action:	Allow
	Application Path:	
	Service Name:	
	Protocol:	Any
	Security Options:	None
	Edge Traversal:	None
	Modifying User:	NT SERVICE\mpssvc
	Modifying Application:	C:\Windows\System32\svchost.exe"
Information,9/8/2021 7:01:41 PM,Microsoft-Windows-Windows Firewall With Advanced Security,2004,None,"A rule has been added to the Windows Defender Firewall exception list.

Added Rule:
	Rule ID:	{0D799BD4-F90B-4069-8DF9-469D94402791}
	Rule Name:	@{Microsoft.DesktopAppInstaller_1.0.30251.0_x64__8wekyb3d8bbwe?ms-resource://Microsoft.DesktopAppInstaller/Resources/appDisplayName}
	Origin:	Local
	Active:	Yes
	Direction:	Inbound
	Profiles:	Private,Domain, Public
	Action:	Allow
	Application Path:	
	Service Name:	
	Protocol:	Any
	Security Options:	None
	Edge Traversal:	None
	Modifying User:	NT SERVICE\mpssvc
	Modifying Application:	C:\Windows\System32\svchost.exe"
Information,9/8/2021 7:01:41 PM,Microsoft-Windows-Windows Firewall With Advanced Security,2004,None,"A rule has been added to the Windows Defender Firewall exception list.

Added Rule:
	Rule ID:	{C7EC9212-4AD9-42B7-BE2E-5EB976A74FC2}
	Rule Name:	@{Microsoft.DesktopAppInstaller_1.0.30251.0_x64__8wekyb3d8bbwe?ms-resource://Microsoft.DesktopAppInstaller/Resources/appDisplayName}
	Origin:	Local
	Active:	Yes
	Direction:	Outbound
	Profiles:	Private,Domain, Public
	Action:	Block
	Application Path:	
	Service Name:	
	Protocol:	Any
	Security Options:	None
	Edge Traversal:	None
	Modifying User:	NT SERVICE\mpssvc
	Modifying Application:	C:\Windows\System32\svchost.exe"
Information,9/8/2021 7:01:41 PM,Microsoft-Windows-Windows Firewall With Advanced Security,2004,None,"A rule has been added to the Windows Defender Firewall exception list.

Added Rule:
	Rule ID:	{20ADD641-614C-4951-9D2A-081CB7929A79}
	Rule Name:	@{Microsoft.DesktopAppInstaller_1.0.30251.0_x64__8wekyb3d8bbwe?ms-resource://Microsoft.DesktopAppInstaller/Resources/appDisplayName}
	Origin:	Local
	Active:	Yes
	Direction:	Inbound
	Profiles:	Private,Domain, Public
	Action:	Block
	Application Path:	
	Service Name:	
	Protocol:	Any
	Security Options:	None
	Edge Traversal:	None
	Modifying User:	NT SERVICE\mpssvc
	Modifying Application:	C:\Windows\System32\svchost.exe"
Information,9/8/2021 7:01:40 PM,Microsoft-Windows-Windows Firewall With Advanced Security,2004,None,"A rule has been added to the Windows Defender Firewall exception list.

Added Rule:
	Rule ID:	{0FAE104B-85A9-4387-9290-C77A7AE2D9D5}
	Rule Name:	@{microsoft.windowscommunicationsapps_16005.11629.20316.0_x64__8wekyb3d8bbwe?ms-resource://microsoft.windowscommunicationsapps/hxoutlookintl/AppManifest_OutlookDesktop_DisplayName}
	Origin:	Local
	Active:	Yes
	Direction:	Inbound
	Profiles:	Private,Domain, Public
	Action:	Allow
	Application Path:	
	Service Name:	
	Protocol:	Any
	Security Options:	None
	Edge Traversal:	Allow
	Modifying User:	NT SERVICE\mpssvc
	Modifying Application:	C:\Windows\System32\svchost.exe"
Information,9/8/2021 7:01:40 PM,Microsoft-Windows-Windows Firewall With Advanced Security,2004,None,"A rule has been added to the Windows Defender Firewall exception list.

Added Rule:
	Rule ID:	{BF2CE49D-3DBC-4A5C-BC29-5FAD7F16ED33}
	Rule Name:	@{microsoft.windowscommunicationsapps_16005.11629.20316.0_x64__8wekyb3d8bbwe?ms-resource://microsoft.windowscommunicationsapps/hxoutlookintl/AppManifest_OutlookDesktop_DisplayName}
	Origin:	Local
	Active:	Yes
	Direction:	Outbound
	Profiles:	Private,Domain, Public
	Action:	Allow
	Application Path:	
	Service Name:	
	Protocol:	Any
	Security Options:	None
	Edge Traversal:	None
	Modifying User:	NT SERVICE\mpssvc
	Modifying Application:	C:\Windows\System32\svchost.exe"
Information,9/8/2021 7:01:40 PM,Microsoft-Windows-Windows Firewall With Advanced Security,2004,None,"A rule has been added to the Windows Defender Firewall exception list.

Added Rule:
	Rule ID:	{85E826DA-B78A-44FD-BEDE-0EAF30DE9B72}
	Rule Name:	@{microsoft.windowscommunicationsapps_16005.11629.20316.0_x64__8wekyb3d8bbwe?ms-resource://microsoft.windowscommunicationsapps/hxoutlookintl/AppManifest_OutlookDesktop_DisplayName}
	Origin:	Local
	Active:	Yes
	Direction:	Outbound
	Profiles:	Private,Domain, Public
	Action:	Allow
	Application Path:	
	Service Name:	
	Protocol:	Any
	Security Options:	None
	Edge Traversal:	None
	Modifying User:	NT SERVICE\mpssvc
	Modifying Application:	C:\Windows\System32\svchost.exe"
Information,9/8/2021 7:01:40 PM,Microsoft-Windows-Windows Firewall With Advanced Security,2004,None,"A rule has been added to the Windows Defender Firewall exception list.

Added Rule:
	Rule ID:	{4EF1235D-AC26-48E1-8964-9FB1AD99D4E5}
	Rule Name:	@{microsoft.windowscommunicationsapps_16005.11629.20316.0_x64__8wekyb3d8bbwe?ms-resource://microsoft.windowscommunicationsapps/hxoutlookintl/AppManifest_OutlookDesktop_DisplayName}
	Origin:	Local
	Active:	Yes
	Direction:	Inbound
	Profiles:	Private,Domain, Public
	Action:	Allow
	Application Path:	
	Service Name:	
	Protocol:	Any
	Security Options:	None
	Edge Traversal:	None
	Modifying User:	NT SERVICE\mpssvc
	Modifying Application:	C:\Windows\System32\svchost.exe"
Information,9/8/2021 7:01:40 PM,Microsoft-Windows-Windows Firewall With Advanced Security,2004,None,"A rule has been added to the Windows Defender Firewall exception list.

Added Rule:
	Rule ID:	{C620DCE4-E283-4C39-A74F-04BEC1ED903B}
	Rule Name:	@{microsoft.windowscommunicationsapps_16005.11629.20316.0_x64__8wekyb3d8bbwe?ms-resource://microsoft.windowscommunicationsapps/hxoutlookintl/AppManifest_OutlookDesktop_DisplayName}
	Origin:	Local
	Active:	Yes
	Direction:	Outbound
	Profiles:	Public, Private
	Action:	Allow
	Application Path:	
	Service Name:	
	Protocol:	Any
	Security Options:	Require Authentication
	Edge Traversal:	None
	Modifying User:	NT SERVICE\mpssvc
	Modifying Application:	C:\Windows\System32\svchost.exe"
Information,9/8/2021 7:01:40 PM,Microsoft-Windows-Windows Firewall With Advanced Security,2004,None,"A rule has been added to the Windows Defender Firewall exception list.

Added Rule:
	Rule ID:	{BC2B7795-844D-4800-B209-DE8BD6858DA5}
	Rule Name:	@{microsoft.windowscommunicationsapps_16005.11629.20316.0_x64__8wekyb3d8bbwe?ms-resource://microsoft.windowscommunicationsapps/hxoutlookintl/AppManifest_OutlookDesktop_DisplayName}
	Origin:	Local
	Active:	Yes
	Direction:	Inbound
	Profiles:	Public, Private
	Action:	Allow
	Application Path:	
	Service Name:	
	Protocol:	Any
	Security Options:	Require Authentication
	Edge Traversal:	None
	Modifying User:	NT SERVICE\mpssvc
	Modifying Application:	C:\Windows\System32\svchost.exe"
Information,9/8/2021 7:01:40 PM,Microsoft-Windows-Windows Firewall With Advanced Security,2004,None,"A rule has been added to the Windows Defender Firewall exception list.

Added Rule:
	Rule ID:	{3CA08B9C-66D6-4D17-9E54-C7F5F734D59B}
	Rule Name:	@{microsoft.windowscommunicationsapps_16005.11629.20316.0_x64__8wekyb3d8bbwe?ms-resource://microsoft.windowscommunicationsapps/hxoutlookintl/AppManifest_OutlookDesktop_DisplayName}
	Origin:	Local
	Active:	Yes
	Direction:	Outbound
	Profiles:	Private,Domain, Public
	Action:	Allow
	Application Path:	
	Service Name:	
	Protocol:	Any
	Security Options:	None
	Edge Traversal:	None
	Modifying User:	NT SERVICE\mpssvc
	Modifying Application:	C:\Windows\System32\svchost.exe"
Information,9/8/2021 7:01:40 PM,Microsoft-Windows-Windows Firewall With Advanced Security,2004,None,"A rule has been added to the Windows Defender Firewall exception list.

Added Rule:
	Rule ID:	{D0C167C9-CA6F-40A4-8F7F-060D38FA8E9B}
	Rule Name:	@{microsoft.windowscommunicationsapps_16005.11629.20316.0_x64__8wekyb3d8bbwe?ms-resource://microsoft.windowscommunicationsapps/hxoutlookintl/AppManifest_OutlookDesktop_DisplayName}
	Origin:	Local
	Active:	Yes
	Direction:	Inbound
	Profiles:	Private,Domain, Public
	Action:	Allow
	Application Path:	
	Service Name:	
	Protocol:	Any
	Security Options:	None
	Edge Traversal:	None
	Modifying User:	NT SERVICE\mpssvc
	Modifying Application:	C:\Windows\System32\svchost.exe"
Information,9/8/2021 7:01:40 PM,Microsoft-Windows-Windows Firewall With Advanced Security,2004,None,"A rule has been added to the Windows Defender Firewall exception list.

Added Rule:
	Rule ID:	{7BB8B93A-F4AD-48BF-9FC4-AF0D0D324D86}
	Rule Name:	@{microsoft.windowscommunicationsapps_16005.11629.20316.0_x64__8wekyb3d8bbwe?ms-resource://microsoft.windowscommunicationsapps/hxoutlookintl/AppManifest_OutlookDesktop_DisplayName}
	Origin:	Local
	Active:	Yes
	Direction:	Outbound
	Profiles:	Private,Domain, Public
	Action:	Block
	Application Path:	
	Service Name:	
	Protocol:	Any
	Security Options:	None
	Edge Traversal:	None
	Modifying User:	NT SERVICE\mpssvc
	Modifying Application:	C:\Windows\System32\svchost.exe"
Information,9/8/2021 7:01:40 PM,Microsoft-Windows-Windows Firewall With Advanced Security,2004,None,"A rule has been added to the Windows Defender Firewall exception list.

Added Rule:
	Rule ID:	{CEB2A4BB-EA47-499D-B32A-41875287D32D}
	Rule Name:	@{microsoft.windowscommunicationsapps_16005.11629.20316.0_x64__8wekyb3d8bbwe?ms-resource://microsoft.windowscommunicationsapps/hxoutlookintl/AppManifest_OutlookDesktop_DisplayName}
	Origin:	Local
	Active:	Yes
	Direction:	Inbound
	Profiles:	Private,Domain, Public
	Action:	Block
	Application Path:	
	Service Name:	
	Protocol:	Any
	Security Options:	None
	Edge Traversal:	None
	Modifying User:	NT SERVICE\mpssvc
	Modifying Application:	C:\Windows\System32\svchost.exe"
