Level,Date and Time,Source,Event ID,Task Category
Information,2/16/2023 8:30:36 PM,Microsoft-Windows-Windows Firewall With Advanced Security,2004,None,"A rule has been added to the Windows Defender Firewall exception list.

Added Rule:
	Rule ID:	{482249B4-8AC9-4D6F-AC3D-10DD51B7AD9B}
	Rule Name:	@{Microsoft.YourPhone_1.22122.94.0_x64__8wekyb3d8bbwe?ms-resource://Microsoft.YourPhone/Resources/AppName}
	Origin:	Local
	Active:	Yes
	Direction:	Outbound
	Profiles:	Private,Domain, Public
	Action:	Block
	Application Path:	
	Service Name:	
	Protocol:	Any
	Security Options:	None
	Edge Traversal:	None
	Modifying User:	NT SERVICE\mpssvc
	Modifying Application:	C:\Windows\System32\svchost.exe"
Information,2/16/2023 8:30:36 PM,Microsoft-Windows-Windows Firewall With Advanced Security,2004,None,"A rule has been added to the Windows Defender Firewall exception list.

Added Rule:
	Rule ID:	{0D406B7F-D239-4FFB-A3C0-5AFAAA064140}
	Rule Name:	@{Microsoft.YourPhone_1.22122.94.0_x64__8wekyb3d8bbwe?ms-resource://Microsoft.YourPhone/Resources/AppName}
	Origin:	Local
	Active:	Yes
	Direction:	Inbound
	Profiles:	Private,Domain, Public
	Action:	Block
	Application Path:	
	Service Name:	
	Protocol:	Any
	Security Options:	None
	Edge Traversal:	None
	Modifying User:	NT SERVICE\mpssvc
	Modifying Application:	C:\Windows\System32\svchost.exe"
Information,2/16/2023 8:30:36 PM,Microsoft-Windows-Windows Firewall With Advanced Security,2006,None,"A rule has been deleted in the Windows Defender Firewall exception list.

Deleted Rule:
	Rule ID:	{E9F337A4-97C4-4B93-BCC4-EB1D76799D5D}
	Rule Name:	@{Microsoft.YourPhone_0.19051.7.0_x64__8wekyb3d8bbwe?ms-resource://Microsoft.YourPhone/Resources/AppName}
	Modifying User:	NT SERVICE\mpssvc
	Modifying Application:	C:\Windows\System32\svchost.exe"
Information,2/16/2023 8:30:36 PM,Microsoft-Windows-Windows Firewall With Advanced Security,2006,None,"A rule has been deleted in the Windows Defender Firewall exception list.

Deleted Rule:
	Rule ID:	{670526F2-0BE8-41A0-A644-7CAB9DB47E50}
	Rule Name:	@{Microsoft.YourPhone_0.19051.7.0_x64__8wekyb3d8bbwe?ms-resource://Microsoft.YourPhone/Resources/AppName}
	Modifying User:	NT SERVICE\mpssvc
	Modifying Application:	C:\Windows\System32\svchost.exe"
Information,2/16/2023 8:30:36 PM,Microsoft-Windows-Windows Firewall With Advanced Security,2006,None,"A rule has been deleted in the Windows Defender Firewall exception list.

Deleted Rule:
	Rule ID:	{97F0A0E5-753B-4270-B201-A0766DA3529E}
	Rule Name:	@{Microsoft.YourPhone_0.19051.7.0_x64__8wekyb3d8bbwe?ms-resource://Microsoft.YourPhone/Resources/AppName}
	Modifying User:	NT SERVICE\mpssvc
	Modifying Application:	C:\Windows\System32\svchost.exe"
Information,2/16/2023 8:30:36 PM,Microsoft-Windows-Windows Firewall With Advanced Security,2006,None,"A rule has been deleted in the Windows Defender Firewall exception list.

Deleted Rule:
	Rule ID:	{0240C61A-E065-46FB-819E-B4CE5D8FB5C0}
	Rule Name:	@{Microsoft.YourPhone_0.19051.7.0_x64__8wekyb3d8bbwe?ms-resource://Microsoft.YourPhone/Resources/AppName}
	Modifying User:	NT SERVICE\mpssvc
	Modifying Application:	C:\Windows\System32\svchost.exe"
Information,2/16/2023 8:16:02 PM,Microsoft-Windows-Windows Firewall With Advanced Security,2006,None,"A rule has been deleted in the Windows Defender Firewall exception list.

Deleted Rule:
	Rule ID:	{4D0A14B0-B4C0-430A-AF53-E4CECA352A02}
	Rule Name:	0138f299-56a0-47db-8c39-85ba32e0331c
	Modifying User:	SYSTEM
	Modifying Application:	C:\Program Files (x86)\Microsoft\EdgeUpdate\Install\{CE7F6399-A39C-4557-BFE4-E399A942C367}\EDGEMITMP_26521.tmp\setup.exe"
Information,2/16/2023 8:16:02 PM,Microsoft-Windows-Windows Firewall With Advanced Security,2005,None,"A rule has been modified in the Windows Defender Firewall exception list.

Modified Rule:
	Rule ID:	{4D0A14B0-B4C0-430A-AF53-E4CECA352A02}
	Rule Name:	0138f299-56a0-47db-8c39-85ba32e0331c
	Origin:	Local
	Active:	Yes
	Direction:	Inbound
	Profiles:	Private,Domain, Public
	Action:	Allow
	Application Path:	C:\Program Files (x86)\Microsoft\EdgeWebView\Application\109.0.1518.78\msedgewebview2.exe
	Service Name:	
	Protocol:	UDP
	Security Options:	None
	Edge Traversal:	None
	Modifying User:	SYSTEM
	Modifying Application:	C:\Program Files (x86)\Microsoft\EdgeUpdate\Install\{CE7F6399-A39C-4557-BFE4-E399A942C367}\EDGEMITMP_26521.tmp\setup.exe"
Information,2/16/2023 8:16:02 PM,Microsoft-Windows-Windows Firewall With Advanced Security,2004,None,"A rule has been added to the Windows Defender Firewall exception list.

Added Rule:
	Rule ID:	{34DA4924-86B3-47D7-AE3C-1E56E8BF569D}
	Rule Name:	Microsoft Edge (mDNS-In)
	Origin:	Local
	Active:	Yes
	Direction:	Inbound
	Profiles:	Private,Domain, Public
	Action:	Allow
	Application Path:	C:\Program Files (x86)\Microsoft\EdgeWebView\Application\110.0.1587.46\msedgewebview2.exe
	Service Name:	
	Protocol:	UDP
	Security Options:	None
	Edge Traversal:	None
	Modifying User:	SYSTEM
	Modifying Application:	C:\Program Files (x86)\Microsoft\EdgeUpdate\Install\{CE7F6399-A39C-4557-BFE4-E399A942C367}\EDGEMITMP_26521.tmp\setup.exe"
Information,2/16/2023 8:15:35 PM,Microsoft-Windows-Windows Firewall With Advanced Security,2004,None,"A rule has been added to the Windows Defender Firewall exception list.

Added Rule:
	Rule ID:	{F1610F97-3257-4FC2-B413-323B698E6708}
	Rule Name:	Microsoft Edge
	Origin:	Local
	Active:	Yes
	Direction:	Outbound
	Profiles:	Private,Domain, Public
	Action:	Block
	Application Path:	
	Service Name:	
	Protocol:	Any
	Security Options:	None
	Edge Traversal:	None
	Modifying User:	NT SERVICE\mpssvc
	Modifying Application:	C:\Windows\System32\svchost.exe"
Information,2/16/2023 8:15:35 PM,Microsoft-Windows-Windows Firewall With Advanced Security,2004,None,"A rule has been added to the Windows Defender Firewall exception list.

Added Rule:
	Rule ID:	{890C527F-1DF6-4E4D-BE8E-01C88693355D}
	Rule Name:	Microsoft Edge
	Origin:	Local
	Active:	Yes
	Direction:	Inbound
	Profiles:	Private,Domain, Public
	Action:	Block
	Application Path:	
	Service Name:	
	Protocol:	Any
	Security Options:	None
	Edge Traversal:	None
	Modifying User:	NT SERVICE\mpssvc
	Modifying Application:	C:\Windows\System32\svchost.exe"
Information,2/16/2023 8:15:35 PM,Microsoft-Windows-Windows Firewall With Advanced Security,2006,None,"A rule has been deleted in the Windows Defender Firewall exception list.

Deleted Rule:
	Rule ID:	{962BE453-6F94-4BC0-BB7F-FD45BDB1F895}
	Rule Name:	Microsoft Edge
	Modifying User:	NT SERVICE\mpssvc
	Modifying Application:	C:\Windows\System32\svchost.exe"
Information,2/16/2023 8:15:35 PM,Microsoft-Windows-Windows Firewall With Advanced Security,2006,None,"A rule has been deleted in the Windows Defender Firewall exception list.

Deleted Rule:
	Rule ID:	{1BE6AF9F-99C7-4223-987C-D2F949C2FBA5}
	Rule Name:	Microsoft Edge
	Modifying User:	NT SERVICE\mpssvc
	Modifying Application:	C:\Windows\System32\svchost.exe"
Information,2/16/2023 8:15:23 PM,Microsoft-Windows-Windows Firewall With Advanced Security,2004,None,"A rule has been added to the Windows Defender Firewall exception list.

Added Rule:
	Rule ID:	{D439D547-72F3-4B7C-A1A8-671CE07DA8DE}
	Rule Name:	Microsoft Edge (mDNS-In)
	Origin:	Local
	Active:	Yes
	Direction:	Inbound
	Profiles:	Private,Domain, Public
	Action:	Allow
	Application Path:	C:\Program Files (x86)\Microsoft\Edge\Application\msedge.exe
	Service Name:	
	Protocol:	UDP
	Security Options:	None
	Edge Traversal:	None
	Modifying User:	SYSTEM
	Modifying Application:	C:\Program Files (x86)\Microsoft\EdgeUpdate\Install\{A2B52A6E-C685-44B1-8A23-392ECF5C333C}\EDGEMITMP_F72B0.tmp\setup.exe"
Information,2/16/2023 8:15:23 PM,Microsoft-Windows-Windows Firewall With Advanced Security,2006,None,"A rule has been deleted in the Windows Defender Firewall exception list.

Deleted Rule:
	Rule ID:	{1435AF22-5FF5-43BD-A63F-E07D1DE5CA9C}
	Rule Name:	87b6dbbe-3ea4-4e13-a284-6edd99673000
	Modifying User:	SYSTEM
	Modifying Application:	C:\Program Files (x86)\Microsoft\EdgeUpdate\Install\{A2B52A6E-C685-44B1-8A23-392ECF5C333C}\EDGEMITMP_F72B0.tmp\setup.exe"
Information,2/16/2023 8:15:23 PM,Microsoft-Windows-Windows Firewall With Advanced Security,2005,None,"A rule has been modified in the Windows Defender Firewall exception list.

Modified Rule:
	Rule ID:	{1435AF22-5FF5-43BD-A63F-E07D1DE5CA9C}
	Rule Name:	87b6dbbe-3ea4-4e13-a284-6edd99673000
	Origin:	Local
	Active:	Yes
	Direction:	Inbound
	Profiles:	Private,Domain, Public
	Action:	Allow
	Application Path:	C:\Program Files (x86)\Microsoft\Edge\Application\msedge.exe
	Service Name:	
	Protocol:	UDP
	Security Options:	None
	Edge Traversal:	None
	Modifying User:	SYSTEM
	Modifying Application:	C:\Program Files (x86)\Microsoft\EdgeUpdate\Install\{A2B52A6E-C685-44B1-8A23-392ECF5C333C}\EDGEMITMP_F72B0.tmp\setup.exe"
Information,2/16/2023 8:15:22 PM,Microsoft-Windows-Windows Firewall With Advanced Security,2004,None,"A rule has been added to the Windows Defender Firewall exception list.

Added Rule:
	Rule ID:	{1435AF22-5FF5-43BD-A63F-E07D1DE5CA9C}
	Rule Name:	Microsoft Edge (mDNS-In)
	Origin:	Local
	Active:	Yes
	Direction:	Inbound
	Profiles:	Private,Domain, Public
	Action:	Allow
	Application Path:	C:\Program Files (x86)\Microsoft\Edge\Application\msedge.exe
	Service Name:	
	Protocol:	UDP
	Security Options:	None
	Edge Traversal:	None
	Modifying User:	SYSTEM
	Modifying Application:	C:\Program Files (x86)\Microsoft\EdgeUpdate\Install\{A2B52A6E-C685-44B1-8A23-392ECF5C333C}\EDGEMITMP_F72B0.tmp\setup.exe"
Information,2/16/2023 8:15:22 PM,Microsoft-Windows-Windows Firewall With Advanced Security,2006,None,"A rule has been deleted in the Windows Defender Firewall exception list.

Deleted Rule:
	Rule ID:	{F2EFD6C9-1731-4149-AA82-36B2093C5E8D}
	Rule Name:	80c7c804-e96b-4a9a-b056-84d81e250525
	Modifying User:	SYSTEM
	Modifying Application:	C:\Program Files (x86)\Microsoft\EdgeUpdate\Install\{A2B52A6E-C685-44B1-8A23-392ECF5C333C}\EDGEMITMP_F72B0.tmp\setup.exe"
Information,2/16/2023 8:15:22 PM,Microsoft-Windows-Windows Firewall With Advanced Security,2005,None,"A rule has been modified in the Windows Defender Firewall exception list.

Modified Rule:
	Rule ID:	{F2EFD6C9-1731-4149-AA82-36B2093C5E8D}
	Rule Name:	80c7c804-e96b-4a9a-b056-84d81e250525
	Origin:	Local
	Active:	Yes
	Direction:	Inbound
	Profiles:	Private,Domain, Public
	Action:	Allow
	Application Path:	C:\Program Files (x86)\Microsoft\Edge\Application\msedge.exe
	Service Name:	
	Protocol:	UDP
	Security Options:	None
	Edge Traversal:	None
	Modifying User:	SYSTEM
	Modifying Application:	C:\Program Files (x86)\Microsoft\EdgeUpdate\Install\{A2B52A6E-C685-44B1-8A23-392ECF5C333C}\EDGEMITMP_F72B0.tmp\setup.exe"
Information,2/16/2023 8:14:43 PM,Microsoft-Windows-Windows Firewall With Advanced Security,2004,None,"A rule has been added to the Windows Defender Firewall exception list.

Added Rule:
	Rule ID:	{5CD6BD08-7B7A-40C2-AAC6-426393C78CDF}
	Rule Name:	Usermode Font Driver Host
	Origin:	Local
	Active:	Yes
	Direction:	Outbound
	Profiles:	Private,Domain, Public
	Action:	Block
	Application Path:	
	Service Name:	
	Protocol:	Any
	Security Options:	None
	Edge Traversal:	None
	Modifying User:	NT SERVICE\mpssvc
	Modifying Application:	C:\Windows\System32\svchost.exe"
Information,2/16/2023 8:14:43 PM,Microsoft-Windows-Windows Firewall With Advanced Security,2004,None,"A rule has been added to the Windows Defender Firewall exception list.

Added Rule:
	Rule ID:	{5244ABDD-326C-49DA-A83C-9D88976DC53A}
	Rule Name:	Usermode Font Driver Host
	Origin:	Local
	Active:	Yes
	Direction:	Inbound
	Profiles:	Private,Domain, Public
	Action:	Block
	Application Path:	
	Service Name:	
	Protocol:	Any
	Security Options:	None
	Edge Traversal:	None
	Modifying User:	NT SERVICE\mpssvc
	Modifying Application:	C:\Windows\System32\svchost.exe"
Information,2/16/2023 8:11:24 PM,Microsoft-Windows-Windows Firewall With Advanced Security,2005,None,"A rule has been modified in the Windows Defender Firewall exception list.

Modified Rule:
	Rule ID:	RemoteDesktop-Shadow-In-TCP
	Rule Name:	Remote Desktop - Shadow (TCP-In)
	Origin:	Local
	Active:	Yes
	Direction:	Inbound
	Profiles:	Private,Domain, Public
	Action:	Allow
	Application Path:	C:\Windows\system32\RdpSa.exe
	Service Name:	
	Protocol:	TCP
	Security Options:	None
	Edge Traversal:	Allow
	Modifying User:	DESKTOP-QB4O65F\Administrator
	Modifying Application:	C:\Windows\System32\wbem\WmiPrvSE.exe"
Information,2/16/2023 8:11:24 PM,Microsoft-Windows-Windows Firewall With Advanced Security,2005,None,"A rule has been modified in the Windows Defender Firewall exception list.

Modified Rule:
	Rule ID:	RemoteDesktop-UserMode-In-TCP
	Rule Name:	Remote Desktop - User Mode (TCP-In)
	Origin:	Local
	Active:	Yes
	Direction:	Inbound
	Profiles:	Private,Domain, Public
	Action:	Allow
	Application Path:	C:\Windows\system32\svchost.exe
	Service Name:	termservice
	Protocol:	TCP
	Security Options:	None
	Edge Traversal:	None
	Modifying User:	DESKTOP-QB4O65F\Administrator
	Modifying Application:	C:\Windows\System32\wbem\WmiPrvSE.exe"
Information,2/16/2023 8:11:24 PM,Microsoft-Windows-Windows Firewall With Advanced Security,2005,None,"A rule has been modified in the Windows Defender Firewall exception list.

Modified Rule:
	Rule ID:	RemoteDesktop-UserMode-In-UDP
	Rule Name:	Remote Desktop - User Mode (UDP-In)
	Origin:	Local
	Active:	Yes
	Direction:	Inbound
	Profiles:	Private,Domain, Public
	Action:	Allow
	Application Path:	C:\Windows\system32\svchost.exe
	Service Name:	termservice
	Protocol:	UDP
	Security Options:	None
	Edge Traversal:	None
	Modifying User:	DESKTOP-QB4O65F\Administrator
	Modifying Application:	C:\Windows\System32\wbem\WmiPrvSE.exe"
Information,2/16/2023 7:25:07 PM,Microsoft-Windows-Windows Firewall With Advanced Security,2011,None,"Windows Defender Firewall was unable to notify the user that it blocked an application from accepting incoming connections on the network.

Reason:		The application is a system service
Application Path:	C:\program files\scadabr\tomcat\bin\scadabr.exe
IP Version:	IPv6
Protocol:	TCP
Port:		8080
Process Id:	2804
User:		LOCAL SERVICE"
Information,2/16/2023 7:25:01 PM,Microsoft-Windows-Windows Firewall With Advanced Security,2002,None,"A Windows Defender Firewall setting has changed.

New Setting:
	Type:	Current Profile
	Value:	Private
	Modifying User:	NT SERVICE\mpssvc
	Modifying Application:	"
Information,2/16/2023 7:25:00 PM,Microsoft-Windows-Windows Firewall With Advanced Security,2010,None,"Network profile changed on an interface.

Adapter GUID:	{ae6577a4-bacb-49aa-b378-76b85fb5b7db}
Adapter Name:	ethernet_32774
Old Profile:	None
New Profile:	Private"
Information,2/16/2023 7:25:00 PM,Microsoft-Windows-Windows Firewall With Advanced Security,2010,None,"Network profile changed on an interface.

Adapter GUID:	{8ce01218-1929-49d7-bf64-4d58b329d5fb}
Adapter Name:	ethernet_32770
Old Profile:	None
New Profile:	Private"
Information,2/16/2023 1:51:03 PM,Microsoft-Windows-Windows Firewall With Advanced Security,2010,None,"Network profile changed on an interface.

Adapter GUID:	{ae6577a4-bacb-49aa-b378-76b85fb5b7db}
Adapter Name:	ethernet_32774
Old Profile:	None
New Profile:	Private"
Information,2/16/2023 1:51:01 PM,Microsoft-Windows-Windows Firewall With Advanced Security,2010,None,"Network profile changed on an interface.

Adapter GUID:	{ae6577a4-bacb-49aa-b378-76b85fb5b7db}
Adapter Name:	ethernet_32774
Old Profile:	Private
New Profile:	None"
Information,2/16/2023 11:54:58 AM,Microsoft-Windows-Windows Firewall With Advanced Security,2003,None,"A Windows Defender Firewall setting in the Private profile has changed.
New Setting:
	Type:	Log Successful Connections
	Value:	Yes
	Modifying User:	DESKTOP-QB4O65F\Administrator
	Modifying Application:	C:\Windows\System32\mmc.exe"
Information,2/16/2023 11:54:57 AM,Microsoft-Windows-Windows Firewall With Advanced Security,2003,None,"A Windows Defender Firewall setting in the Private profile has changed.
New Setting:
	Type:	Log Dropped Packets
	Value:	Yes
	Modifying User:	DESKTOP-QB4O65F\Administrator
	Modifying Application:	C:\Windows\System32\mmc.exe"
Information,2/16/2023 11:54:56 AM,Microsoft-Windows-Windows Firewall With Advanced Security,2003,None,"A Windows Defender Firewall setting in the Private profile has changed.
New Setting:
	Type:	Maximum Log File Size
	Value:	32767
	Modifying User:	DESKTOP-QB4O65F\Administrator
	Modifying Application:	C:\Windows\System32\mmc.exe"
Information,2/16/2023 11:54:56 AM,Microsoft-Windows-Windows Firewall With Advanced Security,2003,None,"A Windows Defender Firewall setting in the Private profile has changed.
New Setting:
	Type:	Log File Path
	Value:	%systemroot%\system32\LogFiles\Firewall\pfirewall.log
	Modifying User:	DESKTOP-QB4O65F\Administrator
	Modifying Application:	C:\Windows\System32\mmc.exe"
Information,2/16/2023 11:27:54 AM,Microsoft-Windows-Windows Firewall With Advanced Security,2003,None,"A Windows Defender Firewall setting in the Private profile has changed.
New Setting:
	Type:	Log Successful Connections
	Value:	Yes
	Modifying User:	DESKTOP-QB4O65F\Administrator
	Modifying Application:	C:\Windows\System32\mmc.exe"
Information,2/16/2023 11:27:54 AM,Microsoft-Windows-Windows Firewall With Advanced Security,2003,None,"A Windows Defender Firewall setting in the Private profile has changed.
New Setting:
	Type:	Log Dropped Packets
	Value:	Yes
	Modifying User:	DESKTOP-QB4O65F\Administrator
	Modifying Application:	C:\Windows\System32\mmc.exe"
Information,2/16/2023 11:27:54 AM,Microsoft-Windows-Windows Firewall With Advanced Security,2003,None,"A Windows Defender Firewall setting in the Private profile has changed.
New Setting:
	Type:	Maximum Log File Size
	Value:	32767
	Modifying User:	DESKTOP-QB4O65F\Administrator
	Modifying Application:	C:\Windows\System32\mmc.exe"
Information,2/16/2023 11:27:54 AM,Microsoft-Windows-Windows Firewall With Advanced Security,2003,None,"A Windows Defender Firewall setting in the Private profile has changed.
New Setting:
	Type:	Log File Path
	Value:	%systemroot%\system32\LogFiles\Firewall\pfirewall.log
	Modifying User:	DESKTOP-QB4O65F\Administrator
	Modifying Application:	C:\Windows\System32\mmc.exe"
Information,2/16/2023 11:25:53 AM,Microsoft-Windows-Windows Firewall With Advanced Security,2003,None,"A Windows Defender Firewall setting in the Private profile has changed.
New Setting:
	Type:	Log Successful Connections
	Value:	Yes
	Modifying User:	DESKTOP-QB4O65F\Administrator
	Modifying Application:	C:\Windows\System32\mmc.exe"
Information,2/16/2023 11:25:52 AM,Microsoft-Windows-Windows Firewall With Advanced Security,2003,None,"A Windows Defender Firewall setting in the Private profile has changed.
New Setting:
	Type:	Log Dropped Packets
	Value:	Yes
	Modifying User:	DESKTOP-QB4O65F\Administrator
	Modifying Application:	C:\Windows\System32\mmc.exe"
Information,2/16/2023 11:25:50 AM,Microsoft-Windows-Windows Firewall With Advanced Security,2003,None,"A Windows Defender Firewall setting in the Private profile has changed.
New Setting:
	Type:	Maximum Log File Size
	Value:	4240
	Modifying User:	DESKTOP-QB4O65F\Administrator
	Modifying Application:	C:\Windows\System32\mmc.exe"
Information,2/16/2023 11:25:50 AM,Microsoft-Windows-Windows Firewall With Advanced Security,2003,None,"A Windows Defender Firewall setting in the Private profile has changed.
New Setting:
	Type:	Log File Path
	Value:	%systemroot%\system32\LogFiles\Firewall\pfirewall.log
	Modifying User:	DESKTOP-QB4O65F\Administrator
	Modifying Application:	C:\Windows\System32\mmc.exe"
Information,2/16/2023 9:03:34 AM,Microsoft-Windows-Windows Firewall With Advanced Security,2004,None,"A rule has been added to the Windows Defender Firewall exception list.

Added Rule:
	Rule ID:	{B5A1BBF2-23B7-405C-873A-4709E68E4D59}
	Rule Name:	Python 3.10
	Origin:	Local
	Active:	Yes
	Direction:	Outbound
	Profiles:	Private,Domain, Public
	Action:	Block
	Application Path:	
	Service Name:	
	Protocol:	Any
	Security Options:	None
	Edge Traversal:	None
	Modifying User:	NT SERVICE\mpssvc
	Modifying Application:	C:\Windows\System32\svchost.exe"
Information,2/16/2023 9:03:34 AM,Microsoft-Windows-Windows Firewall With Advanced Security,2004,None,"A rule has been added to the Windows Defender Firewall exception list.

Added Rule:
	Rule ID:	{6C81BFD0-66DE-4C92-BA84-FB6E8D3A3790}
	Rule Name:	Python 3.10
	Origin:	Local
	Active:	Yes
	Direction:	Inbound
	Profiles:	Private,Domain, Public
	Action:	Block
	Application Path:	
	Service Name:	
	Protocol:	Any
	Security Options:	None
	Edge Traversal:	None
	Modifying User:	NT SERVICE\mpssvc
	Modifying Application:	C:\Windows\System32\svchost.exe"
Information,2/16/2023 8:55:59 AM,Microsoft-Windows-Windows Firewall With Advanced Security,2011,None,"Windows Defender Firewall was unable to notify the user that it blocked an application from accepting incoming connections on the network.

Reason:		The application is a system service
Application Path:	C:\program files\scadabr\tomcat\bin\scadabr.exe
IP Version:	IPv6
Protocol:	TCP
Port:		8080
Process Id:	2724
User:		LOCAL SERVICE"
Information,2/16/2023 8:55:48 AM,Microsoft-Windows-Windows Firewall With Advanced Security,2002,None,"A Windows Defender Firewall setting has changed.

New Setting:
	Type:	Current Profile
	Value:	Private
	Modifying User:	NT SERVICE\mpssvc
	Modifying Application:	"
Information,2/16/2023 8:55:47 AM,Microsoft-Windows-Windows Firewall With Advanced Security,2010,None,"Network profile changed on an interface.

Adapter GUID:	{ae6577a4-bacb-49aa-b378-76b85fb5b7db}
Adapter Name:	ethernet_32774
Old Profile:	None
New Profile:	Private"
Information,2/16/2023 8:55:47 AM,Microsoft-Windows-Windows Firewall With Advanced Security,2010,None,"Network profile changed on an interface.

Adapter GUID:	{8ce01218-1929-49d7-bf64-4d58b329d5fb}
Adapter Name:	ethernet_32770
Old Profile:	None
New Profile:	Private"
Information,2/16/2023 8:51:21 AM,Microsoft-Windows-Windows Firewall With Advanced Security,2004,None,"A rule has been added to the Windows Defender Firewall exception list.

Added Rule:
	Rule ID:	{E0A2F101-AD27-416D-B441-4B79FB1ABA59}
	Rule Name:	Microsoft Store
	Origin:	Local
	Active:	Yes
	Direction:	Inbound
	Profiles:	Private,Domain, Public
	Action:	Allow
	Application Path:	
	Service Name:	
	Protocol:	Any
	Security Options:	None
	Edge Traversal:	Allow
	Modifying User:	NT SERVICE\mpssvc
	Modifying Application:	C:\Windows\System32\svchost.exe"
Information,2/16/2023 8:51:21 AM,Microsoft-Windows-Windows Firewall With Advanced Security,2004,None,"A rule has been added to the Windows Defender Firewall exception list.

Added Rule:
	Rule ID:	{5F53A123-B6B3-4B76-A684-2B833B4A1A04}
	Rule Name:	Microsoft Store
	Origin:	Local
	Active:	Yes
	Direction:	Outbound
	Profiles:	Private,Domain, Public
	Action:	Allow
	Application Path:	
	Service Name:	
	Protocol:	Any
	Security Options:	None
	Edge Traversal:	None
	Modifying User:	NT SERVICE\mpssvc
	Modifying Application:	C:\Windows\System32\svchost.exe"
Information,2/16/2023 8:51:21 AM,Microsoft-Windows-Windows Firewall With Advanced Security,2004,None,"A rule has been added to the Windows Defender Firewall exception list.

Added Rule:
	Rule ID:	{254B0C81-40D8-445F-8CC1-F24EB4230323}
	Rule Name:	Microsoft Store
	Origin:	Local
	Active:	Yes
	Direction:	Outbound
	Profiles:	Private,Domain, Public
	Action:	Allow
	Application Path:	
	Service Name:	
	Protocol:	Any
	Security Options:	None
	Edge Traversal:	None
	Modifying User:	NT SERVICE\mpssvc
	Modifying Application:	C:\Windows\System32\svchost.exe"
Information,2/16/2023 8:51:21 AM,Microsoft-Windows-Windows Firewall With Advanced Security,2004,None,"A rule has been added to the Windows Defender Firewall exception list.

Added Rule:
	Rule ID:	{17656440-2FF6-477C-90C5-5AD7B2A70C9D}
	Rule Name:	Microsoft Store
	Origin:	Local
	Active:	Yes
	Direction:	Inbound
	Profiles:	Private,Domain, Public
	Action:	Allow
	Application Path:	
	Service Name:	
	Protocol:	Any
	Security Options:	None
	Edge Traversal:	None
	Modifying User:	NT SERVICE\mpssvc
	Modifying Application:	C:\Windows\System32\svchost.exe"
Information,2/16/2023 8:51:21 AM,Microsoft-Windows-Windows Firewall With Advanced Security,2004,None,"A rule has been added to the Windows Defender Firewall exception list.

Added Rule:
	Rule ID:	{F5EF9416-0830-45E1-B8F6-27B31DCD8FEA}
	Rule Name:	Microsoft Store
	Origin:	Local
	Active:	Yes
	Direction:	Outbound
	Profiles:	Public, Private
	Action:	Allow
	Application Path:	
	Service Name:	
	Protocol:	Any
	Security Options:	Require Authentication
	Edge Traversal:	None
	Modifying User:	NT SERVICE\mpssvc
	Modifying Application:	C:\Windows\System32\svchost.exe"
Information,2/16/2023 8:51:21 AM,Microsoft-Windows-Windows Firewall With Advanced Security,2004,None,"A rule has been added to the Windows Defender Firewall exception list.

Added Rule:
	Rule ID:	{CD60C034-4775-4634-86BE-E1D75363A055}
	Rule Name:	Microsoft Store
	Origin:	Local
	Active:	Yes
	Direction:	Inbound
	Profiles:	Public, Private
	Action:	Allow
	Application Path:	
	Service Name:	
	Protocol:	Any
	Security Options:	Require Authentication
	Edge Traversal:	None
	Modifying User:	NT SERVICE\mpssvc
	Modifying Application:	C:\Windows\System32\svchost.exe"
Information,2/16/2023 8:51:21 AM,Microsoft-Windows-Windows Firewall With Advanced Security,2004,None,"A rule has been added to the Windows Defender Firewall exception list.

Added Rule:
	Rule ID:	{BC2DBDDA-A721-4697-B0AE-64012D610BB4}
	Rule Name:	Microsoft Store
	Origin:	Local
	Active:	Yes
	Direction:	Outbound
	Profiles:	Private,Domain, Public
	Action:	Allow
	Application Path:	
	Service Name:	
	Protocol:	Any
	Security Options:	None
	Edge Traversal:	None
	Modifying User:	NT SERVICE\mpssvc
	Modifying Application:	C:\Windows\System32\svchost.exe"
Information,2/16/2023 8:51:21 AM,Microsoft-Windows-Windows Firewall With Advanced Security,2004,None,"A rule has been added to the Windows Defender Firewall exception list.

Added Rule:
	Rule ID:	{B0DE131E-B070-4116-8487-DE7D7D520922}
	Rule Name:	Microsoft Store
	Origin:	Local
	Active:	Yes
	Direction:	Inbound
	Profiles:	Private,Domain, Public
	Action:	Allow
	Application Path:	
	Service Name:	
	Protocol:	Any
	Security Options:	None
	Edge Traversal:	None
	Modifying User:	NT SERVICE\mpssvc
	Modifying Application:	C:\Windows\System32\svchost.exe"
Information,2/16/2023 8:51:21 AM,Microsoft-Windows-Windows Firewall With Advanced Security,2004,None,"A rule has been added to the Windows Defender Firewall exception list.

Added Rule:
	Rule ID:	{D46DA1EA-1C3D-4A8E-BB4D-BFEE8433604C}
	Rule Name:	Microsoft Store
	Origin:	Local
	Active:	Yes
	Direction:	Outbound
	Profiles:	Private,Domain, Public
	Action:	Block
	Application Path:	
	Service Name:	
	Protocol:	Any
	Security Options:	None
	Edge Traversal:	None
	Modifying User:	NT SERVICE\mpssvc
	Modifying Application:	C:\Windows\System32\svchost.exe"
Information,2/16/2023 8:51:21 AM,Microsoft-Windows-Windows Firewall With Advanced Security,2004,None,"A rule has been added to the Windows Defender Firewall exception list.

Added Rule:
	Rule ID:	{59E8E7EE-473A-4C24-AB13-D3F78CD154A2}
	Rule Name:	Microsoft Store
	Origin:	Local
	Active:	Yes
	Direction:	Inbound
	Profiles:	Private,Domain, Public
	Action:	Block
	Application Path:	
	Service Name:	
	Protocol:	Any
	Security Options:	None
	Edge Traversal:	None
	Modifying User:	NT SERVICE\mpssvc
	Modifying Application:	C:\Windows\System32\svchost.exe"
Information,2/16/2023 8:51:21 AM,Microsoft-Windows-Windows Firewall With Advanced Security,2006,None,"A rule has been deleted in the Windows Defender Firewall exception list.

Deleted Rule:
	Rule ID:	{4825E896-710D-4B47-93C9-E55774E6B774}
	Rule Name:	Microsoft Store
	Modifying User:	NT SERVICE\mpssvc
	Modifying Application:	C:\Windows\System32\svchost.exe"
Information,2/16/2023 8:51:21 AM,Microsoft-Windows-Windows Firewall With Advanced Security,2006,None,"A rule has been deleted in the Windows Defender Firewall exception list.

Deleted Rule:
	Rule ID:	{1D5B67A5-C691-4827-B503-AE01281981E6}
	Rule Name:	Microsoft Store
	Modifying User:	NT SERVICE\mpssvc
	Modifying Application:	C:\Windows\System32\svchost.exe"
Information,2/16/2023 8:51:21 AM,Microsoft-Windows-Windows Firewall With Advanced Security,2006,None,"A rule has been deleted in the Windows Defender Firewall exception list.

Deleted Rule:
	Rule ID:	{DFADC457-A97A-4D91-9AB8-6C498947838C}
	Rule Name:	Microsoft Store
	Modifying User:	NT SERVICE\mpssvc
	Modifying Application:	C:\Windows\System32\svchost.exe"
Information,2/16/2023 8:51:21 AM,Microsoft-Windows-Windows Firewall With Advanced Security,2006,None,"A rule has been deleted in the Windows Defender Firewall exception list.

Deleted Rule:
	Rule ID:	{984EF855-12A0-42BD-9622-3B3B048F5F3A}
	Rule Name:	Microsoft Store
	Modifying User:	NT SERVICE\mpssvc
	Modifying Application:	C:\Windows\System32\svchost.exe"
Information,2/16/2023 8:51:21 AM,Microsoft-Windows-Windows Firewall With Advanced Security,2006,None,"A rule has been deleted in the Windows Defender Firewall exception list.

Deleted Rule:
	Rule ID:	{CD403442-0656-4E0E-AA44-AC790438B231}
	Rule Name:	Microsoft Store
	Modifying User:	NT SERVICE\mpssvc
	Modifying Application:	C:\Windows\System32\svchost.exe"
Information,2/16/2023 8:51:21 AM,Microsoft-Windows-Windows Firewall With Advanced Security,2006,None,"A rule has been deleted in the Windows Defender Firewall exception list.

Deleted Rule:
	Rule ID:	{327008CF-C2D7-40E0-A77D-0B3DA6B0E0A4}
	Rule Name:	Microsoft Store
	Modifying User:	NT SERVICE\mpssvc
	Modifying Application:	C:\Windows\System32\svchost.exe"
Information,2/16/2023 8:51:21 AM,Microsoft-Windows-Windows Firewall With Advanced Security,2006,None,"A rule has been deleted in the Windows Defender Firewall exception list.

Deleted Rule:
	Rule ID:	{5A893E6D-C3AA-404F-B1BF-B27E053E7ABB}
	Rule Name:	Microsoft Store
	Modifying User:	NT SERVICE\mpssvc
	Modifying Application:	C:\Windows\System32\svchost.exe"
Information,2/16/2023 8:51:21 AM,Microsoft-Windows-Windows Firewall With Advanced Security,2006,None,"A rule has been deleted in the Windows Defender Firewall exception list.

Deleted Rule:
	Rule ID:	{00B81AF1-494F-45F4-8D74-54E27162C585}
	Rule Name:	Microsoft Store
	Modifying User:	NT SERVICE\mpssvc
	Modifying Application:	C:\Windows\System32\svchost.exe"
Information,2/16/2023 8:51:21 AM,Microsoft-Windows-Windows Firewall With Advanced Security,2006,None,"A rule has been deleted in the Windows Defender Firewall exception list.

Deleted Rule:
	Rule ID:	{0AF58E8D-9D38-48A2-BCB6-E519217352A4}
	Rule Name:	Microsoft Store
	Modifying User:	NT SERVICE\mpssvc
	Modifying Application:	C:\Windows\System32\svchost.exe"
Information,2/16/2023 8:51:21 AM,Microsoft-Windows-Windows Firewall With Advanced Security,2006,None,"A rule has been deleted in the Windows Defender Firewall exception list.

Deleted Rule:
	Rule ID:	{6E141DAB-5435-41BA-9E34-B458BD279B6D}
	Rule Name:	Microsoft Store
	Modifying User:	NT SERVICE\mpssvc
	Modifying Application:	C:\Windows\System32\svchost.exe"
Information,2/16/2023 8:42:10 AM,Microsoft-Windows-Windows Firewall With Advanced Security,2004,None,"A rule has been added to the Windows Defender Firewall exception list.

Added Rule:
	Rule ID:	{9D52572B-F99B-4745-AC70-98F04778DE3F}
	Rule Name:	WinDefend Outbound for TCP
	Origin:	Local
	Active:	Yes
	Direction:	Outbound
	Profiles:	Private,Domain, Public
	Action:	Allow
	Application Path:	C:\ProgramData\Microsoft\Windows Defender\Platform\4.18.2301.6-0\MsMpEng.exe
	Service Name:	WinDefend
	Protocol:	TCP
	Security Options:	None
	Edge Traversal:	None
	Modifying User:	SYSTEM
	Modifying Application:	C:\ProgramData\Microsoft\Windows Defender\Platform\4.18.2211.5-0\MsMpEng.exe"
Information,2/16/2023 8:42:10 AM,Microsoft-Windows-Windows Firewall With Advanced Security,2006,None,"A rule has been deleted in the Windows Defender Firewall exception list.

Deleted Rule:
	Rule ID:	{CEE060E9-6405-45B0-B7E1-A279E4FCEDDE}
	Rule Name:	WinDefend Outbound for TCP
	Modifying User:	SYSTEM
	Modifying Application:	C:\ProgramData\Microsoft\Windows Defender\Platform\4.18.2211.5-0\MsMpEng.exe"
Information,2/16/2023 8:42:10 AM,Microsoft-Windows-Windows Firewall With Advanced Security,2004,None,"A rule has been added to the Windows Defender Firewall exception list.

Added Rule:
	Rule ID:	c16bd2b7-054d-47b2-89be-6199b8485180
	Rule Name:	Outbound service restriction rule for WinDefend
	Origin:	Local
	Active:	Yes
	Direction:	Outbound
	Profiles:	Private,Domain, Public
	Action:	Block
	Application Path:	C:\ProgramData\Microsoft\Windows Defender\Platform\4.18.2301.6-0\MsMpEng.exe
	Service Name:	WinDefend
	Protocol:	Any
	Security Options:	None
	Edge Traversal:	None
	Modifying User:	SYSTEM
	Modifying Application:	C:\ProgramData\Microsoft\Windows Defender\Platform\4.18.2211.5-0\MsMpEng.exe"
Information,2/16/2023 8:42:10 AM,Microsoft-Windows-Windows Firewall With Advanced Security,2004,None,"A rule has been added to the Windows Defender Firewall exception list.

Added Rule:
	Rule ID:	c5c4829f-b178-4ab4-b906-a566d0d1cb03
	Rule Name:	Inbound service restriction rule for WinDefend
	Origin:	Local
	Active:	Yes
	Direction:	Inbound
	Profiles:	Private,Domain, Public
	Action:	Block
	Application Path:	C:\ProgramData\Microsoft\Windows Defender\Platform\4.18.2301.6-0\MsMpEng.exe
	Service Name:	WinDefend
	Protocol:	Any
	Security Options:	None
	Edge Traversal:	None
	Modifying User:	SYSTEM
	Modifying Application:	C:\ProgramData\Microsoft\Windows Defender\Platform\4.18.2211.5-0\MsMpEng.exe"
Information,2/16/2023 8:42:10 AM,Microsoft-Windows-Windows Firewall With Advanced Security,2006,None,"A rule has been deleted in the Windows Defender Firewall exception list.

Deleted Rule:
	Rule ID:	9b38deda-7bcb-4ac1-b2ad-06be10f97e41
	Rule Name:	Outbound service restriction rule for WinDefend
	Modifying User:	SYSTEM
	Modifying Application:	C:\ProgramData\Microsoft\Windows Defender\Platform\4.18.2211.5-0\MsMpEng.exe"
Information,2/16/2023 8:42:10 AM,Microsoft-Windows-Windows Firewall With Advanced Security,2006,None,"A rule has been deleted in the Windows Defender Firewall exception list.

Deleted Rule:
	Rule ID:	46960974-afc7-4ffb-b3d5-bb751ad3907c
	Rule Name:	Inbound service restriction rule for WinDefend
	Modifying User:	SYSTEM
	Modifying Application:	C:\ProgramData\Microsoft\Windows Defender\Platform\4.18.2211.5-0\MsMpEng.exe"
Information,2/16/2023 8:34:34 AM,Microsoft-Windows-Windows Firewall With Advanced Security,2011,None,"Windows Defender Firewall was unable to notify the user that it blocked an application from accepting incoming connections on the network.

Reason:		The application is a system service
Application Path:	C:\program files\scadabr\tomcat\bin\scadabr.exe
IP Version:	IPv6
Protocol:	TCP
Port:		8080
Process Id:	2300
User:		LOCAL SERVICE"
Information,2/16/2023 8:34:22 AM,Microsoft-Windows-Windows Firewall With Advanced Security,2002,None,"A Windows Defender Firewall setting has changed.

New Setting:
	Type:	Current Profile
	Value:	Private,Public
	Modifying User:	NT SERVICE\mpssvc
	Modifying Application:	"
Information,2/16/2023 8:34:21 AM,Microsoft-Windows-Windows Firewall With Advanced Security,2010,None,"Network profile changed on an interface.

Adapter GUID:	{8ce01218-1929-49d7-bf64-4d58b329d5fb}
Adapter Name:	ethernet_32770
Old Profile:	None
New Profile:	Public"
Information,2/16/2023 8:34:21 AM,Microsoft-Windows-Windows Firewall With Advanced Security,2010,None,"Network profile changed on an interface.

Adapter GUID:	{ae6577a4-bacb-49aa-b378-76b85fb5b7db}
Adapter Name:	ethernet_32774
Old Profile:	None
New Profile:	Private"
Information,2/16/2023 8:34:45 AM,Microsoft-Windows-Windows Firewall With Advanced Security,2002,None,"A Windows Defender Firewall setting has changed.

New Setting:
	Type:	Current Profile
	Value:	Public
	Modifying User:	NT SERVICE\mpssvc
	Modifying Application:	"
Information,2/16/2023 8:34:44 AM,Microsoft-Windows-Windows Firewall With Advanced Security,2010,None,"Network profile changed on an interface.

Adapter GUID:	{ae6577a4-bacb-49aa-b378-76b85fb5b7db}
Adapter Name:	ethernet_32774
Old Profile:	Private
New Profile:	Public"
Information,2/16/2023 8:34:15 AM,Microsoft-Windows-Windows Firewall With Advanced Security,2011,None,"Windows Defender Firewall was unable to notify the user that it blocked an application from accepting incoming connections on the network.

Reason:		The application is a system service
Application Path:	C:\program files\scadabr\tomcat\bin\scadabr.exe
IP Version:	IPv6
Protocol:	TCP
Port:		8080
Process Id:	2304
User:		LOCAL SERVICE"
Information,2/16/2023 8:34:03 AM,Microsoft-Windows-Windows Firewall With Advanced Security,2002,None,"A Windows Defender Firewall setting has changed.

New Setting:
	Type:	Current Profile
	Value:	Private,Public
	Modifying User:	NT SERVICE\mpssvc
	Modifying Application:	"
Information,2/16/2023 8:34:03 AM,Microsoft-Windows-Windows Firewall With Advanced Security,2010,None,"Network profile changed on an interface.

Adapter GUID:	{8ce01218-1929-49d7-bf64-4d58b329d5fb}
Adapter Name:	ethernet_32770
Old Profile:	None
New Profile:	Public"
Information,2/16/2023 8:34:03 AM,Microsoft-Windows-Windows Firewall With Advanced Security,2010,None,"Network profile changed on an interface.

Adapter GUID:	{ae6577a4-bacb-49aa-b378-76b85fb5b7db}
Adapter Name:	ethernet_32774
Old Profile:	None
New Profile:	Private"
Information,2/13/2023 1:11:06 PM,Microsoft-Windows-Windows Firewall With Advanced Security,2004,None,"A rule has been added to the Windows Defender Firewall exception list.

Added Rule:
	Rule ID:	{CEE060E9-6405-45B0-B7E1-A279E4FCEDDE}
	Rule Name:	WinDefend Outbound for TCP
	Origin:	Local
	Active:	Yes
	Direction:	Outbound
	Profiles:	Private,Domain, Public
	Action:	Allow
	Application Path:	C:\ProgramData\Microsoft\Windows Defender\Platform\4.18.2211.5-0\MsMpEng.exe
	Service Name:	WinDefend
	Protocol:	TCP
	Security Options:	None
	Edge Traversal:	None
	Modifying User:	SYSTEM
	Modifying Application:	C:\ProgramData\Microsoft\Windows Defender\Platform\4.18.2108.7-0\MsMpEng.exe"
Information,2/13/2023 1:11:06 PM,Microsoft-Windows-Windows Firewall With Advanced Security,2006,None,"A rule has been deleted in the Windows Defender Firewall exception list.

Deleted Rule:
	Rule ID:	{8712D3BF-473C-4464-AEE9-260227B8B26E}
	Rule Name:	WinDefend Outbound for TCP
	Modifying User:	SYSTEM
	Modifying Application:	C:\ProgramData\Microsoft\Windows Defender\Platform\4.18.2108.7-0\MsMpEng.exe"
Information,2/13/2023 1:11:06 PM,Microsoft-Windows-Windows Firewall With Advanced Security,2004,None,"A rule has been added to the Windows Defender Firewall exception list.

Added Rule:
	Rule ID:	9b38deda-7bcb-4ac1-b2ad-06be10f97e41
	Rule Name:	Outbound service restriction rule for WinDefend
	Origin:	Local
	Active:	Yes
	Direction:	Outbound
	Profiles:	Private,Domain, Public
	Action:	Block
	Application Path:	C:\ProgramData\Microsoft\Windows Defender\Platform\4.18.2211.5-0\MsMpEng.exe
	Service Name:	WinDefend
	Protocol:	Any
	Security Options:	None
	Edge Traversal:	None
	Modifying User:	SYSTEM
	Modifying Application:	C:\ProgramData\Microsoft\Windows Defender\Platform\4.18.2108.7-0\MsMpEng.exe"
Information,2/13/2023 1:11:06 PM,Microsoft-Windows-Windows Firewall With Advanced Security,2004,None,"A rule has been added to the Windows Defender Firewall exception list.

Added Rule:
	Rule ID:	46960974-afc7-4ffb-b3d5-bb751ad3907c
	Rule Name:	Inbound service restriction rule for WinDefend
	Origin:	Local
	Active:	Yes
	Direction:	Inbound
	Profiles:	Private,Domain, Public
	Action:	Block
	Application Path:	C:\ProgramData\Microsoft\Windows Defender\Platform\4.18.2211.5-0\MsMpEng.exe
	Service Name:	WinDefend
	Protocol:	Any
	Security Options:	None
	Edge Traversal:	None
	Modifying User:	SYSTEM
	Modifying Application:	C:\ProgramData\Microsoft\Windows Defender\Platform\4.18.2108.7-0\MsMpEng.exe"
Information,2/13/2023 1:11:06 PM,Microsoft-Windows-Windows Firewall With Advanced Security,2006,None,"A rule has been deleted in the Windows Defender Firewall exception list.

Deleted Rule:
	Rule ID:	76001122-5412-440c-adc4-372e479daaed
	Rule Name:	Outbound service restriction rule for WinDefend
	Modifying User:	SYSTEM
	Modifying Application:	C:\ProgramData\Microsoft\Windows Defender\Platform\4.18.2108.7-0\MsMpEng.exe"
Information,2/13/2023 1:11:06 PM,Microsoft-Windows-Windows Firewall With Advanced Security,2006,None,"A rule has been deleted in the Windows Defender Firewall exception list.

Deleted Rule:
	Rule ID:	132ec2b1-6a65-4f2f-9b12-65c5cb0700ca
	Rule Name:	Inbound service restriction rule for WinDefend
	Modifying User:	SYSTEM
	Modifying Application:	C:\ProgramData\Microsoft\Windows Defender\Platform\4.18.2108.7-0\MsMpEng.exe"
Information,2/13/2023 1:09:48 PM,Microsoft-Windows-Windows Firewall With Advanced Security,2011,None,"Windows Defender Firewall was unable to notify the user that it blocked an application from accepting incoming connections on the network.

Reason:		The application is a system service
Application Path:	C:\program files\scadabr\tomcat\bin\scadabr.exe
IP Version:	IPv6
Protocol:	TCP
Port:		8080
Process Id:	2500
User:		LOCAL SERVICE"
Information,2/13/2023 12:59:52 PM,Microsoft-Windows-Windows Firewall With Advanced Security,2002,None,"A Windows Defender Firewall setting has changed.

New Setting:
	Type:	Current Profile
	Value:	Private,Public
	Modifying User:	NT SERVICE\mpssvc
	Modifying Application:	"
Information,2/13/2023 12:59:52 PM,Microsoft-Windows-Windows Firewall With Advanced Security,2010,None,"Network profile changed on an interface.

Adapter GUID:	{8ce01218-1929-49d7-bf64-4d58b329d5fb}
Adapter Name:	ethernet_32770
Old Profile:	None
New Profile:	Public"
Information,2/13/2023 12:59:52 PM,Microsoft-Windows-Windows Firewall With Advanced Security,2010,None,"Network profile changed on an interface.

Adapter GUID:	{ae6577a4-bacb-49aa-b378-76b85fb5b7db}
Adapter Name:	ethernet_32774
Old Profile:	None
New Profile:	Private"
Information,2/13/2023 11:39:34 AM,Microsoft-Windows-Windows Firewall With Advanced Security,2002,None,"A Windows Defender Firewall setting has changed.

New Setting:
	Type:	Current Profile
	Value:	Private,Public
	Modifying User:	NT SERVICE\mpssvc
	Modifying Application:	"
Information,2/13/2023 11:39:34 AM,Microsoft-Windows-Windows Firewall With Advanced Security,2010,None,"Network profile changed on an interface.

Adapter GUID:	{ae6577a4-bacb-49aa-b378-76b85fb5b7db}
Adapter Name:	ethernet_32774
Old Profile:	Public
New Profile:	Private"
Information,2/13/2023 11:39:16 AM,Microsoft-Windows-Windows Firewall With Advanced Security,2010,None,"Network profile changed on an interface.

Adapter GUID:	{ae6577a4-bacb-49aa-b378-76b85fb5b7db}
Adapter Name:	ethernet_32774
Old Profile:	None
New Profile:	Public"
Information,2/13/2023 11:39:16 AM,Microsoft-Windows-Windows Firewall With Advanced Security,2010,None,"Network profile changed on an interface.

Adapter GUID:	{8ce01218-1929-49d7-bf64-4d58b329d5fb}
Adapter Name:	ethernet_32770
Old Profile:	None
New Profile:	Public"
Information,2/13/2023 11:14:33 AM,Microsoft-Windows-Windows Firewall With Advanced Security,2004,None,"A rule has been added to the Windows Defender Firewall exception list.

Added Rule:
	Rule ID:	{1BE6AF9F-99C7-4223-987C-D2F949C2FBA5}
	Rule Name:	Microsoft Edge
	Origin:	Local
	Active:	Yes
	Direction:	Outbound
	Profiles:	Private,Domain, Public
	Action:	Block
	Application Path:	
	Service Name:	
	Protocol:	Any
	Security Options:	None
	Edge Traversal:	None
	Modifying User:	NT SERVICE\mpssvc
	Modifying Application:	C:\Windows\System32\svchost.exe"
Information,2/13/2023 11:14:33 AM,Microsoft-Windows-Windows Firewall With Advanced Security,2004,None,"A rule has been added to the Windows Defender Firewall exception list.

Added Rule:
	Rule ID:	{962BE453-6F94-4BC0-BB7F-FD45BDB1F895}
	Rule Name:	Microsoft Edge
	Origin:	Local
	Active:	Yes
	Direction:	Inbound
	Profiles:	Private,Domain, Public
	Action:	Block
	Application Path:	
	Service Name:	
	Protocol:	Any
	Security Options:	None
	Edge Traversal:	None
	Modifying User:	NT SERVICE\mpssvc
	Modifying Application:	C:\Windows\System32\svchost.exe"
Information,2/13/2023 11:14:33 AM,Microsoft-Windows-Windows Firewall With Advanced Security,2006,None,"A rule has been deleted in the Windows Defender Firewall exception list.

Deleted Rule:
	Rule ID:	{F31A188C-08D2-4520-A7E0-A3ED7B71094E}
	Rule Name:	Microsoft Edge
	Modifying User:	NT SERVICE\mpssvc
	Modifying Application:	C:\Windows\System32\svchost.exe"
Information,2/13/2023 11:14:33 AM,Microsoft-Windows-Windows Firewall With Advanced Security,2006,None,"A rule has been deleted in the Windows Defender Firewall exception list.

Deleted Rule:
	Rule ID:	{DD17F254-FFAB-4C44-A598-E65A6CE0F658}
	Rule Name:	Microsoft Edge
	Modifying User:	NT SERVICE\mpssvc
	Modifying Application:	C:\Windows\System32\svchost.exe"
Information,2/13/2023 11:14:30 AM,Microsoft-Windows-Windows Firewall With Advanced Security,2004,None,"A rule has been added to the Windows Defender Firewall exception list.

Added Rule:
	Rule ID:	{F2EFD6C9-1731-4149-AA82-36B2093C5E8D}
	Rule Name:	Microsoft Edge (mDNS-In)
	Origin:	Local
	Active:	Yes
	Direction:	Inbound
	Profiles:	Private,Domain, Public
	Action:	Allow
	Application Path:	C:\Program Files (x86)\Microsoft\Edge\Application\msedge.exe
	Service Name:	
	Protocol:	UDP
	Security Options:	None
	Edge Traversal:	None
	Modifying User:	SYSTEM
	Modifying Application:	C:\Program Files (x86)\Microsoft\EdgeUpdate\Install\{E4677DED-1882-41A2-86A3-73C6A6FF739E}\EDGEMITMP_D40CC.tmp\setup.exe"
Information,2/13/2023 11:14:30 AM,Microsoft-Windows-Windows Firewall With Advanced Security,2006,None,"A rule has been deleted in the Windows Defender Firewall exception list.

Deleted Rule:
	Rule ID:	{13974AFC-9E00-40AB-BC61-24CFD7BE4D7D}
	Rule Name:	009e2d78-f7c4-47f0-b566-49fe61eb17cf
	Modifying User:	SYSTEM
	Modifying Application:	C:\Program Files (x86)\Microsoft\EdgeUpdate\Install\{E4677DED-1882-41A2-86A3-73C6A6FF739E}\EDGEMITMP_D40CC.tmp\setup.exe"
Information,2/13/2023 11:14:30 AM,Microsoft-Windows-Windows Firewall With Advanced Security,2005,None,"A rule has been modified in the Windows Defender Firewall exception list.

Modified Rule:
	Rule ID:	{13974AFC-9E00-40AB-BC61-24CFD7BE4D7D}
	Rule Name:	009e2d78-f7c4-47f0-b566-49fe61eb17cf
	Origin:	Local
	Active:	Yes
	Direction:	Inbound
	Profiles:	Private,Domain, Public
	Action:	Allow
	Application Path:	C:\Program Files (x86)\Microsoft\Edge\Application\msedge.exe
	Service Name:	
	Protocol:	UDP
	Security Options:	None
	Edge Traversal:	None
	Modifying User:	SYSTEM
	Modifying Application:	C:\Program Files (x86)\Microsoft\EdgeUpdate\Install\{E4677DED-1882-41A2-86A3-73C6A6FF739E}\EDGEMITMP_D40CC.tmp\setup.exe"
Information,2/13/2023 11:14:30 AM,Microsoft-Windows-Windows Firewall With Advanced Security,2004,None,"A rule has been added to the Windows Defender Firewall exception list.

Added Rule:
	Rule ID:	{13974AFC-9E00-40AB-BC61-24CFD7BE4D7D}
	Rule Name:	Microsoft Edge (mDNS-In)
	Origin:	Local
	Active:	Yes
	Direction:	Inbound
	Profiles:	Private,Domain, Public
	Action:	Allow
	Application Path:	C:\Program Files (x86)\Microsoft\Edge\Application\msedge.exe
	Service Name:	
	Protocol:	UDP
	Security Options:	None
	Edge Traversal:	None
	Modifying User:	SYSTEM
	Modifying Application:	C:\Program Files (x86)\Microsoft\EdgeUpdate\Install\{E4677DED-1882-41A2-86A3-73C6A6FF739E}\EDGEMITMP_D40CC.tmp\setup.exe"
Information,2/13/2023 11:14:30 AM,Microsoft-Windows-Windows Firewall With Advanced Security,2006,None,"A rule has been deleted in the Windows Defender Firewall exception list.

Deleted Rule:
	Rule ID:	{23725F0A-C93F-4A70-9793-41ACA945912F}
	Rule Name:	2673c257-bc64-4769-9fed-0835c4920bc7
	Modifying User:	SYSTEM
	Modifying Application:	C:\Program Files (x86)\Microsoft\EdgeUpdate\Install\{E4677DED-1882-41A2-86A3-73C6A6FF739E}\EDGEMITMP_D40CC.tmp\setup.exe"
Information,2/13/2023 11:14:30 AM,Microsoft-Windows-Windows Firewall With Advanced Security,2005,None,"A rule has been modified in the Windows Defender Firewall exception list.

Modified Rule:
	Rule ID:	{23725F0A-C93F-4A70-9793-41ACA945912F}
	Rule Name:	2673c257-bc64-4769-9fed-0835c4920bc7
	Origin:	Local
	Active:	Yes
	Direction:	Inbound
	Profiles:	Private,Domain, Public
	Action:	Allow
	Application Path:	C:\Program Files (x86)\Microsoft\Edge\Application\msedge.exe
	Service Name:	
	Protocol:	UDP
	Security Options:	None
	Edge Traversal:	None
	Modifying User:	SYSTEM
	Modifying Application:	C:\Program Files (x86)\Microsoft\EdgeUpdate\Install\{E4677DED-1882-41A2-86A3-73C6A6FF739E}\EDGEMITMP_D40CC.tmp\setup.exe"
