Information,2/12/2023 4:32:11 PM,Microsoft-Windows-Windows Firewall With Advanced Security,2004,None,"A rule has been added to the Windows Defender Firewall exception list.

Added Rule:
	Rule ID:	{B452CCE2-4744-4652-B00E-EDAF4D7CCFF3}
	Rule Name:	@{Microsoft.WindowsCalculator_11.2210.0.0_x64__8wekyb3d8bbwe?ms-resource://Microsoft.WindowsCalculator/Resources/AppStoreName}
	Origin:	Local
	Active:	Yes
	Direction:	Outbound
	Profiles:	Private,Domain, Public
	Action:	Allow
	Application Path:	
	Service Name:	
	Protocol:	Any
	Security Options:	None
	Edge Traversal:	None
	Modifying User:	NT SERVICE\mpssvc
	Modifying Application:	C:\Windows\System32\svchost.exe"
Information,2/12/2023 4:32:11 PM,Microsoft-Windows-Windows Firewall With Advanced Security,2004,None,"A rule has been added to the Windows Defender Firewall exception list.

Added Rule:
	Rule ID:	{2ADE0124-2BA9-4E11-A9CE-4F2F44C8C660}
	Rule Name:	@{Microsoft.WindowsCalculator_11.2210.0.0_x64__8wekyb3d8bbwe?ms-resource://Microsoft.WindowsCalculator/Resources/AppStoreName}
	Origin:	Local
	Active:	Yes
	Direction:	Outbound
	Profiles:	Private,Domain, Public
	Action:	Block
	Application Path:	
	Service Name:	
	Protocol:	Any
	Security Options:	None
	Edge Traversal:	None
	Modifying User:	NT SERVICE\mpssvc
	Modifying Application:	C:\Windows\System32\svchost.exe"
Information,2/12/2023 4:32:11 PM,Microsoft-Windows-Windows Firewall With Advanced Security,2004,None,"A rule has been added to the Windows Defender Firewall exception list.

Added Rule:
	Rule ID:	{DF6622DB-0C07-4FA1-891A-7B00DD399272}
	Rule Name:	@{Microsoft.WindowsCalculator_11.2210.0.0_x64__8wekyb3d8bbwe?ms-resource://Microsoft.WindowsCalculator/Resources/AppStoreName}
	Origin:	Local
	Active:	Yes
	Direction:	Inbound
	Profiles:	Private,Domain, Public
	Action:	Block
	Application Path:	
	Service Name:	
	Protocol:	Any
	Security Options:	None
	Edge Traversal:	None
	Modifying User:	NT SERVICE\mpssvc
	Modifying Application:	C:\Windows\System32\svchost.exe"
Information,2/12/2023 4:32:11 PM,Microsoft-Windows-Windows Firewall With Advanced Security,2006,None,"A rule has been deleted in the Windows Defender Firewall exception list.

Deleted Rule:
	Rule ID:	{F31325C2-A26A-47DB-BED0-914122D3D962}
	Rule Name:	@{Microsoft.WindowsCalculator_10.1906.55.0_x64__8wekyb3d8bbwe?ms-resource://Microsoft.WindowsCalculator/Resources/AppStoreName}
	Modifying User:	NT SERVICE\mpssvc
	Modifying Application:	C:\Windows\System32\svchost.exe"
Information,2/12/2023 4:32:11 PM,Microsoft-Windows-Windows Firewall With Advanced Security,2006,None,"A rule has been deleted in the Windows Defender Firewall exception list.

Deleted Rule:
	Rule ID:	{F982B6F7-4ABA-416E-92F7-B6B5A2CC9881}
	Rule Name:	@{Microsoft.WindowsCalculator_10.1906.55.0_x64__8wekyb3d8bbwe?ms-resource://Microsoft.WindowsCalculator/Resources/AppStoreName}
	Modifying User:	NT SERVICE\mpssvc
	Modifying Application:	C:\Windows\System32\svchost.exe"
Information,2/12/2023 4:32:11 PM,Microsoft-Windows-Windows Firewall With Advanced Security,2006,None,"A rule has been deleted in the Windows Defender Firewall exception list.

Deleted Rule:
	Rule ID:	{833CA96E-FB32-44A9-84B8-106E75093849}
	Rule Name:	@{Microsoft.WindowsCalculator_10.1906.55.0_x64__8wekyb3d8bbwe?ms-resource://Microsoft.WindowsCalculator/Resources/AppStoreName}
	Modifying User:	NT SERVICE\mpssvc
	Modifying Application:	C:\Windows\System32\svchost.exe"
Information,2/12/2023 4:32:11 PM,Microsoft-Windows-Windows Firewall With Advanced Security,2006,None,"A rule has been deleted in the Windows Defender Firewall exception list.

Deleted Rule:
	Rule ID:	{BB8D35D7-1D67-4AEA-9C4F-BCF310877510}
	Rule Name:	@{Microsoft.WindowsCalculator_10.1906.55.0_x64__8wekyb3d8bbwe?ms-resource://Microsoft.WindowsCalculator/Resources/AppStoreName}
	Modifying User:	NT SERVICE\mpssvc
	Modifying Application:	C:\Windows\System32\svchost.exe"
Information,2/12/2023 4:31:44 PM,Microsoft-Windows-Windows Firewall With Advanced Security,2004,None,"A rule has been added to the Windows Defender Firewall exception list.

Added Rule:
	Rule ID:	{3ECC8728-97FE-4F2A-8C24-5742E5E87FDB}
	Rule Name:	@{Microsoft.WindowsMaps_11.2210.6.0_x64__8wekyb3d8bbwe?ms-resource://Microsoft.WindowsMaps/Resources/AppStoreName}
	Origin:	Local
	Active:	Yes
	Direction:	Outbound
	Profiles:	Private,Domain, Public
	Action:	Allow
	Application Path:	
	Service Name:	
	Protocol:	Any
	Security Options:	None
	Edge Traversal:	None
	Modifying User:	NT SERVICE\mpssvc
	Modifying Application:	C:\Windows\System32\svchost.exe"
Information,2/12/2023 4:31:44 PM,Microsoft-Windows-Windows Firewall With Advanced Security,2004,None,"A rule has been added to the Windows Defender Firewall exception list.

Added Rule:
	Rule ID:	{87F7867C-D5C8-49A8-98F2-A7FF097FA1E6}
	Rule Name:	@{Microsoft.WindowsMaps_11.2210.6.0_x64__8wekyb3d8bbwe?ms-resource://Microsoft.WindowsMaps/Resources/AppStoreName}
	Origin:	Local
	Active:	Yes
	Direction:	Outbound
	Profiles:	Private,Domain, Public
	Action:	Allow
	Application Path:	
	Service Name:	
	Protocol:	Any
	Security Options:	None
	Edge Traversal:	None
	Modifying User:	NT SERVICE\mpssvc
	Modifying Application:	C:\Windows\System32\svchost.exe"
Information,2/12/2023 4:31:44 PM,Microsoft-Windows-Windows Firewall With Advanced Security,2004,None,"A rule has been added to the Windows Defender Firewall exception list.

Added Rule:
	Rule ID:	{815F562E-FC80-476A-A56B-20E689E2D61C}
	Rule Name:	@{Microsoft.WindowsMaps_11.2210.6.0_x64__8wekyb3d8bbwe?ms-resource://Microsoft.WindowsMaps/Resources/AppStoreName}
	Origin:	Local
	Active:	Yes
	Direction:	Outbound
	Profiles:	Private,Domain, Public
	Action:	Block
	Application Path:	
	Service Name:	
	Protocol:	Any
	Security Options:	None
	Edge Traversal:	None
	Modifying User:	NT SERVICE\mpssvc
	Modifying Application:	C:\Windows\System32\svchost.exe"
Information,2/12/2023 4:31:44 PM,Microsoft-Windows-Windows Firewall With Advanced Security,2004,None,"A rule has been added to the Windows Defender Firewall exception list.

Added Rule:
	Rule ID:	{88EF33FF-3469-490C-A8BA-EA8C35439175}
	Rule Name:	@{Microsoft.WindowsMaps_11.2210.6.0_x64__8wekyb3d8bbwe?ms-resource://Microsoft.WindowsMaps/Resources/AppStoreName}
	Origin:	Local
	Active:	Yes
	Direction:	Inbound
	Profiles:	Private,Domain, Public
	Action:	Block
	Application Path:	
	Service Name:	
	Protocol:	Any
	Security Options:	None
	Edge Traversal:	None
	Modifying User:	NT SERVICE\mpssvc
	Modifying Application:	C:\Windows\System32\svchost.exe"
Information,2/12/2023 4:31:44 PM,Microsoft-Windows-Windows Firewall With Advanced Security,2006,None,"A rule has been deleted in the Windows Defender Firewall exception list.

Deleted Rule:
	Rule ID:	{98B87B81-9C89-40D9-A61B-D21CB84BB9C0}
	Rule Name:	@{Microsoft.WindowsMaps_5.1906.1972.0_x64__8wekyb3d8bbwe?ms-resource://Microsoft.WindowsMaps/Resources/AppStoreName}
	Modifying User:	NT SERVICE\mpssvc
	Modifying Application:	C:\Windows\System32\svchost.exe"
Information,2/12/2023 4:31:44 PM,Microsoft-Windows-Windows Firewall With Advanced Security,2006,None,"A rule has been deleted in the Windows Defender Firewall exception list.

Deleted Rule:
	Rule ID:	{6B714662-2D3B-4F4F-9B23-853BF4C7573C}
	Rule Name:	@{Microsoft.WindowsMaps_5.1906.1972.0_x64__8wekyb3d8bbwe?ms-resource://Microsoft.WindowsMaps/Resources/AppStoreName}
	Modifying User:	NT SERVICE\mpssvc
	Modifying Application:	C:\Windows\System32\svchost.exe"
Information,2/12/2023 4:31:44 PM,Microsoft-Windows-Windows Firewall With Advanced Security,2006,None,"A rule has been deleted in the Windows Defender Firewall exception list.

Deleted Rule:
	Rule ID:	{F52918F3-44F4-4392-9A0F-34DCF578B0CA}
	Rule Name:	@{Microsoft.WindowsMaps_5.1906.1972.0_x64__8wekyb3d8bbwe?ms-resource://Microsoft.WindowsMaps/Resources/AppStoreName}
	Modifying User:	NT SERVICE\mpssvc
	Modifying Application:	C:\Windows\System32\svchost.exe"
Information,2/12/2023 4:31:44 PM,Microsoft-Windows-Windows Firewall With Advanced Security,2006,None,"A rule has been deleted in the Windows Defender Firewall exception list.

Deleted Rule:
	Rule ID:	{AA62E76C-E001-4865-9C39-11095E366BA7}
	Rule Name:	@{Microsoft.WindowsMaps_5.1906.1972.0_x64__8wekyb3d8bbwe?ms-resource://Microsoft.WindowsMaps/Resources/AppStoreName}
	Modifying User:	NT SERVICE\mpssvc
	Modifying Application:	C:\Windows\System32\svchost.exe"
Information,2/12/2023 4:31:11 PM,Microsoft-Windows-Windows Firewall With Advanced Security,2004,None,"A rule has been added to the Windows Defender Firewall exception list.

Added Rule:
	Rule ID:	{B3EBEA03-109D-4594-AED4-C500945BCCB0}
	Rule Name:	@{Microsoft.StorePurchaseApp_12207.44.6.0_x64__8wekyb3d8bbwe?ms-resource://Microsoft.StorePurchaseApp/Resources/DisplayTitle}
	Origin:	Local
	Active:	Yes
	Direction:	Outbound
	Profiles:	Private,Domain, Public
	Action:	Allow
	Application Path:	
	Service Name:	
	Protocol:	Any
	Security Options:	None
	Edge Traversal:	None
	Modifying User:	NT SERVICE\mpssvc
	Modifying Application:	C:\Windows\System32\svchost.exe"
Information,2/12/2023 4:31:11 PM,Microsoft-Windows-Windows Firewall With Advanced Security,2004,None,"A rule has been added to the Windows Defender Firewall exception list.

Added Rule:
	Rule ID:	{880A926D-3FE9-4E1D-AEDD-DAD5B50F3415}
	Rule Name:	@{Microsoft.StorePurchaseApp_12207.44.6.0_x64__8wekyb3d8bbwe?ms-resource://Microsoft.StorePurchaseApp/Resources/DisplayTitle}
	Origin:	Local
	Active:	Yes
	Direction:	Outbound
	Profiles:	Private,Domain, Public
	Action:	Allow
	Application Path:	
	Service Name:	
	Protocol:	Any
	Security Options:	None
	Edge Traversal:	None
	Modifying User:	NT SERVICE\mpssvc
	Modifying Application:	C:\Windows\System32\svchost.exe"
Information,2/12/2023 4:31:11 PM,Microsoft-Windows-Windows Firewall With Advanced Security,2004,None,"A rule has been added to the Windows Defender Firewall exception list.

Added Rule:
	Rule ID:	{C5555491-4280-4322-AA5A-B49F674D44A1}
	Rule Name:	@{Microsoft.StorePurchaseApp_12207.44.6.0_x64__8wekyb3d8bbwe?ms-resource://Microsoft.StorePurchaseApp/Resources/DisplayTitle}
	Origin:	Local
	Active:	Yes
	Direction:	Outbound
	Profiles:	Private,Domain, Public
	Action:	Block
	Application Path:	
	Service Name:	
	Protocol:	Any
	Security Options:	None
	Edge Traversal:	None
	Modifying User:	NT SERVICE\mpssvc
	Modifying Application:	C:\Windows\System32\svchost.exe"
Information,2/12/2023 4:31:11 PM,Microsoft-Windows-Windows Firewall With Advanced Security,2004,None,"A rule has been added to the Windows Defender Firewall exception list.

Added Rule:
	Rule ID:	{CD474D38-D9FA-4106-B6BA-275CACEA66E8}
	Rule Name:	@{Microsoft.StorePurchaseApp_12207.44.6.0_x64__8wekyb3d8bbwe?ms-resource://Microsoft.StorePurchaseApp/Resources/DisplayTitle}
	Origin:	Local
	Active:	Yes
	Direction:	Inbound
	Profiles:	Private,Domain, Public
	Action:	Block
	Application Path:	
	Service Name:	
	Protocol:	Any
	Security Options:	None
	Edge Traversal:	None
	Modifying User:	NT SERVICE\mpssvc
	Modifying Application:	C:\Windows\System32\svchost.exe"
Information,2/12/2023 4:31:11 PM,Microsoft-Windows-Windows Firewall With Advanced Security,2006,None,"A rule has been deleted in the Windows Defender Firewall exception list.

Deleted Rule:
	Rule ID:	{AB14B0ED-8DFC-424B-A503-2A33E6D087D6}
	Rule Name:	@{Microsoft.StorePurchaseApp_11811.1001.18.0_x64__8wekyb3d8bbwe?ms-resource://Microsoft.StorePurchaseApp/Resources/DisplayTitle}
	Modifying User:	NT SERVICE\mpssvc
	Modifying Application:	C:\Windows\System32\svchost.exe"
Information,2/12/2023 4:31:11 PM,Microsoft-Windows-Windows Firewall With Advanced Security,2006,None,"A rule has been deleted in the Windows Defender Firewall exception list.

Deleted Rule:
	Rule ID:	{B5984BE5-3ED5-4678-BE4E-E5B47BCC6C8E}
	Rule Name:	@{Microsoft.StorePurchaseApp_11811.1001.18.0_x64__8wekyb3d8bbwe?ms-resource://Microsoft.StorePurchaseApp/Resources/DisplayTitle}
	Modifying User:	NT SERVICE\mpssvc
	Modifying Application:	C:\Windows\System32\svchost.exe"
Information,2/12/2023 4:31:11 PM,Microsoft-Windows-Windows Firewall With Advanced Security,2006,None,"A rule has been deleted in the Windows Defender Firewall exception list.

Deleted Rule:
	Rule ID:	{66FCA624-8705-433C-9DB9-685FBF9CB693}
	Rule Name:	@{Microsoft.StorePurchaseApp_11811.1001.18.0_x64__8wekyb3d8bbwe?ms-resource://Microsoft.StorePurchaseApp/Resources/DisplayTitle}
	Modifying User:	NT SERVICE\mpssvc
	Modifying Application:	C:\Windows\System32\svchost.exe"
Information,2/12/2023 4:31:11 PM,Microsoft-Windows-Windows Firewall With Advanced Security,2006,None,"A rule has been deleted in the Windows Defender Firewall exception list.

Deleted Rule:
	Rule ID:	{4F4267E7-E9D5-4618-9B29-3EB107E5D886}
	Rule Name:	@{Microsoft.StorePurchaseApp_11811.1001.18.0_x64__8wekyb3d8bbwe?ms-resource://Microsoft.StorePurchaseApp/Resources/DisplayTitle}
	Modifying User:	NT SERVICE\mpssvc
	Modifying Application:	C:\Windows\System32\svchost.exe"
Information,2/12/2023 4:31:02 PM,Microsoft-Windows-Windows Firewall With Advanced Security,2004,None,"A rule has been added to the Windows Defender Firewall exception list.

Added Rule:
	Rule ID:	{1A456A47-1BB0-4CF8-8BC2-83AD32B37EAE}
	Rule Name:	@{Microsoft.XboxIdentityProvider_12.95.3001.0_x64__8wekyb3d8bbwe?ms-resource://Microsoft.XboxIdentityProvider/Resources/DisplayName}
	Origin:	Local
	Active:	Yes
	Direction:	Outbound
	Profiles:	Private,Domain, Public
	Action:	Allow
	Application Path:	
	Service Name:	
	Protocol:	Any
	Security Options:	None
	Edge Traversal:	None
	Modifying User:	NT SERVICE\mpssvc
	Modifying Application:	C:\Windows\System32\svchost.exe"
Information,2/12/2023 4:31:02 PM,Microsoft-Windows-Windows Firewall With Advanced Security,2004,None,"A rule has been added to the Windows Defender Firewall exception list.

Added Rule:
	Rule ID:	{9D2FFDEB-7E4C-449E-A754-0B5289C92B06}
	Rule Name:	@{Microsoft.XboxIdentityProvider_12.95.3001.0_x64__8wekyb3d8bbwe?ms-resource://Microsoft.XboxIdentityProvider/Resources/DisplayName}
	Origin:	Local
	Active:	Yes
	Direction:	Outbound
	Profiles:	Private,Domain, Public
	Action:	Allow
	Application Path:	
	Service Name:	
	Protocol:	Any
	Security Options:	None
	Edge Traversal:	None
	Modifying User:	NT SERVICE\mpssvc
	Modifying Application:	C:\Windows\System32\svchost.exe"
Information,2/12/2023 4:31:02 PM,Microsoft-Windows-Windows Firewall With Advanced Security,2004,None,"A rule has been added to the Windows Defender Firewall exception list.

Added Rule:
	Rule ID:	{0C6FF168-34F1-4E3F-8F19-1EEB5BE927D1}
	Rule Name:	@{Microsoft.XboxIdentityProvider_12.95.3001.0_x64__8wekyb3d8bbwe?ms-resource://Microsoft.XboxIdentityProvider/Resources/DisplayName}
	Origin:	Local
	Active:	Yes
	Direction:	Outbound
	Profiles:	Private,Domain, Public
	Action:	Block
	Application Path:	
	Service Name:	
	Protocol:	Any
	Security Options:	None
	Edge Traversal:	None
	Modifying User:	NT SERVICE\mpssvc
	Modifying Application:	C:\Windows\System32\svchost.exe"
Information,2/12/2023 4:31:02 PM,Microsoft-Windows-Windows Firewall With Advanced Security,2004,None,"A rule has been added to the Windows Defender Firewall exception list.

Added Rule:
	Rule ID:	{9C9298DD-8811-42EF-A357-4E277DC4B04B}
	Rule Name:	@{Microsoft.XboxIdentityProvider_12.95.3001.0_x64__8wekyb3d8bbwe?ms-resource://Microsoft.XboxIdentityProvider/Resources/DisplayName}
	Origin:	Local
	Active:	Yes
	Direction:	Inbound
	Profiles:	Private,Domain, Public
	Action:	Block
	Application Path:	
	Service Name:	
	Protocol:	Any
	Security Options:	None
	Edge Traversal:	None
	Modifying User:	NT SERVICE\mpssvc
	Modifying Application:	C:\Windows\System32\svchost.exe"
Information,2/12/2023 4:31:02 PM,Microsoft-Windows-Windows Firewall With Advanced Security,2006,None,"A rule has been deleted in the Windows Defender Firewall exception list.

Deleted Rule:
	Rule ID:	{E59A7C76-0A30-4A1B-9A6F-834FA02785A9}
	Rule Name:	@{Microsoft.XboxIdentityProvider_12.50.6001.0_x64__8wekyb3d8bbwe?ms-resource://Microsoft.XboxIdentityProvider/Resources/DisplayName}
	Modifying User:	NT SERVICE\mpssvc
	Modifying Application:	C:\Windows\System32\svchost.exe"
Information,2/12/2023 4:31:02 PM,Microsoft-Windows-Windows Firewall With Advanced Security,2006,None,"A rule has been deleted in the Windows Defender Firewall exception list.

Deleted Rule:
	Rule ID:	{59CD1EF6-E443-4855-98DC-60A04C40B9D7}
	Rule Name:	@{Microsoft.XboxIdentityProvider_12.50.6001.0_x64__8wekyb3d8bbwe?ms-resource://Microsoft.XboxIdentityProvider/Resources/DisplayName}
	Modifying User:	NT SERVICE\mpssvc
	Modifying Application:	C:\Windows\System32\svchost.exe"
Information,2/12/2023 4:31:02 PM,Microsoft-Windows-Windows Firewall With Advanced Security,2006,None,"A rule has been deleted in the Windows Defender Firewall exception list.

Deleted Rule:
	Rule ID:	{1BC0BF47-73AE-4CEB-B70A-5134CBEB3F21}
	Rule Name:	@{Microsoft.XboxIdentityProvider_12.50.6001.0_x64__8wekyb3d8bbwe?ms-resource://Microsoft.XboxIdentityProvider/Resources/DisplayName}
	Modifying User:	NT SERVICE\mpssvc
	Modifying Application:	C:\Windows\System32\svchost.exe"
Information,2/12/2023 4:31:02 PM,Microsoft-Windows-Windows Firewall With Advanced Security,2006,None,"A rule has been deleted in the Windows Defender Firewall exception list.

Deleted Rule:
	Rule ID:	{B4285E2C-D00C-4232-95AA-1C9E31ECE6F0}
	Rule Name:	@{Microsoft.XboxIdentityProvider_12.50.6001.0_x64__8wekyb3d8bbwe?ms-resource://Microsoft.XboxIdentityProvider/Resources/DisplayName}
	Modifying User:	NT SERVICE\mpssvc
	Modifying Application:	C:\Windows\System32\svchost.exe"
Information,2/12/2023 4:30:49 PM,Microsoft-Windows-Windows Firewall With Advanced Security,2004,None,"A rule has been added to the Windows Defender Firewall exception list.

Added Rule:
	Rule ID:	{A0963500-A4D5-40F9-863A-F20DA61DE7CC}
	Rule Name:	Cortana
	Origin:	Local
	Active:	Yes
	Direction:	Inbound
	Profiles:	Private,Domain, Public
	Action:	Allow
	Application Path:	
	Service Name:	
	Protocol:	Any
	Security Options:	None
	Edge Traversal:	Allow
	Modifying User:	NT SERVICE\mpssvc
	Modifying Application:	C:\Windows\System32\svchost.exe"
Information,2/12/2023 4:30:49 PM,Microsoft-Windows-Windows Firewall With Advanced Security,2004,None,"A rule has been added to the Windows Defender Firewall exception list.

Added Rule:
	Rule ID:	{0506D837-4F45-4095-839E-877DB2E03EA4}
	Rule Name:	Cortana
	Origin:	Local
	Active:	Yes
	Direction:	Outbound
	Profiles:	Private,Domain, Public
	Action:	Allow
	Application Path:	
	Service Name:	
	Protocol:	Any
	Security Options:	None
	Edge Traversal:	None
	Modifying User:	NT SERVICE\mpssvc
	Modifying Application:	C:\Windows\System32\svchost.exe"
Information,2/12/2023 4:30:49 PM,Microsoft-Windows-Windows Firewall With Advanced Security,2004,None,"A rule has been added to the Windows Defender Firewall exception list.

Added Rule:
	Rule ID:	{BFDB6AD9-4302-4C2F-A4FF-232D4275D41A}
	Rule Name:	Cortana
	Origin:	Local
	Active:	Yes
	Direction:	Outbound
	Profiles:	Private,Domain, Public
	Action:	Allow
	Application Path:	
	Service Name:	
	Protocol:	Any
	Security Options:	None
	Edge Traversal:	None
	Modifying User:	NT SERVICE\mpssvc
	Modifying Application:	C:\Windows\System32\svchost.exe"
Information,2/12/2023 4:30:49 PM,Microsoft-Windows-Windows Firewall With Advanced Security,2004,None,"A rule has been added to the Windows Defender Firewall exception list.

Added Rule:
	Rule ID:	{B315A4B9-A392-4F3E-B6A0-5A12CE0B6235}
	Rule Name:	Cortana
	Origin:	Local
	Active:	Yes
	Direction:	Inbound
	Profiles:	Private,Domain, Public
	Action:	Allow
	Application Path:	
	Service Name:	
	Protocol:	Any
	Security Options:	None
	Edge Traversal:	None
	Modifying User:	NT SERVICE\mpssvc
	Modifying Application:	C:\Windows\System32\svchost.exe"
Information,2/12/2023 4:30:49 PM,Microsoft-Windows-Windows Firewall With Advanced Security,2004,None,"A rule has been added to the Windows Defender Firewall exception list.

Added Rule:
	Rule ID:	{45E81923-82A4-4F3F-AEDA-0D206750B8F8}
	Rule Name:	Cortana
	Origin:	Local
	Active:	Yes
	Direction:	Outbound
	Profiles:	Public, Private
	Action:	Allow
	Application Path:	
	Service Name:	
	Protocol:	Any
	Security Options:	Require Authentication
	Edge Traversal:	None
	Modifying User:	NT SERVICE\mpssvc
	Modifying Application:	C:\Windows\System32\svchost.exe"
Information,2/12/2023 4:30:49 PM,Microsoft-Windows-Windows Firewall With Advanced Security,2004,None,"A rule has been added to the Windows Defender Firewall exception list.

Added Rule:
	Rule ID:	{3B9BA162-E61A-42E3-ADB3-CFDED0E75693}
	Rule Name:	Cortana
	Origin:	Local
	Active:	Yes
	Direction:	Inbound
	Profiles:	Public, Private
	Action:	Allow
	Application Path:	
	Service Name:	
	Protocol:	Any
	Security Options:	Require Authentication
	Edge Traversal:	None
	Modifying User:	NT SERVICE\mpssvc
	Modifying Application:	C:\Windows\System32\svchost.exe"
Information,2/12/2023 4:30:49 PM,Microsoft-Windows-Windows Firewall With Advanced Security,2004,None,"A rule has been added to the Windows Defender Firewall exception list.

Added Rule:
	Rule ID:	{768CB443-4C84-40F5-9EE7-7A8DA4ACD62A}
	Rule Name:	Cortana
	Origin:	Local
	Active:	Yes
	Direction:	Outbound
	Profiles:	Private,Domain, Public
	Action:	Allow
	Application Path:	
	Service Name:	
	Protocol:	Any
	Security Options:	None
	Edge Traversal:	None
	Modifying User:	NT SERVICE\mpssvc
	Modifying Application:	C:\Windows\System32\svchost.exe"
Information,2/12/2023 4:30:49 PM,Microsoft-Windows-Windows Firewall With Advanced Security,2004,None,"A rule has been added to the Windows Defender Firewall exception list.

Added Rule:
	Rule ID:	{878A2E0A-078D-4DE8-9BA4-E57CD8514E36}
	Rule Name:	Cortana
	Origin:	Local
	Active:	Yes
	Direction:	Inbound
	Profiles:	Private,Domain, Public
	Action:	Allow
	Application Path:	
	Service Name:	
	Protocol:	Any
	Security Options:	None
	Edge Traversal:	None
	Modifying User:	NT SERVICE\mpssvc
	Modifying Application:	C:\Windows\System32\svchost.exe"
Information,2/12/2023 4:30:49 PM,Microsoft-Windows-Windows Firewall With Advanced Security,2004,None,"A rule has been added to the Windows Defender Firewall exception list.

Added Rule:
	Rule ID:	{96B521D8-7ADC-42EB-8BCD-946399AFE14E}
	Rule Name:	Cortana
	Origin:	Local
	Active:	Yes
	Direction:	Outbound
	Profiles:	Private,Domain, Public
	Action:	Block
	Application Path:	
	Service Name:	
	Protocol:	Any
	Security Options:	None
	Edge Traversal:	None
	Modifying User:	NT SERVICE\mpssvc
	Modifying Application:	C:\Windows\System32\svchost.exe"
Information,2/12/2023 4:30:49 PM,Microsoft-Windows-Windows Firewall With Advanced Security,2004,None,"A rule has been added to the Windows Defender Firewall exception list.

Added Rule:
	Rule ID:	{1F5AB608-FD4E-41CC-8932-BE86591A9062}
	Rule Name:	Cortana
	Origin:	Local
	Active:	Yes
	Direction:	Inbound
	Profiles:	Private,Domain, Public
	Action:	Block
	Application Path:	
	Service Name:	
	Protocol:	Any
	Security Options:	None
	Edge Traversal:	None
	Modifying User:	NT SERVICE\mpssvc
	Modifying Application:	C:\Windows\System32\svchost.exe"
Information,2/12/2023 4:30:49 PM,Microsoft-Windows-Windows Firewall With Advanced Security,2006,None,"A rule has been deleted in the Windows Defender Firewall exception list.

Deleted Rule:
	Rule ID:	{37CD2F15-EED1-4F6B-BCF4-627BBB1DF117}
	Rule Name:	Cortana
	Modifying User:	NT SERVICE\mpssvc
	Modifying Application:	C:\Windows\System32\svchost.exe"
Information,2/12/2023 4:30:49 PM,Microsoft-Windows-Windows Firewall With Advanced Security,2006,None,"A rule has been deleted in the Windows Defender Firewall exception list.

Deleted Rule:
	Rule ID:	{EB5C09B7-D94C-453F-B15D-8798A102B5C6}
	Rule Name:	Cortana
	Modifying User:	NT SERVICE\mpssvc
	Modifying Application:	C:\Windows\System32\svchost.exe"
Information,2/12/2023 4:30:49 PM,Microsoft-Windows-Windows Firewall With Advanced Security,2006,None,"A rule has been deleted in the Windows Defender Firewall exception list.

Deleted Rule:
	Rule ID:	{3094F5F1-4DB2-4DAD-99D0-89DEF98C0443}
	Rule Name:	Cortana
	Modifying User:	NT SERVICE\mpssvc
	Modifying Application:	C:\Windows\System32\svchost.exe"
Information,2/12/2023 4:30:49 PM,Microsoft-Windows-Windows Firewall With Advanced Security,2006,None,"A rule has been deleted in the Windows Defender Firewall exception list.

Deleted Rule:
	Rule ID:	{13FD433C-E1F2-4180-93D8-C7E9765C8883}
	Rule Name:	Cortana
	Modifying User:	NT SERVICE\mpssvc
	Modifying Application:	C:\Windows\System32\svchost.exe"
Information,2/12/2023 4:30:49 PM,Microsoft-Windows-Windows Firewall With Advanced Security,2006,None,"A rule has been deleted in the Windows Defender Firewall exception list.

Deleted Rule:
	Rule ID:	{279219E8-185F-439A-8B5B-394E06641A5D}
	Rule Name:	Cortana
	Modifying User:	NT SERVICE\mpssvc
	Modifying Application:	C:\Windows\System32\svchost.exe"
Information,2/12/2023 4:30:49 PM,Microsoft-Windows-Windows Firewall With Advanced Security,2006,None,"A rule has been deleted in the Windows Defender Firewall exception list.

Deleted Rule:
	Rule ID:	{AD7A9BFF-A535-4D93-9C04-77F8E72058DF}
	Rule Name:	Cortana
	Modifying User:	NT SERVICE\mpssvc
	Modifying Application:	C:\Windows\System32\svchost.exe"
Information,2/12/2023 4:30:49 PM,Microsoft-Windows-Windows Firewall With Advanced Security,2006,None,"A rule has been deleted in the Windows Defender Firewall exception list.

Deleted Rule:
	Rule ID:	{1085B50A-F7F9-4FAA-91F0-4EF71CFD4EBF}
	Rule Name:	Cortana
	Modifying User:	NT SERVICE\mpssvc
	Modifying Application:	C:\Windows\System32\svchost.exe"
Information,2/12/2023 4:30:49 PM,Microsoft-Windows-Windows Firewall With Advanced Security,2006,None,"A rule has been deleted in the Windows Defender Firewall exception list.

Deleted Rule:
	Rule ID:	{05B65F7E-571C-4AD3-9E84-A7D01A1483B6}
	Rule Name:	Cortana
	Modifying User:	NT SERVICE\mpssvc
	Modifying Application:	C:\Windows\System32\svchost.exe"
Information,2/12/2023 4:30:49 PM,Microsoft-Windows-Windows Firewall With Advanced Security,2006,None,"A rule has been deleted in the Windows Defender Firewall exception list.

Deleted Rule:
	Rule ID:	{0BA299BB-7D3C-4321-94DC-0D1FEF4DB747}
	Rule Name:	Cortana
	Modifying User:	NT SERVICE\mpssvc
	Modifying Application:	C:\Windows\System32\svchost.exe"
Information,2/12/2023 4:30:49 PM,Microsoft-Windows-Windows Firewall With Advanced Security,2006,None,"A rule has been deleted in the Windows Defender Firewall exception list.

Deleted Rule:
	Rule ID:	{E8B5F4CA-5B1E-4F2E-95D0-5518118EF08D}
	Rule Name:	Cortana
	Modifying User:	NT SERVICE\mpssvc
	Modifying Application:	C:\Windows\System32\svchost.exe"
Information,2/12/2023 4:29:34 PM,Microsoft-Windows-Windows Firewall With Advanced Security,2004,None,"A rule has been added to the Windows Defender Firewall exception list.

Added Rule:
	Rule ID:	{E4A12859-46B6-40F2-9620-2D8330D0E154}
	Rule Name:	@{Microsoft.VP9VideoExtensions_1.0.52781.0_x64__8wekyb3d8bbwe?ms-resource://Microsoft.VP9VideoExtensions/Resources/AppStoreName}
	Origin:	Local
	Active:	Yes
	Direction:	Outbound
	Profiles:	Private,Domain, Public
	Action:	Block
	Application Path:	
	Service Name:	
	Protocol:	Any
	Security Options:	None
	Edge Traversal:	None
	Modifying User:	NT SERVICE\mpssvc
	Modifying Application:	C:\Windows\System32\svchost.exe"
Information,2/12/2023 4:29:34 PM,Microsoft-Windows-Windows Firewall With Advanced Security,2004,None,"A rule has been added to the Windows Defender Firewall exception list.

Added Rule:
	Rule ID:	{1802B789-3500-4966-BD3E-4126906C96A9}
	Rule Name:	@{Microsoft.VP9VideoExtensions_1.0.52781.0_x64__8wekyb3d8bbwe?ms-resource://Microsoft.VP9VideoExtensions/Resources/AppStoreName}
	Origin:	Local
	Active:	Yes
	Direction:	Inbound
	Profiles:	Private,Domain, Public
	Action:	Block
	Application Path:	
	Service Name:	
	Protocol:	Any
	Security Options:	None
	Edge Traversal:	None
	Modifying User:	NT SERVICE\mpssvc
	Modifying Application:	C:\Windows\System32\svchost.exe"
Information,2/12/2023 4:29:34 PM,Microsoft-Windows-Windows Firewall With Advanced Security,2006,None,"A rule has been deleted in the Windows Defender Firewall exception list.

Deleted Rule:
	Rule ID:	{DC9F5F6C-62F5-43EE-AC99-3DD99414F349}
	Rule Name:	@{Microsoft.VP9VideoExtensions_1.0.22681.0_x64__8wekyb3d8bbwe?ms-resource://Microsoft.VP9VideoExtensions/Resources/AppStoreName}
	Modifying User:	NT SERVICE\mpssvc
	Modifying Application:	C:\Windows\System32\svchost.exe"
Information,2/12/2023 4:29:34 PM,Microsoft-Windows-Windows Firewall With Advanced Security,2006,None,"A rule has been deleted in the Windows Defender Firewall exception list.

Deleted Rule:
	Rule ID:	{9228F698-9EE3-4308-8196-BCFD29E82BB2}
	Rule Name:	@{Microsoft.VP9VideoExtensions_1.0.22681.0_x64__8wekyb3d8bbwe?ms-resource://Microsoft.VP9VideoExtensions/Resources/AppStoreName}
	Modifying User:	NT SERVICE\mpssvc
	Modifying Application:	C:\Windows\System32\svchost.exe"
Information,2/12/2023 4:29:07 PM,Microsoft-Windows-Windows Firewall With Advanced Security,2004,None,"A rule has been added to the Windows Defender Firewall exception list.

Added Rule:
	Rule ID:	{0B7A3B0A-2765-4B7F-BBDB-4B53EE357A1B}
	Rule Name:	@{Microsoft.XboxSpeechToTextOverlay_1.21.13002.0_x64__8wekyb3d8bbwe?ms-resource://Microsoft.XboxSpeechToTextOverlay/Resources/AppName}
	Origin:	Local
	Active:	Yes
	Direction:	Outbound
	Profiles:	Private,Domain, Public
	Action:	Block
	Application Path:	
	Service Name:	
	Protocol:	Any
	Security Options:	None
	Edge Traversal:	None
	Modifying User:	NT SERVICE\mpssvc
	Modifying Application:	C:\Windows\System32\svchost.exe"
Information,2/12/2023 4:29:07 PM,Microsoft-Windows-Windows Firewall With Advanced Security,2004,None,"A rule has been added to the Windows Defender Firewall exception list.

Added Rule:
	Rule ID:	{2A7369BC-267F-43F1-8BE9-50CF12A76B50}
	Rule Name:	@{Microsoft.XboxSpeechToTextOverlay_1.21.13002.0_x64__8wekyb3d8bbwe?ms-resource://Microsoft.XboxSpeechToTextOverlay/Resources/AppName}
	Origin:	Local
	Active:	Yes
	Direction:	Inbound
	Profiles:	Private,Domain, Public
	Action:	Block
	Application Path:	
	Service Name:	
	Protocol:	Any
	Security Options:	None
	Edge Traversal:	None
	Modifying User:	NT SERVICE\mpssvc
	Modifying Application:	C:\Windows\System32\svchost.exe"
Information,2/12/2023 4:29:07 PM,Microsoft-Windows-Windows Firewall With Advanced Security,2006,None,"A rule has been deleted in the Windows Defender Firewall exception list.

Deleted Rule:
	Rule ID:	{57A78166-898B-4CE4-A0D5-0DE6F5E03BD4}
	Rule Name:	@{Microsoft.XboxSpeechToTextOverlay_1.17.29001.0_x64__8wekyb3d8bbwe?ms-resource://Microsoft.XboxSpeechToTextOverlay/Resources/AppName}
	Modifying User:	NT SERVICE\mpssvc
	Modifying Application:	C:\Windows\System32\svchost.exe"
Information,2/12/2023 4:29:07 PM,Microsoft-Windows-Windows Firewall With Advanced Security,2006,None,"A rule has been deleted in the Windows Defender Firewall exception list.

Deleted Rule:
	Rule ID:	{A4193F5D-3464-4941-BA16-53BC85730AEB}
	Rule Name:	@{Microsoft.XboxSpeechToTextOverlay_1.17.29001.0_x64__8wekyb3d8bbwe?ms-resource://Microsoft.XboxSpeechToTextOverlay/Resources/AppName}
	Modifying User:	NT SERVICE\mpssvc
	Modifying Application:	C:\Windows\System32\svchost.exe"
Information,2/12/2023 4:28:44 PM,Microsoft-Windows-Windows Firewall With Advanced Security,2004,None,"A rule has been added to the Windows Defender Firewall exception list.

Added Rule:
	Rule ID:	{1D5B67A5-C691-4827-B503-AE01281981E6}
	Rule Name:	Microsoft Store
	Origin:	Local
	Active:	Yes
	Direction:	Inbound
	Profiles:	Private,Domain, Public
	Action:	Allow
	Application Path:	
	Service Name:	
	Protocol:	Any
	Security Options:	None
	Edge Traversal:	Allow
	Modifying User:	NT SERVICE\mpssvc
	Modifying Application:	C:\Windows\System32\svchost.exe"
Information,2/12/2023 4:28:44 PM,Microsoft-Windows-Windows Firewall With Advanced Security,2004,None,"A rule has been added to the Windows Defender Firewall exception list.

Added Rule:
	Rule ID:	{4825E896-710D-4B47-93C9-E55774E6B774}
	Rule Name:	Microsoft Store
	Origin:	Local
	Active:	Yes
	Direction:	Outbound
	Profiles:	Private,Domain, Public
	Action:	Allow
	Application Path:	
	Service Name:	
	Protocol:	Any
	Security Options:	None
	Edge Traversal:	None
	Modifying User:	NT SERVICE\mpssvc
	Modifying Application:	C:\Windows\System32\svchost.exe"
Information,2/12/2023 4:28:44 PM,Microsoft-Windows-Windows Firewall With Advanced Security,2004,None,"A rule has been added to the Windows Defender Firewall exception list.

Added Rule:
	Rule ID:	{6E141DAB-5435-41BA-9E34-B458BD279B6D}
	Rule Name:	Microsoft Store
	Origin:	Local
	Active:	Yes
	Direction:	Outbound
	Profiles:	Private,Domain, Public
	Action:	Allow
	Application Path:	
	Service Name:	
	Protocol:	Any
	Security Options:	None
	Edge Traversal:	None
	Modifying User:	NT SERVICE\mpssvc
	Modifying Application:	C:\Windows\System32\svchost.exe"
Information,2/12/2023 4:28:44 PM,Microsoft-Windows-Windows Firewall With Advanced Security,2004,None,"A rule has been added to the Windows Defender Firewall exception list.

Added Rule:
	Rule ID:	{0AF58E8D-9D38-48A2-BCB6-E519217352A4}
	Rule Name:	Microsoft Store
	Origin:	Local
	Active:	Yes
	Direction:	Inbound
	Profiles:	Private,Domain, Public
	Action:	Allow
	Application Path:	
	Service Name:	
	Protocol:	Any
	Security Options:	None
	Edge Traversal:	None
	Modifying User:	NT SERVICE\mpssvc
	Modifying Application:	C:\Windows\System32\svchost.exe"
Information,2/12/2023 4:28:44 PM,Microsoft-Windows-Windows Firewall With Advanced Security,2004,None,"A rule has been added to the Windows Defender Firewall exception list.

Added Rule:
	Rule ID:	{00B81AF1-494F-45F4-8D74-54E27162C585}
	Rule Name:	Microsoft Store
	Origin:	Local
	Active:	Yes
	Direction:	Outbound
	Profiles:	Public, Private
	Action:	Allow
	Application Path:	
	Service Name:	
	Protocol:	Any
	Security Options:	Require Authentication
	Edge Traversal:	None
	Modifying User:	NT SERVICE\mpssvc
	Modifying Application:	C:\Windows\System32\svchost.exe"
Information,2/12/2023 4:28:44 PM,Microsoft-Windows-Windows Firewall With Advanced Security,2004,None,"A rule has been added to the Windows Defender Firewall exception list.

Added Rule:
	Rule ID:	{5A893E6D-C3AA-404F-B1BF-B27E053E7ABB}
	Rule Name:	Microsoft Store
	Origin:	Local
	Active:	Yes
	Direction:	Inbound
	Profiles:	Public, Private
	Action:	Allow
	Application Path:	
	Service Name:	
	Protocol:	Any
	Security Options:	Require Authentication
	Edge Traversal:	None
	Modifying User:	NT SERVICE\mpssvc
	Modifying Application:	C:\Windows\System32\svchost.exe"
Information,2/12/2023 4:28:44 PM,Microsoft-Windows-Windows Firewall With Advanced Security,2004,None,"A rule has been added to the Windows Defender Firewall exception list.

Added Rule:
	Rule ID:	{327008CF-C2D7-40E0-A77D-0B3DA6B0E0A4}
	Rule Name:	Microsoft Store
	Origin:	Local
	Active:	Yes
	Direction:	Outbound
	Profiles:	Private,Domain, Public
	Action:	Allow
	Application Path:	
	Service Name:	
	Protocol:	Any
	Security Options:	None
	Edge Traversal:	None
	Modifying User:	NT SERVICE\mpssvc
	Modifying Application:	C:\Windows\System32\svchost.exe"
Information,2/12/2023 4:28:44 PM,Microsoft-Windows-Windows Firewall With Advanced Security,2004,None,"A rule has been added to the Windows Defender Firewall exception list.

Added Rule:
	Rule ID:	{CD403442-0656-4E0E-AA44-AC790438B231}
	Rule Name:	Microsoft Store
	Origin:	Local
	Active:	Yes
	Direction:	Inbound
	Profiles:	Private,Domain, Public
	Action:	Allow
	Application Path:	
	Service Name:	
	Protocol:	Any
	Security Options:	None
	Edge Traversal:	None
	Modifying User:	NT SERVICE\mpssvc
	Modifying Application:	C:\Windows\System32\svchost.exe"
Information,2/12/2023 4:28:44 PM,Microsoft-Windows-Windows Firewall With Advanced Security,2004,None,"A rule has been added to the Windows Defender Firewall exception list.

Added Rule:
	Rule ID:	{984EF855-12A0-42BD-9622-3B3B048F5F3A}
	Rule Name:	Microsoft Store
	Origin:	Local
	Active:	Yes
	Direction:	Outbound
	Profiles:	Private,Domain, Public
	Action:	Block
	Application Path:	
	Service Name:	
	Protocol:	Any
	Security Options:	None
	Edge Traversal:	None
	Modifying User:	NT SERVICE\mpssvc
	Modifying Application:	C:\Windows\System32\svchost.exe"
Information,2/12/2023 4:28:44 PM,Microsoft-Windows-Windows Firewall With Advanced Security,2004,None,"A rule has been added to the Windows Defender Firewall exception list.

Added Rule:
	Rule ID:	{DFADC457-A97A-4D91-9AB8-6C498947838C}
	Rule Name:	Microsoft Store
	Origin:	Local
	Active:	Yes
	Direction:	Inbound
	Profiles:	Private,Domain, Public
	Action:	Block
	Application Path:	
	Service Name:	
	Protocol:	Any
	Security Options:	None
	Edge Traversal:	None
	Modifying User:	NT SERVICE\mpssvc
	Modifying Application:	C:\Windows\System32\svchost.exe"
Information,2/12/2023 4:28:44 PM,Microsoft-Windows-Windows Firewall With Advanced Security,2006,None,"A rule has been deleted in the Windows Defender Firewall exception list.

Deleted Rule:
	Rule ID:	{9B0AAD59-0A6D-4809-A2B3-F15B0C7435C6}
	Rule Name:	@{Microsoft.WindowsStore_11910.1002.5.0_x64__8wekyb3d8bbwe?ms-resource://Microsoft.WindowsStore/Resources/StoreTitle}
	Modifying User:	NT SERVICE\mpssvc
	Modifying Application:	C:\Windows\System32\svchost.exe"
Information,2/12/2023 4:28:44 PM,Microsoft-Windows-Windows Firewall With Advanced Security,2006,None,"A rule has been deleted in the Windows Defender Firewall exception list.

Deleted Rule:
	Rule ID:	{634AD9CC-C5DC-4321-9CDA-1A1CBDE2677A}
	Rule Name:	@{Microsoft.WindowsStore_11910.1002.5.0_x64__8wekyb3d8bbwe?ms-resource://Microsoft.WindowsStore/Resources/StoreTitle}
	Modifying User:	NT SERVICE\mpssvc
	Modifying Application:	C:\Windows\System32\svchost.exe"
Information,2/12/2023 4:28:44 PM,Microsoft-Windows-Windows Firewall With Advanced Security,2006,None,"A rule has been deleted in the Windows Defender Firewall exception list.

Deleted Rule:
	Rule ID:	{7F285E74-28DF-4B32-BD2E-46D7AFA92E17}
	Rule Name:	@{Microsoft.WindowsStore_11910.1002.5.0_x64__8wekyb3d8bbwe?ms-resource://Microsoft.WindowsStore/Resources/StoreTitle}
	Modifying User:	NT SERVICE\mpssvc
	Modifying Application:	C:\Windows\System32\svchost.exe"
Information,2/12/2023 4:28:44 PM,Microsoft-Windows-Windows Firewall With Advanced Security,2006,None,"A rule has been deleted in the Windows Defender Firewall exception list.

Deleted Rule:
	Rule ID:	{E34A93EB-EB29-4F7B-AA73-062FBB90E1D2}
	Rule Name:	@{Microsoft.WindowsStore_11910.1002.5.0_x64__8wekyb3d8bbwe?ms-resource://Microsoft.WindowsStore/Resources/StoreTitle}
	Modifying User:	NT SERVICE\mpssvc
	Modifying Application:	C:\Windows\System32\svchost.exe"
Information,2/12/2023 4:28:44 PM,Microsoft-Windows-Windows Firewall With Advanced Security,2006,None,"A rule has been deleted in the Windows Defender Firewall exception list.

Deleted Rule:
	Rule ID:	{B8EAA482-CA63-4CD1-9510-41EE476F8C6B}
	Rule Name:	@{Microsoft.WindowsStore_11910.1002.5.0_x64__8wekyb3d8bbwe?ms-resource://Microsoft.WindowsStore/Resources/StoreTitle}
	Modifying User:	NT SERVICE\mpssvc
	Modifying Application:	C:\Windows\System32\svchost.exe"
Information,2/12/2023 4:28:44 PM,Microsoft-Windows-Windows Firewall With Advanced Security,2006,None,"A rule has been deleted in the Windows Defender Firewall exception list.

Deleted Rule:
	Rule ID:	{C6BC4212-0E4D-4711-9F8D-6F4A7605E0E3}
	Rule Name:	@{Microsoft.WindowsStore_11910.1002.5.0_x64__8wekyb3d8bbwe?ms-resource://Microsoft.WindowsStore/Resources/StoreTitle}
	Modifying User:	NT SERVICE\mpssvc
	Modifying Application:	C:\Windows\System32\svchost.exe"
Information,2/12/2023 4:28:40 PM,Microsoft-Windows-Windows Firewall With Advanced Security,2004,None,"A rule has been added to the Windows Defender Firewall exception list.

Added Rule:
	Rule ID:	{3F49A5C9-3F91-400D-BD5A-ED39207ABD7A}
	Rule Name:	@{Microsoft.HEIFImageExtension_1.0.43012.0_x64__8wekyb3d8bbwe?ms-resource://Microsoft.HEIFImageExtension/Resources/AppStoreName}
	Origin:	Local
	Active:	Yes
	Direction:	Outbound
	Profiles:	Private,Domain, Public
	Action:	Block
	Application Path:	
	Service Name:	
	Protocol:	Any
	Security Options:	None
	Edge Traversal:	None
	Modifying User:	NT SERVICE\mpssvc
	Modifying Application:	C:\Windows\System32\svchost.exe"
Information,2/12/2023 4:28:40 PM,Microsoft-Windows-Windows Firewall With Advanced Security,2004,None,"A rule has been added to the Windows Defender Firewall exception list.

Added Rule:
	Rule ID:	{D17A3C56-AD4B-442D-B24F-6E0F2A68ACAA}
	Rule Name:	@{Microsoft.HEIFImageExtension_1.0.43012.0_x64__8wekyb3d8bbwe?ms-resource://Microsoft.HEIFImageExtension/Resources/AppStoreName}
	Origin:	Local
	Active:	Yes
	Direction:	Inbound
	Profiles:	Private,Domain, Public
	Action:	Block
	Application Path:	
	Service Name:	
	Protocol:	Any
	Security Options:	None
	Edge Traversal:	None
	Modifying User:	NT SERVICE\mpssvc
	Modifying Application:	C:\Windows\System32\svchost.exe"
Information,2/12/2023 4:28:40 PM,Microsoft-Windows-Windows Firewall With Advanced Security,2006,None,"A rule has been deleted in the Windows Defender Firewall exception list.

Deleted Rule:
	Rule ID:	{07B7E73C-514F-4460-B0B0-F0D8D266CC5D}
	Rule Name:	@{Microsoft.HEIFImageExtension_1.0.22742.0_x64__8wekyb3d8bbwe?ms-resource://Microsoft.HEIFImageExtension/Resources/AppStoreName}
	Modifying User:	NT SERVICE\mpssvc
	Modifying Application:	C:\Windows\System32\svchost.exe"
Information,2/12/2023 4:28:40 PM,Microsoft-Windows-Windows Firewall With Advanced Security,2006,None,"A rule has been deleted in the Windows Defender Firewall exception list.

Deleted Rule:
	Rule ID:	{48810991-00C8-417D-8F87-E5C59C7BB1C2}
	Rule Name:	@{Microsoft.HEIFImageExtension_1.0.22742.0_x64__8wekyb3d8bbwe?ms-resource://Microsoft.HEIFImageExtension/Resources/AppStoreName}
	Modifying User:	NT SERVICE\mpssvc
	Modifying Application:	C:\Windows\System32\svchost.exe"
Information,2/12/2023 4:28:20 PM,Microsoft-Windows-Windows Firewall With Advanced Security,2004,None,"A rule has been added to the Windows Defender Firewall exception list.

Added Rule:
	Rule ID:	{821B5560-29C2-4FB4-9216-7AEE7B885E1E}
	Rule Name:	Xbox Game Bar Plugin
	Origin:	Local
	Active:	Yes
	Direction:	Outbound
	Profiles:	Private,Domain, Public
	Action:	Allow
	Application Path:	
	Service Name:	
	Protocol:	Any
	Security Options:	None
	Edge Traversal:	None
	Modifying User:	NT SERVICE\mpssvc
	Modifying Application:	C:\Windows\System32\svchost.exe"
Information,2/12/2023 4:28:20 PM,Microsoft-Windows-Windows Firewall With Advanced Security,2004,None,"A rule has been added to the Windows Defender Firewall exception list.

Added Rule:
	Rule ID:	{A708D5AB-9C9D-40AB-9B04-7180F1B7657F}
	Rule Name:	Xbox Game Bar Plugin
	Origin:	Local
	Active:	Yes
	Direction:	Outbound
	Profiles:	Private,Domain, Public
	Action:	Allow
	Application Path:	
	Service Name:	
	Protocol:	Any
	Security Options:	None
	Edge Traversal:	None
	Modifying User:	NT SERVICE\mpssvc
	Modifying Application:	C:\Windows\System32\svchost.exe"
Information,2/12/2023 4:28:20 PM,Microsoft-Windows-Windows Firewall With Advanced Security,2004,None,"A rule has been added to the Windows Defender Firewall exception list.

Added Rule:
	Rule ID:	{6705F818-8208-4595-AD39-9F1642B0F180}
	Rule Name:	Xbox Game Bar Plugin
	Origin:	Local
	Active:	Yes
	Direction:	Outbound
	Profiles:	Private,Domain, Public
	Action:	Block
	Application Path:	
	Service Name:	
	Protocol:	Any
	Security Options:	None
	Edge Traversal:	None
	Modifying User:	NT SERVICE\mpssvc
	Modifying Application:	C:\Windows\System32\svchost.exe"
Information,2/12/2023 4:28:20 PM,Microsoft-Windows-Windows Firewall With Advanced Security,2004,None,"A rule has been added to the Windows Defender Firewall exception list.

Added Rule:
	Rule ID:	{AC84187E-9A0F-4C04-9CDC-E352279C2DE6}
	Rule Name:	Xbox Game Bar Plugin
	Origin:	Local
	Active:	Yes
	Direction:	Inbound
	Profiles:	Private,Domain, Public
	Action:	Block
	Application Path:	
	Service Name:	
	Protocol:	Any
	Security Options:	None
	Edge Traversal:	None
	Modifying User:	NT SERVICE\mpssvc
	Modifying Application:	C:\Windows\System32\svchost.exe"
Information,2/12/2023 4:28:20 PM,Microsoft-Windows-Windows Firewall With Advanced Security,2006,None,"A rule has been deleted in the Windows Defender Firewall exception list.

Deleted Rule:
	Rule ID:	{CE242677-65C3-48FA-8E77-25FD6B1C6E83}
	Rule Name:	Xbox Game Bar Plugin
	Modifying User:	NT SERVICE\mpssvc
	Modifying Application:	C:\Windows\System32\svchost.exe"
Information,2/12/2023 4:28:20 PM,Microsoft-Windows-Windows Firewall With Advanced Security,2006,None,"A rule has been deleted in the Windows Defender Firewall exception list.

Deleted Rule:
	Rule ID:	{3EFC19F1-3C81-4E3E-A4D6-90F983597EC0}
	Rule Name:	Xbox Game Bar Plugin
	Modifying User:	NT SERVICE\mpssvc
	Modifying Application:	C:\Windows\System32\svchost.exe"
Information,2/12/2023 4:28:20 PM,Microsoft-Windows-Windows Firewall With Advanced Security,2006,None,"A rule has been deleted in the Windows Defender Firewall exception list.

Deleted Rule:
	Rule ID:	{C936C565-9564-44CE-81EA-186AE023870A}
	Rule Name:	Xbox Game Bar Plugin
	Modifying User:	NT SERVICE\mpssvc
	Modifying Application:	C:\Windows\System32\svchost.exe"
Information,2/12/2023 4:28:20 PM,Microsoft-Windows-Windows Firewall With Advanced Security,2006,None,"A rule has been deleted in the Windows Defender Firewall exception list.

Deleted Rule:
	Rule ID:	{08C1164C-2735-44E6-9095-D37D5E9C7B70}
	Rule Name:	Xbox Game Bar Plugin
	Modifying User:	NT SERVICE\mpssvc
	Modifying Application:	C:\Windows\System32\svchost.exe"
Information,2/12/2023 4:12:32 PM,Microsoft-Windows-Windows Firewall With Advanced Security,2004,None,"A rule has been added to the Windows Defender Firewall exception list.

Added Rule:
	Rule ID:	{F8BD6AD7-CC89-4A70-94B3-1A31EBDB94D9}
	Rule Name:	@{Microsoft.GetHelp_10.2212.10101.0_x64__8wekyb3d8bbwe?ms-resource://Microsoft.GetHelp/Resources/appDisplayName}
	Origin:	Local
	Active:	Yes
	Direction:	Outbound
	Profiles:	Private,Domain, Public
	Action:	Allow
	Application Path:	
	Service Name:	
	Protocol:	Any
	Security Options:	None
	Edge Traversal:	None
	Modifying User:	NT SERVICE\mpssvc
	Modifying Application:	C:\Windows\System32\svchost.exe"
Information,2/12/2023 4:12:32 PM,Microsoft-Windows-Windows Firewall With Advanced Security,2004,None,"A rule has been added to the Windows Defender Firewall exception list.

Added Rule:
	Rule ID:	{AD4E9782-8779-4AF3-9486-DEB7CFD2C6E5}
	Rule Name:	@{Microsoft.GetHelp_10.2212.10101.0_x64__8wekyb3d8bbwe?ms-resource://Microsoft.GetHelp/Resources/appDisplayName}
	Origin:	Local
	Active:	Yes
	Direction:	Outbound
	Profiles:	Private,Domain, Public
	Action:	Allow
	Application Path:	
	Service Name:	
	Protocol:	Any
	Security Options:	None
	Edge Traversal:	None
	Modifying User:	NT SERVICE\mpssvc
	Modifying Application:	C:\Windows\System32\svchost.exe"
Information,2/12/2023 4:12:32 PM,Microsoft-Windows-Windows Firewall With Advanced Security,2004,None,"A rule has been added to the Windows Defender Firewall exception list.

Added Rule:
	Rule ID:	{F2EE4E0C-FFA3-4498-AD92-A77B4AD13105}
	Rule Name:	@{Microsoft.GetHelp_10.2212.10101.0_x64__8wekyb3d8bbwe?ms-resource://Microsoft.GetHelp/Resources/appDisplayName}
	Origin:	Local
	Active:	Yes
	Direction:	Outbound
	Profiles:	Private,Domain, Public
	Action:	Block
	Application Path:	
	Service Name:	
	Protocol:	Any
	Security Options:	None
	Edge Traversal:	None
	Modifying User:	NT SERVICE\mpssvc
	Modifying Application:	C:\Windows\System32\svchost.exe"
Information,2/12/2023 4:12:32 PM,Microsoft-Windows-Windows Firewall With Advanced Security,2004,None,"A rule has been added to the Windows Defender Firewall exception list.

Added Rule:
	Rule ID:	{F1E7FB80-9B64-4162-B64B-2F56DD214D48}
	Rule Name:	@{Microsoft.GetHelp_10.2212.10101.0_x64__8wekyb3d8bbwe?ms-resource://Microsoft.GetHelp/Resources/appDisplayName}
	Origin:	Local
	Active:	Yes
	Direction:	Inbound
	Profiles:	Private,Domain, Public
	Action:	Block
	Application Path:	
	Service Name:	
	Protocol:	Any
	Security Options:	None
	Edge Traversal:	None
	Modifying User:	NT SERVICE\mpssvc
	Modifying Application:	C:\Windows\System32\svchost.exe"
Information,2/12/2023 4:12:32 PM,Microsoft-Windows-Windows Firewall With Advanced Security,2006,None,"A rule has been deleted in the Windows Defender Firewall exception list.

Deleted Rule:
	Rule ID:	{5CA30B64-BAD2-48A9-A680-65B1BAFA47B0}
	Rule Name:	@{Microsoft.GetHelp_10.1706.13331.0_x64__8wekyb3d8bbwe?ms-resource://Microsoft.GetHelp/Resources/appDisplayName}
	Modifying User:	NT SERVICE\mpssvc
	Modifying Application:	C:\Windows\System32\svchost.exe"
Information,2/12/2023 4:12:32 PM,Microsoft-Windows-Windows Firewall With Advanced Security,2006,None,"A rule has been deleted in the Windows Defender Firewall exception list.

Deleted Rule:
	Rule ID:	{59F69A64-8957-4131-98D9-10BF18954362}
	Rule Name:	@{Microsoft.GetHelp_10.1706.13331.0_x64__8wekyb3d8bbwe?ms-resource://Microsoft.GetHelp/Resources/appDisplayName}
	Modifying User:	NT SERVICE\mpssvc
	Modifying Application:	C:\Windows\System32\svchost.exe"
